<?xml version="1.0" encoding="UTF-8"?>
<testsuite name="com.example.cms.CustomerServiceTest" tests="1" skipped="0" failures="0" errors="0" timestamp="2025-08-23T08:53:28.975Z" hostname="DESKTOP-2R4BFGC" time="0.918">
  <properties/>
  <testcase name="testCreateCustomer()" classname="com.example.cms.CustomerServiceTest" time="0.918"/>
  <system-out><![CDATA[14:23:19.098 [Test worker] INFO org.springframework.test.context.support.AnnotationConfigContextLoaderUtils -- Could not detect default configuration classes for test class [com.example.cms.CustomerServiceTest]: CustomerServiceTest does not declare any static, non-private, non-final, nested classes annotated with @Configuration.
14:23:19.403 [Test worker] INFO org.springframework.boot.test.context.SpringBootTestContextBootstrapper -- Found @SpringBootConfiguration com.example.cms.CmsApplication for test class com.example.cms.CustomerServiceTest

  .   ____          _            __ _ _
 /\\ / ___'_ __ _ _(_)_ __  __ _ \ \ \ \
( ( )\___ | '_ | '_| | '_ \/ _` | \ \ \ \
 \\/  ___)| |_)| | | | | || (_| |  ) ) ) )
  '  |____| .__|_| |_|_| |_\__, | / / / /
 =========|_|==============|___/=/_/_/_/

 :: Spring Boot ::                (v3.5.5)

2025-08-23T14:23:20.669+05:30  INFO 20340 --- [CMS] [    Test worker] com.example.cms.CustomerServiceTest      : Starting CustomerServiceTest using Java 17.0.16 with PID 20340 (started by DELL in C:\Users\DELL\IdeaProjects\CMS)
2025-08-23T14:23:20.672+05:30  INFO 20340 --- [CMS] [    Test worker] com.example.cms.CustomerServiceTest      : No active profile set, falling back to 1 default profile: "default"
2025-08-23T14:23:22.491+05:30  INFO 20340 --- [CMS] [    Test worker] .s.d.r.c.RepositoryConfigurationDelegate : Bootstrapping Spring Data JPA repositories in DEFAULT mode.
2025-08-23T14:23:22.643+05:30  INFO 20340 --- [CMS] [    Test worker] .s.d.r.c.RepositoryConfigurationDelegate : Finished Spring Data repository scanning in 129 ms. Found 2 JPA repository interfaces.
2025-08-23T14:23:23.861+05:30  INFO 20340 --- [CMS] [    Test worker] o.hibernate.jpa.internal.util.LogHelper  : HHH000204: Processing PersistenceUnitInfo [name: default]
2025-08-23T14:23:24.011+05:30  INFO 20340 --- [CMS] [    Test worker] org.hibernate.Version                    : HHH000412: Hibernate ORM core version 6.6.26.Final
2025-08-23T14:23:24.085+05:30  INFO 20340 --- [CMS] [    Test worker] o.h.c.internal.RegionFactoryInitiator    : HHH000026: Second-level cache disabled
2025-08-23T14:23:24.940+05:30  INFO 20340 --- [CMS] [    Test worker] o.s.o.j.p.SpringPersistenceUnitInfo      : No LoadTimeWeaver setup: ignoring JPA class transformer
2025-08-23T14:23:25.027+05:30  INFO 20340 --- [CMS] [    Test worker] com.zaxxer.hikari.HikariDataSource       : HikariPool-1 - Starting...
2025-08-23T14:23:25.369+05:30  INFO 20340 --- [CMS] [    Test worker] com.zaxxer.hikari.pool.HikariPool        : HikariPool-1 - Added connection com.mysql.cj.jdbc.ConnectionImpl@7b29cdea
2025-08-23T14:23:25.373+05:30  INFO 20340 --- [CMS] [    Test worker] com.zaxxer.hikari.HikariDataSource       : HikariPool-1 - Start completed.
2025-08-23T14:23:25.457+05:30  WARN 20340 --- [CMS] [    Test worker] org.hibernate.orm.deprecation            : HHH90000025: MySQLDialect does not need to be specified explicitly using 'hibernate.dialect' (remove the property setting and it will be selected by default)
2025-08-23T14:23:25.498+05:30  INFO 20340 --- [CMS] [    Test worker] org.hibernate.orm.connections.pooling    : HHH10001005: Database info:
	Database JDBC URL [Connecting through datasource 'HikariDataSource (HikariPool-1)']
	Database driver: undefined/unknown
	Database version: 8.4.6
	Autocommit mode: undefined/unknown
	Isolation level: undefined/unknown
	Minimum pool size: undefined/unknown
	Maximum pool size: undefined/unknown
2025-08-23T14:23:26.771+05:30  INFO 20340 --- [CMS] [    Test worker] o.h.e.t.j.p.i.JtaPlatformInitiator       : HHH000489: No JTA platform available (set 'hibernate.transaction.jta.platform' to enable JTA platform integration)
2025-08-23T14:23:26.842+05:30  INFO 20340 --- [CMS] [    Test worker] j.LocalContainerEntityManagerFactoryBean : Initialized JPA EntityManagerFactory for persistence unit 'default'
2025-08-23T14:23:27.491+05:30  WARN 20340 --- [CMS] [    Test worker] JpaBaseConfiguration$JpaWebConfiguration : spring.jpa.open-in-view is enabled by default. Therefore, database queries may be performed during view rendering. Explicitly configure spring.jpa.open-in-view to disable this warning
2025-08-23T14:23:27.968+05:30  INFO 20340 --- [CMS] [    Test worker] r$InitializeUserDetailsManagerConfigurer : Global AuthenticationManager configured with UserDetailsService bean with name userDetailsService
2025-08-23T14:23:28.191+05:30 DEBUG 20340 --- [CMS] [    Test worker] o.s.s.web.DefaultSecurityFilterChain     : Will secure any request with filters: DisableEncodeUrlFilter, WebAsyncManagerIntegrationFilter, SecurityContextHolderFilter, HeaderWriterFilter, LogoutFilter, BasicAuthenticationFilter, RequestCacheAwareFilter, SecurityContextHolderAwareRequestFilter, AnonymousAuthenticationFilter, ExceptionTranslationFilter, AuthorizationFilter
2025-08-23T14:23:28.926+05:30  INFO 20340 --- [CMS] [    Test worker] com.example.cms.CustomerServiceTest      : Started CustomerServiceTest in 9.082 seconds (process running for 11.794)
Hibernate: insert into customers (created_at,email,first_name,last_name,phone) values (?,?,?,?,?)
]]></system-out>
  <system-err><![CDATA[]]></system-err>
</testsuite>
