<?xml version="1.0" encoding="UTF-8"?>
<testsuite xmlns:xsi="http://www.w3.org/2001/XMLSchema-instance" xsi:noNamespaceSchemaLocation="https://maven.apache.org/surefire/maven-surefire-plugin/xsd/surefire-test-report-3.0.xsd" version="3.0" name="com.example.cms.CmsApplicationTests" time="15.884" tests="1" errors="0" skipped="0" failures="0">
  <properties>
[...]
</properties>
  <testcase name="contextLoads" classname="com.example.cms.CmsApplicationTests" time="1.102">
    <system-out><![CDATA[16:38:51.654 [main] INFO org.springframework.test.context.support.AnnotationConfigContextLoaderUtils -- Could not detect default configuration classes for test class [com.example.cms.CmsApplicationTests]: CmsApplicationTests does not declare any static, non-private, non-final, nested classes annotated with @Configuration.
16:38:51.918 [main] INFO org.springframework.boot.test.context.SpringBootTestContextBootstrapper -- Found @SpringBootConfiguration com.example.cms.CmsApplication for test class com.example.cms.CmsApplicationTests

  .   ____          _            __ _ _
 /\\ / ___'_ __ _ _(_)_ __  __ _ \ \ \ \
( ( )\___ | '_ | '_| | '_ \/ _` | \ \ \ \
 \\/  ___)| |_)| | | | | || (_| |  ) ) ) )
  '  |____| .__|_| |_|_| |_\__, | / / / /
 =========|_|==============|___/=/_/_/_/
 :: Spring Boot ::                (v3.2.5)

2025-08-27T16:38:53.090+05:30  INFO 8316 --- [CMS] [           main] com.example.cms.CmsApplicationTests      : Starting CmsApplicationTests using Java 23.0.2 with PID 8316 (started by DELL in C:\Users\DELL\IdeaProjects\CMS)
2025-08-27T16:38:53.094+05:30  INFO 8316 --- [CMS] [           main] com.example.cms.CmsApplicationTests      : The following 1 profile is active: "test"
2025-08-27T16:38:53.095+05:30 DEBUG 8316 --- [CMS] [           main] o.s.boot.SpringApplication               : Loading source class com.example.cms.CmsApplication
2025-08-27T16:38:53.180+05:30 DEBUG 8316 --- [CMS] [           main] o.s.w.c.s.GenericWebApplicationContext   : Refreshing org.springframework.web.context.support.GenericWebApplicationContext@2a2bb0eb
2025-08-27T16:38:53.228+05:30 DEBUG 8316 --- [CMS] [           main] o.s.b.f.s.DefaultListableBeanFactory     : Creating shared instance of singleton bean 'org.springframework.context.annotation.internalConfigurationAnnotationProcessor'
2025-08-27T16:38:53.261+05:30 DEBUG 8316 --- [CMS] [           main] o.s.b.f.s.DefaultListableBeanFactory     : Creating shared instance of singleton bean 'org.springframework.boot.autoconfigure.internalCachingMetadataReaderFactory'
2025-08-27T16:38:53.371+05:30 DEBUG 8316 --- [CMS] [           main] o.s.c.a.ClassPathBeanDefinitionScanner   : Identified candidate component class: file [C:\Users\DELL\IdeaProjects\CMS\target\classes\com\example\cms\config\SecurityConfig.class]
2025-08-27T16:38:53.403+05:30 DEBUG 8316 --- [CMS] [           main] o.s.c.a.ClassPathBeanDefinitionScanner   : Identified candidate component class: file [C:\Users\DELL\IdeaProjects\CMS\target\classes\com\example\cms\controller\AuthController.class]
2025-08-27T16:38:53.414+05:30 DEBUG 8316 --- [CMS] [           main] o.s.c.a.ClassPathBeanDefinitionScanner   : Identified candidate component class: file [C:\Users\DELL\IdeaProjects\CMS\target\classes\com\example\cms\controller\CustomerController.class]
2025-08-27T16:38:53.419+05:30 DEBUG 8316 --- [CMS] [           main] o.s.c.a.ClassPathBeanDefinitionScanner   : Identified candidate component class: file [C:\Users\DELL\IdeaProjects\CMS\target\classes\com\example\cms\controller\ReportController.class]
2025-08-27T16:38:53.422+05:30 DEBUG 8316 --- [CMS] [           main] o.s.c.a.ClassPathBeanDefinitionScanner   : Identified candidate component class: file [C:\Users\DELL\IdeaProjects\CMS\target\classes\com\example\cms\controller\SectorController.class]
2025-08-27T16:38:53.424+05:30 DEBUG 8316 --- [CMS] [           main] o.s.c.a.ClassPathBeanDefinitionScanner   : Identified candidate component class: file [C:\Users\DELL\IdeaProjects\CMS\target\classes\com\example\cms\controller\UserController.class]
2025-08-27T16:38:53.450+05:30 DEBUG 8316 --- [CMS] [           main] o.s.c.a.ClassPathBeanDefinitionScanner   : Identified candidate component class: file [C:\Users\DELL\IdeaProjects\CMS\target\classes\com\example\cms\exception\GlobalExceptionHandler.class]
2025-08-27T16:38:53.464+05:30 DEBUG 8316 --- [CMS] [           main] o.s.c.a.ClassPathBeanDefinitionScanner   : Identified candidate component class: file [C:\Users\DELL\IdeaProjects\CMS\target\classes\com\example\cms\security\JwtTokenProvider.class]
2025-08-27T16:38:53.467+05:30 DEBUG 8316 --- [CMS] [           main] o.s.c.a.ClassPathBeanDefinitionScanner   : Identified candidate component class: file [C:\Users\DELL\IdeaProjects\CMS\target\classes\com\example\cms\service\CustomerService.class]
2025-08-27T16:38:53.469+05:30 DEBUG 8316 --- [CMS] [           main] o.s.c.a.ClassPathBeanDefinitionScanner   : Identified candidate component class: file [C:\Users\DELL\IdeaProjects\CMS\target\classes\com\example\cms\service\SectorService.class]
2025-08-27T16:38:53.473+05:30 DEBUG 8316 --- [CMS] [           main] o.s.c.a.ClassPathBeanDefinitionScanner   : Identified candidate component class: file [C:\Users\DELL\IdeaProjects\CMS\target\classes\com\example\cms\service\UserService.class]
2025-08-27T16:38:55.086+05:30  INFO 8316 --- [CMS] [           main] .s.d.r.c.RepositoryConfigurationDelegate : Bootstrapping Spring Data JPA repositories in DEFAULT mode.
2025-08-27T16:38:55.106+05:30 DEBUG 8316 --- [CMS] [           main] o.s.b.f.s.DefaultListableBeanFactory     : Creating shared instance of singleton bean 'org.springframework.boot.autoconfigure.AutoConfigurationPackages'
2025-08-27T16:38:55.123+05:30 DEBUG 8316 --- [CMS] [           main] o.s.b.a.AutoConfigurationPackages        : @EnableAutoConfiguration was declared on a class in the package 'com.example.cms'. Automatic @Repository and @Entity scanning is enabled.
2025-08-27T16:38:55.131+05:30 DEBUG 8316 --- [CMS] [           main] .s.d.r.c.RepositoryConfigurationDelegate : Scanning for JPA repositories in packages com.example.cms.
2025-08-27T16:38:55.154+05:30 DEBUG 8316 --- [CMS] [           main] o.s.d.r.c.RepositoryComponentProvider    : Identified candidate component class: file [C:\Users\DELL\IdeaProjects\CMS\target\classes\com\example\cms\repository\CustomerRepository.class]
2025-08-27T16:38:55.154+05:30 DEBUG 8316 --- [CMS] [           main] o.s.d.r.c.RepositoryComponentProvider    : Identified candidate component class: file [C:\Users\DELL\IdeaProjects\CMS\target\classes\com\example\cms\repository\SectorRepository.class]
2025-08-27T16:38:55.155+05:30 DEBUG 8316 --- [CMS] [           main] o.s.d.r.c.RepositoryComponentProvider    : Identified candidate component class: file [C:\Users\DELL\IdeaProjects\CMS\target\classes\com\example\cms\repository\UserRepository.class]
2025-08-27T16:38:55.259+05:30  INFO 8316 --- [CMS] [           main] .s.d.r.c.RepositoryConfigurationDelegate : Finished Spring Data repository scanning in 125 ms. Found 3 JPA repository interfaces.
2025-08-27T16:38:55.477+05:30 DEBUG 8316 --- [CMS] [           main] o.s.b.f.s.DefaultListableBeanFactory     : Creating shared instance of singleton bean 'springSecurityHandlerMappingIntrospectorBeanDefinitionRegistryPostProcessor'
2025-08-27T16:38:55.621+05:30 DEBUG 8316 --- [CMS] [           main] o.s.b.f.s.DefaultListableBeanFactory     : Creating shared instance of singleton bean 'propertySourcesPlaceholderConfigurer'
2025-08-27T16:38:55.627+05:30 DEBUG 8316 --- [CMS] [           main] o.s.b.f.s.DefaultListableBeanFactory     : Creating shared instance of singleton bean 'org.springframework.boot.test.mock.mockito.MockitoPostProcessor'
2025-08-27T16:38:55.629+05:30 DEBUG 8316 --- [CMS] [           main] o.s.b.f.s.DefaultListableBeanFactory     : Creating shared instance of singleton bean 'emBeanDefinitionRegistrarPostProcessor'
2025-08-27T16:38:55.629+05:30 DEBUG 8316 --- [CMS] [           main] o.s.b.f.s.DefaultListableBeanFactory     : Creating shared instance of singleton bean 'org.springframework.boot.sql.init.dependency.DatabaseInitializationDependencyConfigurer$DependsOnDatabaseInitializationPostProcessor'
2025-08-27T16:38:55.750+05:30 DEBUG 8316 --- [CMS] [           main] o.s.b.f.s.DefaultListableBeanFactory     : Creating shared instance of singleton bean 'org.springframework.context.event.internalEventListenerProcessor'
2025-08-27T16:38:55.752+05:30 DEBUG 8316 --- [CMS] [           main] o.s.b.f.s.DefaultListableBeanFactory     : Creating shared instance of singleton bean 'conversionServicePostProcessor'
2025-08-27T16:38:55.773+05:30 DEBUG 8316 --- [CMS] [           main] o.s.b.f.s.DefaultListableBeanFactory     : Creating shared instance of singleton bean 'preserveErrorControllerTargetClassPostProcessor'
2025-08-27T16:38:55.778+05:30 DEBUG 8316 --- [CMS] [           main] o.s.b.f.s.DefaultListableBeanFactory     : Creating shared instance of singleton bean 'org.springframework.context.event.internalEventListenerFactory'
2025-08-27T16:38:55.778+05:30 DEBUG 8316 --- [CMS] [           main] o.s.b.f.s.DefaultListableBeanFactory     : Creating shared instance of singleton bean 'org.springframework.transaction.config.internalTransactionalEventListenerFactory'
2025-08-27T16:38:55.784+05:30 DEBUG 8316 --- [CMS] [           main] o.s.b.f.s.DefaultListableBeanFactory     : Creating shared instance of singleton bean 'org.springframework.boot.test.mock.mockito.MockitoPostProcessor$SpyPostProcessor'
2025-08-27T16:38:55.787+05:30 DEBUG 8316 --- [CMS] [           main] o.s.b.f.s.DefaultListableBeanFactory     : Creating shared instance of singleton bean 'org.springframework.context.annotation.internalAutowiredAnnotationProcessor'
2025-08-27T16:38:55.790+05:30 DEBUG 8316 --- [CMS] [           main] o.s.b.f.s.DefaultListableBeanFactory     : Creating shared instance of singleton bean 'org.springframework.context.annotation.internalCommonAnnotationProcessor'
2025-08-27T16:38:55.800+05:30 DEBUG 8316 --- [CMS] [           main] o.s.b.f.s.DefaultListableBeanFactory     : Creating shared instance of singleton bean 'org.springframework.context.annotation.internalPersistenceAnnotationProcessor'
2025-08-27T16:38:55.801+05:30 DEBUG 8316 --- [CMS] [           main] o.s.b.f.s.DefaultListableBeanFactory     : Creating shared instance of singleton bean 'org.springframework.boot.context.properties.ConfigurationPropertiesBindingPostProcessor'
2025-08-27T16:38:55.802+05:30 DEBUG 8316 --- [CMS] [           main] o.s.b.f.s.DefaultListableBeanFactory     : Creating shared instance of singleton bean 'org.springframework.boot.context.internalConfigurationPropertiesBinder'
2025-08-27T16:38:55.807+05:30 DEBUG 8316 --- [CMS] [           main] o.s.b.f.s.DefaultListableBeanFactory     : Creating shared instance of singleton bean 'jdbcConnectionDetailsHikariBeanPostProcessor'
2025-08-27T16:38:55.815+05:30 DEBUG 8316 --- [CMS] [           main] o.s.b.f.s.DefaultListableBeanFactory     : Creating shared instance of singleton bean 'methodValidationPostProcessor'
2025-08-27T16:38:55.851+05:30 DEBUG 8316 --- [CMS] [           main] o.s.b.f.s.DefaultListableBeanFactory     : Autowiring by type from bean name 'methodValidationPostProcessor' via factory method to bean named 'environment'
2025-08-27T16:38:55.855+05:30 DEBUG 8316 --- [CMS] [           main] o.s.b.f.s.DefaultListableBeanFactory     : Creating shared instance of singleton bean 'org.springframework.boot.context.properties.EnableConfigurationPropertiesRegistrar.methodValidationExcludeFilter'
2025-08-27T16:38:55.885+05:30 DEBUG 8316 --- [CMS] [           main] o.s.b.f.s.DefaultListableBeanFactory     : Creating shared instance of singleton bean 'org.springframework.aop.config.internalAutoProxyCreator'
2025-08-27T16:38:55.914+05:30 DEBUG 8316 --- [CMS] [           main] o.s.b.f.s.DefaultListableBeanFactory     : Creating shared instance of singleton bean 'persistenceExceptionTranslationPostProcessor'
2025-08-27T16:38:55.915+05:30 DEBUG 8316 --- [CMS] [           main] o.s.b.f.s.DefaultListableBeanFactory     : Autowiring by type from bean name 'persistenceExceptionTranslationPostProcessor' via factory method to bean named 'environment'
2025-08-27T16:38:55.918+05:30 DEBUG 8316 --- [CMS] [           main] o.s.b.f.s.DefaultListableBeanFactory     : Creating shared instance of singleton bean 'webServerFactoryCustomizerBeanPostProcessor'
2025-08-27T16:38:55.919+05:30 DEBUG 8316 --- [CMS] [           main] o.s.b.f.s.DefaultListableBeanFactory     : Creating shared instance of singleton bean 'errorPageRegistrarBeanPostProcessor'
2025-08-27T16:38:55.920+05:30 DEBUG 8316 --- [CMS] [           main] o.s.b.f.s.DefaultListableBeanFactory     : Creating shared instance of singleton bean 'projectingArgumentResolverBeanPostProcessor'
2025-08-27T16:38:55.922+05:30 DEBUG 8316 --- [CMS] [           main] o.s.b.f.s.DefaultListableBeanFactory     : Creating shared instance of singleton bean 'org.springframework.transaction.config.internalTransactionAdvisor'
2025-08-27T16:38:55.922+05:30 DEBUG 8316 --- [CMS] [           main] o.s.b.f.s.DefaultListableBeanFactory     : Creating shared instance of singleton bean 'org.springframework.transaction.annotation.ProxyTransactionManagementConfiguration'
2025-08-27T16:38:55.937+05:30 DEBUG 8316 --- [CMS] [           main] o.s.b.f.s.DefaultListableBeanFactory     : Creating shared instance of singleton bean 'transactionAttributeSource'
2025-08-27T16:38:55.939+05:30 DEBUG 8316 --- [CMS] [           main] o.s.b.f.s.DefaultListableBeanFactory     : Creating shared instance of singleton bean 'transactionInterceptor'
2025-08-27T16:38:55.939+05:30 DEBUG 8316 --- [CMS] [           main] o.s.b.f.s.DefaultListableBeanFactory     : Autowiring by type from bean name 'transactionInterceptor' via factory method to bean named 'transactionAttributeSource'
2025-08-27T16:38:55.949+05:30 DEBUG 8316 --- [CMS] [           main] o.s.b.f.s.DefaultListableBeanFactory     : Autowiring by type from bean name 'org.springframework.transaction.config.internalTransactionAdvisor' via factory method to bean named 'transactionAttributeSource'
2025-08-27T16:38:55.949+05:30 DEBUG 8316 --- [CMS] [           main] o.s.b.f.s.DefaultListableBeanFactory     : Autowiring by type from bean name 'org.springframework.transaction.config.internalTransactionAdvisor' via factory method to bean named 'transactionInterceptor'
2025-08-27T16:38:55.984+05:30 DEBUG 8316 --- [CMS] [           main] o.s.u.c.s.UiApplicationContextUtils      : Unable to locate ThemeSource with name 'themeSource': using default [org.springframework.ui.context.support.ResourceBundleThemeSource@76e3b45b]
2025-08-27T16:38:55.985+05:30 DEBUG 8316 --- [CMS] [           main] o.s.b.f.s.DefaultListableBeanFactory     : Creating shared instance of singleton bean 'dataSourceScriptDatabaseInitializer'
2025-08-27T16:38:55.986+05:30 DEBUG 8316 --- [CMS] [           main] o.s.b.f.s.DefaultListableBeanFactory     : Creating shared instance of singleton bean 'org.springframework.boot.autoconfigure.sql.init.DataSourceInitializationConfiguration'
2025-08-27T16:38:55.988+05:30 DEBUG 8316 --- [CMS] [           main] o.s.b.f.s.DefaultListableBeanFactory     : Creating shared instance of singleton bean 'dataSource'
2025-08-27T16:38:55.989+05:30 DEBUG 8316 --- [CMS] [           main] o.s.b.f.s.DefaultListableBeanFactory     : Creating shared instance of singleton bean 'org.springframework.boot.autoconfigure.jdbc.DataSourceConfiguration$Hikari'
2025-08-27T16:38:55.991+05:30 DEBUG 8316 --- [CMS] [           main] o.s.b.f.s.DefaultListableBeanFactory     : Creating shared instance of singleton bean 'spring.datasource-org.springframework.boot.autoconfigure.jdbc.DataSourceProperties'
2025-08-27T16:38:55.997+05:30 DEBUG 8316 --- [CMS] [           main] o.s.b.f.s.DefaultListableBeanFactory     : Creating shared instance of singleton bean 'org.springframework.boot.context.properties.BoundConfigurationProperties'
2025-08-27T16:38:56.037+05:30 DEBUG 8316 --- [CMS] [           main] o.s.b.f.s.DefaultListableBeanFactory     : Creating shared instance of singleton bean 'jdbcConnectionDetails'
2025-08-27T16:38:56.037+05:30 DEBUG 8316 --- [CMS] [           main] o.s.b.f.s.DefaultListableBeanFactory     : Creating shared instance of singleton bean 'org.springframework.boot.autoconfigure.jdbc.DataSourceAutoConfiguration$PooledDataSourceConfiguration'
2025-08-27T16:38:56.039+05:30 DEBUG 8316 --- [CMS] [           main] o.s.b.f.s.DefaultListableBeanFactory     : Autowiring by type from bean name 'jdbcConnectionDetails' via factory method to bean named 'spring.datasource-org.springframework.boot.autoconfigure.jdbc.DataSourceProperties'
2025-08-27T16:38:56.041+05:30 DEBUG 8316 --- [CMS] [           main] o.s.b.f.s.DefaultListableBeanFactory     : Autowiring by type from bean name 'dataSource' via factory method to bean named 'spring.datasource-org.springframework.boot.autoconfigure.jdbc.DataSourceProperties'
2025-08-27T16:38:56.042+05:30 DEBUG 8316 --- [CMS] [           main] o.s.b.f.s.DefaultListableBeanFactory     : Autowiring by type from bean name 'dataSource' via factory method to bean named 'jdbcConnectionDetails'
2025-08-27T16:38:56.111+05:30 DEBUG 8316 --- [CMS] [           main] o.s.b.f.s.DefaultListableBeanFactory     : Creating shared instance of singleton bean 'spring.sql.init-org.springframework.boot.autoconfigure.sql.init.SqlInitializationProperties'
2025-08-27T16:38:56.117+05:30 DEBUG 8316 --- [CMS] [           main] o.s.b.f.s.DefaultListableBeanFactory     : Autowiring by type from bean name 'dataSourceScriptDatabaseInitializer' via factory method to bean named 'dataSource'
2025-08-27T16:38:56.118+05:30 DEBUG 8316 --- [CMS] [           main] o.s.b.f.s.DefaultListableBeanFactory     : Autowiring by type from bean name 'dataSourceScriptDatabaseInitializer' via factory method to bean named 'spring.sql.init-org.springframework.boot.autoconfigure.sql.init.SqlInitializationProperties'
2025-08-27T16:38:56.134+05:30 DEBUG 8316 --- [CMS] [           main] o.s.b.f.s.DefaultListableBeanFactory     : Creating shared instance of singleton bean 'entityManagerFactory'
2025-08-27T16:38:56.134+05:30 DEBUG 8316 --- [CMS] [           main] o.s.b.f.s.DefaultListableBeanFactory     : Creating shared instance of singleton bean 'org.springframework.boot.autoconfigure.orm.jpa.HibernateJpaConfiguration'
2025-08-27T16:38:56.139+05:30 DEBUG 8316 --- [CMS] [           main] o.s.b.f.s.DefaultListableBeanFactory     : Creating shared instance of singleton bean 'spring.jpa-org.springframework.boot.autoconfigure.orm.jpa.JpaProperties'
2025-08-27T16:38:56.152+05:30 DEBUG 8316 --- [CMS] [           main] o.s.b.f.s.DefaultListableBeanFactory     : Creating shared instance of singleton bean 'spring.jpa.hibernate-org.springframework.boot.autoconfigure.orm.jpa.HibernateProperties'
2025-08-27T16:38:56.159+05:30 DEBUG 8316 --- [CMS] [           main] o.s.b.f.s.DefaultListableBeanFactory     : Autowiring by type from bean name 'org.springframework.boot.autoconfigure.orm.jpa.HibernateJpaConfiguration' via constructor to bean named 'dataSource'
2025-08-27T16:38:56.159+05:30 DEBUG 8316 --- [CMS] [           main] o.s.b.f.s.DefaultListableBeanFactory     : Autowiring by type from bean name 'org.springframework.boot.autoconfigure.orm.jpa.HibernateJpaConfiguration' via constructor to bean named 'spring.jpa-org.springframework.boot.autoconfigure.orm.jpa.JpaProperties'
2025-08-27T16:38:56.159+05:30 DEBUG 8316 --- [CMS] [           main] o.s.b.f.s.DefaultListableBeanFactory     : Autowiring by type from bean name 'org.springframework.boot.autoconfigure.orm.jpa.HibernateJpaConfiguration' via constructor to bean named 'org.springframework.beans.factory.support.DefaultListableBeanFactory@36453307'
2025-08-27T16:38:56.160+05:30 DEBUG 8316 --- [CMS] [           main] o.s.b.f.s.DefaultListableBeanFactory     : Autowiring by type from bean name 'org.springframework.boot.autoconfigure.orm.jpa.HibernateJpaConfiguration' via constructor to bean named 'spring.jpa.hibernate-org.springframework.boot.autoconfigure.orm.jpa.HibernateProperties'
2025-08-27T16:38:56.170+05:30 DEBUG 8316 --- [CMS] [           main] o.s.b.f.s.DefaultListableBeanFactory     : Creating shared instance of singleton bean 'hikariPoolDataSourceMetadataProvider'
2025-08-27T16:38:56.171+05:30 DEBUG 8316 --- [CMS] [           main] o.s.b.f.s.DefaultListableBeanFactory     : Creating shared instance of singleton bean 'org.springframework.boot.autoconfigure.jdbc.metadata.DataSourcePoolMetadataProvidersConfiguration$HikariPoolDataSourceMetadataProviderConfiguration'
2025-08-27T16:38:56.190+05:30 DEBUG 8316 --- [CMS] [           main] o.s.b.f.s.DefaultListableBeanFactory     : Creating shared instance of singleton bean 'entityManagerFactoryBuilder'
2025-08-27T16:38:56.193+05:30 DEBUG 8316 --- [CMS] [           main] o.s.b.f.s.DefaultListableBeanFactory     : Creating shared instance of singleton bean 'jpaVendorAdapter'
2025-08-27T16:38:56.236+05:30 DEBUG 8316 --- [CMS] [           main] o.s.b.f.s.DefaultListableBeanFactory     : Autowiring by type from bean name 'entityManagerFactoryBuilder' via factory method to bean named 'jpaVendorAdapter'
2025-08-27T16:38:56.247+05:30 DEBUG 8316 --- [CMS] [           main] o.s.b.f.s.DefaultListableBeanFactory     : Creating shared instance of singleton bean 'persistenceManagedTypes'
2025-08-27T16:38:56.248+05:30 DEBUG 8316 --- [CMS] [           main] o.s.b.f.s.DefaultListableBeanFactory     : Autowiring by type from bean name 'persistenceManagedTypes' via factory method to bean named 'org.springframework.beans.factory.support.DefaultListableBeanFactory@36453307'
2025-08-27T16:38:56.249+05:30 DEBUG 8316 --- [CMS] [           main] o.s.b.f.s.DefaultListableBeanFactory     : Autowiring by type from bean name 'persistenceManagedTypes' via factory method to bean named 'org.springframework.web.context.support.GenericWebApplicationContext@2a2bb0eb'
2025-08-27T16:38:56.267+05:30 DEBUG 8316 --- [CMS] [           main] o.s.b.f.s.DefaultListableBeanFactory     : Autowiring by type from bean name 'entityManagerFactory' via factory method to bean named 'entityManagerFactoryBuilder'
2025-08-27T16:38:56.269+05:30 DEBUG 8316 --- [CMS] [           main] o.s.b.f.s.DefaultListableBeanFactory     : Autowiring by type from bean name 'entityManagerFactory' via factory method to bean named 'persistenceManagedTypes'
2025-08-27T16:38:56.306+05:30 DEBUG 8316 --- [CMS] [           main] j.LocalContainerEntityManagerFactoryBean : Building JPA container EntityManagerFactory for persistence unit 'default'
2025-08-27T16:38:56.360+05:30  INFO 8316 --- [CMS] [           main] o.hibernate.jpa.internal.util.LogHelper  : HHH000204: Processing PersistenceUnitInfo [name: default]
2025-08-27T16:38:56.570+05:30  INFO 8316 --- [CMS] [           main] org.hibernate.Version                    : HHH000412: Hibernate ORM core version 6.4.4.Final
2025-08-27T16:38:56.760+05:30  INFO 8316 --- [CMS] [           main] o.h.c.internal.RegionFactoryInitiator    : HHH000026: Second-level cache disabled
2025-08-27T16:38:58.558+05:30  INFO 8316 --- [CMS] [           main] o.s.o.j.p.SpringPersistenceUnitInfo      : No LoadTimeWeaver setup: ignoring JPA class transformer
2025-08-27T16:38:58.665+05:30  INFO 8316 --- [CMS] [           main] com.zaxxer.hikari.HikariDataSource       : HikariPool-1 - Starting...
2025-08-27T16:38:59.267+05:30  INFO 8316 --- [CMS] [           main] com.zaxxer.hikari.pool.HikariPool        : HikariPool-1 - Added connection com.mysql.cj.jdbc.ConnectionImpl@d62472f
2025-08-27T16:38:59.277+05:30  INFO 8316 --- [CMS] [           main] com.zaxxer.hikari.HikariDataSource       : HikariPool-1 - Start completed.
2025-08-27T16:38:59.392+05:30  WARN 8316 --- [CMS] [           main] org.hibernate.orm.deprecation            : HHH90000025: MySQLDialect does not need to be specified explicitly using 'hibernate.dialect' (remove the property setting and it will be selected by default)
2025-08-27T16:39:01.093+05:30  INFO 8316 --- [CMS] [           main] o.h.e.t.j.p.i.JtaPlatformInitiator       : HHH000489: No JTA platform available (set 'hibernate.transaction.jta.platform' to enable JTA platform integration)
2025-08-27T16:39:01.163+05:30 DEBUG 8316 --- [CMS] [           main] org.hibernate.SQL                        : alter table customers add column sector_id bigint
Hibernate: alter table customers add column sector_id bigint
2025-08-27T16:39:01.469+05:30 DEBUG 8316 --- [CMS] [           main] org.hibernate.SQL                        : create table sectors (id bigint not null auto_increment, name varchar(255) not null, primary key (id)) engine=InnoDB
Hibernate: create table sectors (id bigint not null auto_increment, name varchar(255) not null, primary key (id)) engine=InnoDB
2025-08-27T16:39:01.546+05:30 DEBUG 8316 --- [CMS] [           main] org.hibernate.SQL                        : alter table users add column sector_id bigint
Hibernate: alter table users add column sector_id bigint
2025-08-27T16:39:01.695+05:30 DEBUG 8316 --- [CMS] [           main] org.hibernate.SQL                        : alter table sectors drop index UK_iq2i9grkdc51iqrayhqscu5k1
Hibernate: alter table sectors drop index UK_iq2i9grkdc51iqrayhqscu5k1
2025-08-27T16:39:01.736+05:30 DEBUG 8316 --- [CMS] [           main] org.hibernate.SQL                        : alter table sectors add constraint UK_iq2i9grkdc51iqrayhqscu5k1 unique (name)
Hibernate: alter table sectors add constraint UK_iq2i9grkdc51iqrayhqscu5k1 unique (name)
2025-08-27T16:39:01.815+05:30 DEBUG 8316 --- [CMS] [           main] org.hibernate.SQL                        : alter table customers add constraint FKgldb7qvne54qnitxo49w31cyc foreign key (sector_id) references sectors (id)
Hibernate: alter table customers add constraint FKgldb7qvne54qnitxo49w31cyc foreign key (sector_id) references sectors (id)
2025-08-27T16:39:02.073+05:30 DEBUG 8316 --- [CMS] [           main] org.hibernate.SQL                        : alter table users add constraint FKsm6sv7j8yj27ns2josjloy4pl foreign key (sector_id) references sectors (id)
Hibernate: alter table users add constraint FKsm6sv7j8yj27ns2josjloy4pl foreign key (sector_id) references sectors (id)
2025-08-27T16:39:02.221+05:30  INFO 8316 --- [CMS] [           main] j.LocalContainerEntityManagerFactoryBean : Initialized JPA EntityManagerFactory for persistence unit 'default'
2025-08-27T16:39:02.228+05:30 DEBUG 8316 --- [CMS] [           main] o.s.b.f.s.DefaultListableBeanFactory     : Creating shared instance of singleton bean 'cmsApplication'
2025-08-27T16:39:02.230+05:30 DEBUG 8316 --- [CMS] [           main] o.s.b.f.s.DefaultListableBeanFactory     : Creating shared instance of singleton bean 'securityConfig'
2025-08-27T16:39:02.232+05:30 DEBUG 8316 --- [CMS] [           main] o.s.b.f.s.DefaultListableBeanFactory     : Creating shared instance of singleton bean 'jwtTokenProvider'
2025-08-27T16:39:02.261+05:30 DEBUG 8316 --- [CMS] [           main] o.s.b.f.s.DefaultListableBeanFactory     : Creating shared instance of singleton bean 'org.springframework.security.config.annotation.authentication.configuration.AuthenticationConfiguration'
2025-08-27T16:39:02.263+05:30 DEBUG 8316 --- [CMS] [           main] o.s.b.f.s.DefaultListableBeanFactory     : Creating shared instance of singleton bean 'enableGlobalAuthenticationAutowiredConfigurer'
2025-08-27T16:39:02.264+05:30 DEBUG 8316 --- [CMS] [           main] o.s.b.f.s.DefaultListableBeanFactory     : Autowiring by type from bean name 'enableGlobalAuthenticationAutowiredConfigurer' via factory method to bean named 'org.springframework.web.context.support.GenericWebApplicationContext@2a2bb0eb'
2025-08-27T16:39:02.266+05:30 DEBUG 8316 --- [CMS] [           main] o.s.b.f.s.DefaultListableBeanFactory     : Creating shared instance of singleton bean 'initializeUserDetailsBeanManagerConfigurer'
2025-08-27T16:39:02.266+05:30 DEBUG 8316 --- [CMS] [           main] o.s.b.f.s.DefaultListableBeanFactory     : Autowiring by type from bean name 'initializeUserDetailsBeanManagerConfigurer' via factory method to bean named 'org.springframework.web.context.support.GenericWebApplicationContext@2a2bb0eb'
2025-08-27T16:39:02.267+05:30 DEBUG 8316 --- [CMS] [           main] o.s.b.f.s.DefaultListableBeanFactory     : Creating shared instance of singleton bean 'initializeAuthenticationProviderBeanManagerConfigurer'
2025-08-27T16:39:02.268+05:30 DEBUG 8316 --- [CMS] [           main] o.s.b.f.s.DefaultListableBeanFactory     : Autowiring by type from bean name 'initializeAuthenticationProviderBeanManagerConfigurer' via factory method to bean named 'org.springframework.web.context.support.GenericWebApplicationContext@2a2bb0eb'
2025-08-27T16:39:02.270+05:30 DEBUG 8316 --- [CMS] [           main] o.s.b.f.s.DefaultListableBeanFactory     : Creating shared instance of singleton bean 'objectPostProcessor'
2025-08-27T16:39:02.270+05:30 DEBUG 8316 --- [CMS] [           main] o.s.b.f.s.DefaultListableBeanFactory     : Creating shared instance of singleton bean 'org.springframework.security.config.annotation.configuration.ObjectPostProcessorConfiguration'
2025-08-27T16:39:02.271+05:30 DEBUG 8316 --- [CMS] [           main] o.s.b.f.s.DefaultListableBeanFactory     : Autowiring by type from bean name 'objectPostProcessor' via factory method to bean named 'org.springframework.beans.factory.support.DefaultListableBeanFactory@36453307'
2025-08-27T16:39:02.276+05:30 DEBUG 8316 --- [CMS] [           main] o.s.b.f.s.DefaultListableBeanFactory     : Creating shared instance of singleton bean 'userRepository'
2025-08-27T16:39:02.285+05:30 DEBUG 8316 --- [CMS] [           main] o.s.b.f.s.DefaultListableBeanFactory     : Creating shared instance of singleton bean 'jpa.named-queries#0'
2025-08-27T16:39:02.288+05:30 DEBUG 8316 --- [CMS] [           main] o.s.b.f.s.DefaultListableBeanFactory     : Creating shared instance of singleton bean 'jpa.UserRepository.fragments#0'
2025-08-27T16:39:02.298+05:30 DEBUG 8316 --- [CMS] [           main] o.s.b.f.s.DefaultListableBeanFactory     : Creating shared instance of singleton bean 'jpaSharedEM_entityManagerFactory'
2025-08-27T16:39:02.402+05:30 DEBUG 8316 --- [CMS] [           main] o.s.b.f.s.DefaultListableBeanFactory     : Creating shared instance of singleton bean 'jpaMappingContext'
2025-08-27T16:39:02.403+05:30 DEBUG 8316 --- [CMS] [           main] .c.JpaMetamodelMappingContextFactoryBean : Initializing JpaMetamodelMappingContext…
2025-08-27T16:39:02.454+05:30 DEBUG 8316 --- [CMS] [           main] .c.JpaMetamodelMappingContextFactoryBean : Finished initializing JpaMetamodelMappingContext
2025-08-27T16:39:02.513+05:30 DEBUG 8316 --- [CMS] [           main] tor$SharedEntityManagerInvocationHandler : Creating new EntityManager for shared EntityManager invocation
2025-08-27T16:39:02.597+05:30 DEBUG 8316 --- [CMS] [           main] tor$SharedEntityManagerInvocationHandler : Creating new EntityManager for shared EntityManager invocation
2025-08-27T16:39:02.696+05:30 DEBUG 8316 --- [CMS] [           main] o.s.d.r.c.s.RepositoryFactorySupport     : Initializing repository instance for com.example.cms.repository.UserRepository…
2025-08-27T16:39:02.744+05:30 DEBUG 8316 --- [CMS] [           main] tor$SharedEntityManagerInvocationHandler : Creating new EntityManager for shared EntityManager invocation
2025-08-27T16:39:02.850+05:30 DEBUG 8316 --- [CMS] [           main] o.s.d.jpa.repository.query.NamedQuery    : Looking up named query User.findByUsername
2025-08-27T16:39:02.856+05:30 DEBUG 8316 --- [CMS] [           main] o.s.d.jpa.repository.query.NamedQuery    : Did not find named query User.findByUsername
2025-08-27T16:39:02.866+05:30 DEBUG 8316 --- [CMS] [           main] tor$SharedEntityManagerInvocationHandler : Creating new EntityManager for shared EntityManager invocation
2025-08-27T16:39:03.012+05:30 DEBUG 8316 --- [CMS] [           main] o.s.d.r.c.s.RepositoryFactorySupport     : Finished creation of repository instance for com.example.cms.repository.UserRepository.
2025-08-27T16:39:03.026+05:30 DEBUG 8316 --- [CMS] [           main] o.s.b.f.s.DefaultListableBeanFactory     : Autowiring by type from bean name 'securityConfig' via constructor to bean named 'jwtTokenProvider'
2025-08-27T16:39:03.027+05:30 DEBUG 8316 --- [CMS] [           main] o.s.b.f.s.DefaultListableBeanFactory     : Autowiring by type from bean name 'securityConfig' via constructor to bean named 'org.springframework.security.config.annotation.authentication.configuration.AuthenticationConfiguration'
2025-08-27T16:39:03.027+05:30 DEBUG 8316 --- [CMS] [           main] o.s.b.f.s.DefaultListableBeanFactory     : Autowiring by type from bean name 'securityConfig' via constructor to bean named 'userRepository'
2025-08-27T16:39:03.033+05:30 DEBUG 8316 --- [CMS] [           main] o.s.b.f.s.DefaultListableBeanFactory     : Creating shared instance of singleton bean 'authController'
2025-08-27T16:39:03.043+05:30 DEBUG 8316 --- [CMS] [           main] o.s.b.f.s.DefaultListableBeanFactory     : Creating shared instance of singleton bean 'authenticationManager'
2025-08-27T16:39:03.044+05:30 DEBUG 8316 --- [CMS] [           main] o.s.b.f.s.DefaultListableBeanFactory     : Creating shared instance of singleton bean 'authenticationManagerBuilder'
2025-08-27T16:39:03.045+05:30 DEBUG 8316 --- [CMS] [           main] o.s.b.f.s.DefaultListableBeanFactory     : Autowiring by type from bean name 'authenticationManagerBuilder' via factory method to bean named 'objectPostProcessor'
2025-08-27T16:39:03.045+05:30 DEBUG 8316 --- [CMS] [           main] o.s.b.f.s.DefaultListableBeanFactory     : Autowiring by type from bean name 'authenticationManagerBuilder' via factory method to bean named 'org.springframework.web.context.support.GenericWebApplicationContext@2a2bb0eb'
2025-08-27T16:39:03.047+05:30 DEBUG 8316 --- [CMS] [           main] o.s.b.f.s.DefaultListableBeanFactory     : Creating shared instance of singleton bean 'authenticationEventPublisher'
2025-08-27T16:39:03.047+05:30 DEBUG 8316 --- [CMS] [           main] o.s.b.f.s.DefaultListableBeanFactory     : Creating shared instance of singleton bean 'org.springframework.boot.autoconfigure.security.servlet.SecurityAutoConfiguration'
2025-08-27T16:39:03.049+05:30 DEBUG 8316 --- [CMS] [           main] o.s.b.f.s.DefaultListableBeanFactory     : Autowiring by type from bean name 'authenticationEventPublisher' via factory method to bean named 'org.springframework.web.context.support.GenericWebApplicationContext@2a2bb0eb'
2025-08-27T16:39:03.085+05:30 DEBUG 8316 --- [CMS] [           main] o.s.b.f.s.DefaultListableBeanFactory     : Creating shared instance of singleton bean 'userDetailsService'
2025-08-27T16:39:03.087+05:30 DEBUG 8316 --- [CMS] [           main] o.s.b.f.s.DefaultListableBeanFactory     : Creating shared instance of singleton bean 'passwordEncoder'
2025-08-27T16:39:03.134+05:30 DEBUG 8316 --- [CMS] [           main] o.s.b.f.s.DefaultListableBeanFactory     : Creating shared instance of singleton bean 'customerController'
2025-08-27T16:39:03.144+05:30 DEBUG 8316 --- [CMS] [           main] o.s.b.f.s.DefaultListableBeanFactory     : Creating shared instance of singleton bean 'customerService'
2025-08-27T16:39:03.145+05:30 DEBUG 8316 --- [CMS] [           main] o.s.b.f.s.DefaultListableBeanFactory     : Creating shared instance of singleton bean 'customerRepository'
2025-08-27T16:39:03.147+05:30 DEBUG 8316 --- [CMS] [           main] o.s.b.f.s.DefaultListableBeanFactory     : Creating shared instance of singleton bean 'jpa.named-queries#2'
2025-08-27T16:39:03.149+05:30 DEBUG 8316 --- [CMS] [           main] o.s.b.f.s.DefaultListableBeanFactory     : Creating shared instance of singleton bean 'jpa.CustomerRepository.fragments#0'
2025-08-27T16:39:03.152+05:30 DEBUG 8316 --- [CMS] [           main] tor$SharedEntityManagerInvocationHandler : Creating new EntityManager for shared EntityManager invocation
2025-08-27T16:39:03.171+05:30 DEBUG 8316 --- [CMS] [           main] o.s.d.r.c.s.RepositoryFactorySupport     : Initializing repository instance for com.example.cms.repository.CustomerRepository…
2025-08-27T16:39:03.172+05:30 DEBUG 8316 --- [CMS] [           main] tor$SharedEntityManagerInvocationHandler : Creating new EntityManager for shared EntityManager invocation
2025-08-27T16:39:03.181+05:30 DEBUG 8316 --- [CMS] [           main] o.s.d.jpa.repository.query.NamedQuery    : Looking up named query Customer.findByFirstNameContainingOrLastNameContaining
2025-08-27T16:39:03.181+05:30 DEBUG 8316 --- [CMS] [           main] o.s.d.jpa.repository.query.NamedQuery    : Did not find named query Customer.findByFirstNameContainingOrLastNameContaining
2025-08-27T16:39:03.182+05:30 DEBUG 8316 --- [CMS] [           main] tor$SharedEntityManagerInvocationHandler : Creating new EntityManager for shared EntityManager invocation
2025-08-27T16:39:03.221+05:30  INFO 8316 --- [CMS] [           main] o.s.d.j.r.query.QueryEnhancerFactory     : Hibernate is in classpath; If applicable, HQL parser will be used.
2025-08-27T16:39:03.632+05:30 DEBUG 8316 --- [CMS] [           main] o.s.d.jpa.repository.query.NamedQuery    : Did not find named query Customer.findByEmailContaining.count
2025-08-27T16:39:03.633+05:30 DEBUG 8316 --- [CMS] [           main] tor$SharedEntityManagerInvocationHandler : Creating new EntityManager for shared EntityManager invocation
2025-08-27T16:39:04.091+05:30 DEBUG 8316 --- [CMS] [           main] o.s.d.jpa.repository.query.NamedQuery    : Looking up named query Customer.findBySector
2025-08-27T16:39:04.092+05:30 DEBUG 8316 --- [CMS] [           main] o.s.d.jpa.repository.query.NamedQuery    : Did not find named query Customer.findBySector
2025-08-27T16:39:04.092+05:30 DEBUG 8316 --- [CMS] [           main] tor$SharedEntityManagerInvocationHandler : Creating new EntityManager for shared EntityManager invocation
2025-08-27T16:39:04.097+05:30 DEBUG 8316 --- [CMS] [           main] o.s.d.jpa.repository.query.NamedQuery    : Looking up named query Customer.countBySectorAndCreatedAtBetween
2025-08-27T16:39:04.098+05:30 DEBUG 8316 --- [CMS] [           main] o.s.d.jpa.repository.query.NamedQuery    : Did not find named query Customer.countBySectorAndCreatedAtBetween
2025-08-27T16:39:04.098+05:30 DEBUG 8316 --- [CMS] [           main] tor$SharedEntityManagerInvocationHandler : Creating new EntityManager for shared EntityManager invocation
2025-08-27T16:39:04.107+05:30 DEBUG 8316 --- [CMS] [           main] o.s.d.r.c.s.RepositoryFactorySupport     : Finished creation of repository instance for com.example.cms.repository.CustomerRepository.
2025-08-27T16:39:04.112+05:30 DEBUG 8316 --- [CMS] [           main] o.s.b.f.s.DefaultListableBeanFactory     : Creating shared instance of singleton bean 'reportController'
2025-08-27T16:39:04.115+05:30 DEBUG 8316 --- [CMS] [           main] o.s.b.f.s.DefaultListableBeanFactory     : Creating shared instance of singleton bean 'sectorRepository'
2025-08-27T16:39:04.117+05:30 DEBUG 8316 --- [CMS] [           main] o.s.b.f.s.DefaultListableBeanFactory     : Creating shared instance of singleton bean 'jpa.named-queries#1'
2025-08-27T16:39:04.118+05:30 DEBUG 8316 --- [CMS] [           main] o.s.b.f.s.DefaultListableBeanFactory     : Creating shared instance of singleton bean 'jpa.SectorRepository.fragments#0'
2025-08-27T16:39:04.122+05:30 DEBUG 8316 --- [CMS] [           main] tor$SharedEntityManagerInvocationHandler : Creating new EntityManager for shared EntityManager invocation
2025-08-27T16:39:04.123+05:30 DEBUG 8316 --- [CMS] [           main] o.s.d.r.c.s.RepositoryFactorySupport     : Initializing repository instance for com.example.cms.repository.SectorRepository…
2025-08-27T16:39:04.125+05:30 DEBUG 8316 --- [CMS] [           main] tor$SharedEntityManagerInvocationHandler : Creating new EntityManager for shared EntityManager invocation
2025-08-27T16:39:04.131+05:30 DEBUG 8316 --- [CMS] [           main] o.s.d.jpa.repository.query.NamedQuery    : Looking up named query Sector.findByName
2025-08-27T16:39:04.132+05:30 DEBUG 8316 --- [CMS] [           main] o.s.d.jpa.repository.query.NamedQuery    : Did not find named query Sector.findByName
2025-08-27T16:39:04.132+05:30 DEBUG 8316 --- [CMS] [           main] tor$SharedEntityManagerInvocationHandler : Creating new EntityManager for shared EntityManager invocation
2025-08-27T16:39:04.141+05:30 DEBUG 8316 --- [CMS] [           main] o.s.d.r.c.s.RepositoryFactorySupport     : Finished creation of repository instance for com.example.cms.repository.SectorRepository.
2025-08-27T16:39:04.143+05:30 DEBUG 8316 --- [CMS] [           main] o.s.b.f.s.DefaultListableBeanFactory     : Creating shared instance of singleton bean 'sectorController'
2025-08-27T16:39:04.145+05:30 DEBUG 8316 --- [CMS] [           main] o.s.b.f.s.DefaultListableBeanFactory     : Creating shared instance of singleton bean 'sectorService'
2025-08-27T16:39:04.147+05:30 DEBUG 8316 --- [CMS] [           main] o.s.b.f.s.DefaultListableBeanFactory     : Creating shared instance of singleton bean 'userController'
2025-08-27T16:39:04.149+05:30 DEBUG 8316 --- [CMS] [           main] o.s.b.f.s.DefaultListableBeanFactory     : Creating shared instance of singleton bean 'userService'
2025-08-27T16:39:04.151+05:30 DEBUG 8316 --- [CMS] [           main] o.s.b.f.s.DefaultListableBeanFactory     : Creating shared instance of singleton bean 'globalExceptionHandler'
2025-08-27T16:39:04.157+05:30 DEBUG 8316 --- [CMS] [           main] o.s.b.f.s.DefaultListableBeanFactory     : Creating shared instance of singleton bean 'org.springframework.security.config.annotation.web.configuration.WebSecurityConfiguration'
2025-08-27T16:39:04.168+05:30 DEBUG 8316 --- [CMS] [           main] o.s.b.f.s.DefaultListableBeanFactory     : Creating shared instance of singleton bean 'org.springframework.security.config.annotation.web.configuration.HttpSecurityConfiguration'
2025-08-27T16:39:04.187+05:30 DEBUG 8316 --- [CMS] [           main] o.s.b.f.s.DefaultListableBeanFactory     : Creating shared instance of singleton bean 'mvcContentNegotiationManager'
2025-08-27T16:39:04.190+05:30 DEBUG 8316 --- [CMS] [           main] o.s.b.f.s.DefaultListableBeanFactory     : Creating shared instance of singleton bean 'org.springframework.boot.autoconfigure.web.servlet.WebMvcAutoConfiguration$EnableWebMvcConfiguration'
2025-08-27T16:39:04.194+05:30 DEBUG 8316 --- [CMS] [           main] o.s.b.f.s.DefaultListableBeanFactory     : Creating shared instance of singleton bean 'spring.mvc-org.springframework.boot.autoconfigure.web.servlet.WebMvcProperties'
2025-08-27T16:39:04.203+05:30 DEBUG 8316 --- [CMS] [           main] o.s.b.f.s.DefaultListableBeanFactory     : Creating shared instance of singleton bean 'spring.web-org.springframework.boot.autoconfigure.web.WebProperties'
2025-08-27T16:39:04.210+05:30 DEBUG 8316 --- [CMS] [           main] o.s.b.f.s.DefaultListableBeanFactory     : Autowiring by type from bean name 'org.springframework.boot.autoconfigure.web.servlet.WebMvcAutoConfiguration$EnableWebMvcConfiguration' via constructor to bean named 'spring.mvc-org.springframework.boot.autoconfigure.web.servlet.WebMvcProperties'
2025-08-27T16:39:04.210+05:30 DEBUG 8316 --- [CMS] [           main] o.s.b.f.s.DefaultListableBeanFactory     : Autowiring by type from bean name 'org.springframework.boot.autoconfigure.web.servlet.WebMvcAutoConfiguration$EnableWebMvcConfiguration' via constructor to bean named 'spring.web-org.springframework.boot.autoconfigure.web.WebProperties'
2025-08-27T16:39:04.210+05:30 DEBUG 8316 --- [CMS] [           main] o.s.b.f.s.DefaultListableBeanFactory     : Autowiring by type from bean name 'org.springframework.boot.autoconfigure.web.servlet.WebMvcAutoConfiguration$EnableWebMvcConfiguration' via constructor to bean named 'org.springframework.beans.factory.support.DefaultListableBeanFactory@36453307'
2025-08-27T16:39:04.221+05:30 DEBUG 8316 --- [CMS] [           main] o.s.b.f.s.DefaultListableBeanFactory     : Creating shared instance of singleton bean 'org.springframework.security.config.annotation.web.configuration.WebMvcSecurityConfiguration'
2025-08-27T16:39:04.223+05:30 DEBUG 8316 --- [CMS] [           main] o.s.b.f.s.DefaultListableBeanFactory     : Creating shared instance of singleton bean 'org.springframework.boot.autoconfigure.web.servlet.WebMvcAutoConfiguration$WebMvcAutoConfigurationAdapter'
2025-08-27T16:39:04.226+05:30 DEBUG 8316 --- [CMS] [           main] o.s.b.f.s.DefaultListableBeanFactory     : Autowiring by type from bean name 'org.springframework.boot.autoconfigure.web.servlet.WebMvcAutoConfiguration$WebMvcAutoConfigurationAdapter' via constructor to bean named 'spring.web-org.springframework.boot.autoconfigure.web.WebProperties'
2025-08-27T16:39:04.226+05:30 DEBUG 8316 --- [CMS] [           main] o.s.b.f.s.DefaultListableBeanFactory     : Autowiring by type from bean name 'org.springframework.boot.autoconfigure.web.servlet.WebMvcAutoConfiguration$WebMvcAutoConfigurationAdapter' via constructor to bean named 'spring.mvc-org.springframework.boot.autoconfigure.web.servlet.WebMvcProperties'
2025-08-27T16:39:04.226+05:30 DEBUG 8316 --- [CMS] [           main] o.s.b.f.s.DefaultListableBeanFactory     : Autowiring by type from bean name 'org.springframework.boot.autoconfigure.web.servlet.WebMvcAutoConfiguration$WebMvcAutoConfigurationAdapter' via constructor to bean named 'org.springframework.beans.factory.support.DefaultListableBeanFactory@36453307'
2025-08-27T16:39:04.234+05:30 DEBUG 8316 --- [CMS] [           main] o.s.b.f.s.DefaultListableBeanFactory     : Creating shared instance of singleton bean 'openEntityManagerInViewInterceptorConfigurer'
2025-08-27T16:39:04.234+05:30 DEBUG 8316 --- [CMS] [           main] o.s.b.f.s.DefaultListableBeanFactory     : Creating shared instance of singleton bean 'org.springframework.boot.autoconfigure.orm.jpa.JpaBaseConfiguration$JpaWebConfiguration'
2025-08-27T16:39:04.235+05:30 DEBUG 8316 --- [CMS] [           main] o.s.b.f.s.DefaultListableBeanFactory     : Autowiring by type from bean name 'org.springframework.boot.autoconfigure.orm.jpa.JpaBaseConfiguration$JpaWebConfiguration' via constructor to bean named 'spring.jpa-org.springframework.boot.autoconfigure.orm.jpa.JpaProperties'
2025-08-27T16:39:04.236+05:30 DEBUG 8316 --- [CMS] [           main] o.s.b.f.s.DefaultListableBeanFactory     : Creating shared instance of singleton bean 'openEntityManagerInViewInterceptor'
2025-08-27T16:39:04.237+05:30  WARN 8316 --- [CMS] [           main] JpaBaseConfiguration$JpaWebConfiguration : spring.jpa.open-in-view is enabled by default. Therefore, database queries may be performed during view rendering. Explicitly configure spring.jpa.open-in-view to disable this warning
2025-08-27T16:39:04.244+05:30 DEBUG 8316 --- [CMS] [           main] o.s.b.f.s.DefaultListableBeanFactory     : Autowiring by type from bean name 'openEntityManagerInViewInterceptorConfigurer' via factory method to bean named 'openEntityManagerInViewInterceptor'
2025-08-27T16:39:04.246+05:30 DEBUG 8316 --- [CMS] [           main] o.s.b.f.s.DefaultListableBeanFactory     : Creating shared instance of singleton bean 'org.springframework.data.web.config.SpringDataWebConfiguration'
2025-08-27T16:39:04.248+05:30 DEBUG 8316 --- [CMS] [           main] o.s.b.f.s.DefaultListableBeanFactory     : Autowiring by type from bean name 'org.springframework.data.web.config.SpringDataWebConfiguration' via constructor to bean named 'org.springframework.web.context.support.GenericWebApplicationContext@2a2bb0eb'
2025-08-27T16:39:04.453+05:30 DEBUG 8316 --- [CMS] [           main] o.s.b.f.s.DefaultListableBeanFactory     : Creating shared instance of singleton bean 'mvcHandlerMappingIntrospectorRequestTransformer'
2025-08-27T16:39:04.453+05:30 DEBUG 8316 --- [CMS] [           main] o.s.b.f.s.DefaultListableBeanFactory     : Creating shared instance of singleton bean 'mvcHandlerMappingIntrospector'
2025-08-27T16:39:04.461+05:30 DEBUG 8316 --- [CMS] [           main] o.s.b.f.s.DefaultListableBeanFactory     : Creating shared instance of singleton bean 'welcomePageHandlerMapping'
2025-08-27T16:39:04.462+05:30 DEBUG 8316 --- [CMS] [           main] o.s.b.f.s.DefaultListableBeanFactory     : Creating shared instance of singleton bean 'mvcConversionService'
2025-08-27T16:39:04.486+05:30 DEBUG 8316 --- [CMS] [           main] o.s.b.f.s.DefaultListableBeanFactory     : Creating shared instance of singleton bean 'mvcResourceUrlProvider'
2025-08-27T16:39:04.490+05:30 DEBUG 8316 --- [CMS] [           main] o.s.b.f.s.DefaultListableBeanFactory     : Autowiring by type from bean name 'welcomePageHandlerMapping' via factory method to bean named 'org.springframework.web.context.support.GenericWebApplicationContext@2a2bb0eb'
2025-08-27T16:39:04.490+05:30 DEBUG 8316 --- [CMS] [           main] o.s.b.f.s.DefaultListableBeanFactory     : Autowiring by type from bean name 'welcomePageHandlerMapping' via factory method to bean named 'mvcConversionService'
2025-08-27T16:39:04.493+05:30 DEBUG 8316 --- [CMS] [           main] o.s.b.f.s.DefaultListableBeanFactory     : Autowiring by type from bean name 'welcomePageHandlerMapping' via factory method to bean named 'mvcResourceUrlProvider'
2025-08-27T16:39:04.529+05:30 DEBUG 8316 --- [CMS] [           main] o.s.b.f.s.DefaultListableBeanFactory     : Creating shared instance of singleton bean 'welcomePageNotAcceptableHandlerMapping'
2025-08-27T16:39:04.530+05:30 DEBUG 8316 --- [CMS] [           main] o.s.b.f.s.DefaultListableBeanFactory     : Autowiring by type from bean name 'welcomePageNotAcceptableHandlerMapping' via factory method to bean named 'org.springframework.web.context.support.GenericWebApplicationContext@2a2bb0eb'
2025-08-27T16:39:04.530+05:30 DEBUG 8316 --- [CMS] [           main] o.s.b.f.s.DefaultListableBeanFactory     : Autowiring by type from bean name 'welcomePageNotAcceptableHandlerMapping' via factory method to bean named 'mvcConversionService'
2025-08-27T16:39:04.530+05:30 DEBUG 8316 --- [CMS] [           main] o.s.b.f.s.DefaultListableBeanFactory     : Autowiring by type from bean name 'welcomePageNotAcceptableHandlerMapping' via factory method to bean named 'mvcResourceUrlProvider'
2025-08-27T16:39:04.540+05:30 DEBUG 8316 --- [CMS] [           main] o.s.b.f.s.DefaultListableBeanFactory     : Creating shared instance of singleton bean 'requestMappingHandlerMapping'
2025-08-27T16:39:04.544+05:30 DEBUG 8316 --- [CMS] [           main] o.s.b.f.s.DefaultListableBeanFactory     : Autowiring by type from bean name 'requestMappingHandlerMapping' via factory method to bean named 'mvcContentNegotiationManager'
2025-08-27T16:39:04.544+05:30 DEBUG 8316 --- [CMS] [           main] o.s.b.f.s.DefaultListableBeanFactory     : Autowiring by type from bean name 'requestMappingHandlerMapping' via factory method to bean named 'mvcConversionService'
2025-08-27T16:39:04.544+05:30 DEBUG 8316 --- [CMS] [           main] o.s.b.f.s.DefaultListableBeanFactory     : Autowiring by type from bean name 'requestMappingHandlerMapping' via factory method to bean named 'mvcResourceUrlProvider'
2025-08-27T16:39:04.683+05:30 DEBUG 8316 --- [CMS] [           main] s.w.s.m.m.a.RequestMappingHandlerMapping : 22 mappings in 'requestMappingHandlerMapping'
2025-08-27T16:39:04.687+05:30 DEBUG 8316 --- [CMS] [           main] o.s.b.f.s.DefaultListableBeanFactory     : Creating shared instance of singleton bean 'viewControllerHandlerMapping'
2025-08-27T16:39:04.688+05:30 DEBUG 8316 --- [CMS] [           main] o.s.b.f.s.DefaultListableBeanFactory     : Autowiring by type from bean name 'viewControllerHandlerMapping' via factory method to bean named 'mvcConversionService'
2025-08-27T16:39:04.689+05:30 DEBUG 8316 --- [CMS] [           main] o.s.b.f.s.DefaultListableBeanFactory     : Autowiring by type from bean name 'viewControllerHandlerMapping' via factory method to bean named 'mvcResourceUrlProvider'
2025-08-27T16:39:04.690+05:30 DEBUG 8316 --- [CMS] [           main] o.s.b.f.s.DefaultListableBeanFactory     : Creating shared instance of singleton bean 'beanNameHandlerMapping'
2025-08-27T16:39:04.692+05:30 DEBUG 8316 --- [CMS] [           main] o.s.b.f.s.DefaultListableBeanFactory     : Autowiring by type from bean name 'beanNameHandlerMapping' via factory method to bean named 'mvcConversionService'
2025-08-27T16:39:04.692+05:30 DEBUG 8316 --- [CMS] [           main] o.s.b.f.s.DefaultListableBeanFactory     : Autowiring by type from bean name 'beanNameHandlerMapping' via factory method to bean named 'mvcResourceUrlProvider'
2025-08-27T16:39:04.699+05:30 DEBUG 8316 --- [CMS] [           main] o.s.b.f.s.DefaultListableBeanFactory     : Creating shared instance of singleton bean 'routerFunctionMapping'
2025-08-27T16:39:04.700+05:30 DEBUG 8316 --- [CMS] [           main] o.s.b.f.s.DefaultListableBeanFactory     : Autowiring by type from bean name 'routerFunctionMapping' via factory method to bean named 'mvcConversionService'
2025-08-27T16:39:04.700+05:30 DEBUG 8316 --- [CMS] [           main] o.s.b.f.s.DefaultListableBeanFactory     : Autowiring by type from bean name 'routerFunctionMapping' via factory method to bean named 'mvcResourceUrlProvider'
2025-08-27T16:39:04.702+05:30 DEBUG 8316 --- [CMS] [           main] o.s.b.f.s.DefaultListableBeanFactory     : Creating shared instance of singleton bean 'messageConverters'
2025-08-27T16:39:04.703+05:30 DEBUG 8316 --- [CMS] [           main] o.s.b.f.s.DefaultListableBeanFactory     : Creating shared instance of singleton bean 'org.springframework.boot.autoconfigure.http.HttpMessageConvertersAutoConfiguration'
2025-08-27T16:39:04.712+05:30 DEBUG 8316 --- [CMS] [           main] o.s.b.f.s.DefaultListableBeanFactory     : Creating shared instance of singleton bean 'stringHttpMessageConverter'
2025-08-27T16:39:04.713+05:30 DEBUG 8316 --- [CMS] [           main] o.s.b.f.s.DefaultListableBeanFactory     : Creating shared instance of singleton bean 'org.springframework.boot.autoconfigure.http.HttpMessageConvertersAutoConfiguration$StringHttpMessageConverterConfiguration'
2025-08-27T16:39:04.714+05:30 DEBUG 8316 --- [CMS] [           main] o.s.b.f.s.DefaultListableBeanFactory     : Autowiring by type from bean name 'stringHttpMessageConverter' via factory method to bean named 'environment'
2025-08-27T16:39:04.722+05:30 DEBUG 8316 --- [CMS] [           main] o.s.b.f.s.DefaultListableBeanFactory     : Creating shared instance of singleton bean 'mappingJackson2HttpMessageConverter'
2025-08-27T16:39:04.723+05:30 DEBUG 8316 --- [CMS] [           main] o.s.b.f.s.DefaultListableBeanFactory     : Creating shared instance of singleton bean 'org.springframework.boot.autoconfigure.http.JacksonHttpMessageConvertersConfiguration$MappingJackson2HttpMessageConverterConfiguration'
2025-08-27T16:39:04.727+05:30 DEBUG 8316 --- [CMS] [           main] o.s.b.f.s.DefaultListableBeanFactory     : Creating shared instance of singleton bean 'jacksonObjectMapper'
2025-08-27T16:39:04.728+05:30 DEBUG 8316 --- [CMS] [           main] o.s.b.f.s.DefaultListableBeanFactory     : Creating shared instance of singleton bean 'org.springframework.boot.autoconfigure.jackson.JacksonAutoConfiguration$JacksonObjectMapperConfiguration'
2025-08-27T16:39:04.729+05:30 DEBUG 8316 --- [CMS] [           main] o.s.b.f.s.DefaultListableBeanFactory     : Creating shared instance of singleton bean 'org.springframework.boot.autoconfigure.jackson.JacksonAutoConfiguration$JacksonObjectMapperBuilderConfiguration'
2025-08-27T16:39:04.732+05:30 DEBUG 8316 --- [CMS] [           main] o.s.b.f.s.DefaultListableBeanFactory     : Creating shared instance of singleton bean 'standardJacksonObjectMapperBuilderCustomizer'
2025-08-27T16:39:04.732+05:30 DEBUG 8316 --- [CMS] [           main] o.s.b.f.s.DefaultListableBeanFactory     : Creating shared instance of singleton bean 'org.springframework.boot.autoconfigure.jackson.JacksonAutoConfiguration$Jackson2ObjectMapperBuilderCustomizerConfiguration'
2025-08-27T16:39:04.734+05:30 DEBUG 8316 --- [CMS] [           main] o.s.b.f.s.DefaultListableBeanFactory     : Creating shared instance of singleton bean 'spring.jackson-org.springframework.boot.autoconfigure.jackson.JacksonProperties'
2025-08-27T16:39:04.745+05:30 DEBUG 8316 --- [CMS] [           main] o.s.b.f.s.DefaultListableBeanFactory     : Autowiring by type from bean name 'standardJacksonObjectMapperBuilderCustomizer' via factory method to bean named 'spring.jackson-org.springframework.boot.autoconfigure.jackson.JacksonProperties'
2025-08-27T16:39:04.746+05:30 DEBUG 8316 --- [CMS] [           main] o.s.b.f.s.DefaultListableBeanFactory     : Creating shared instance of singleton bean 'parameterNamesModule'
2025-08-27T16:39:04.746+05:30 DEBUG 8316 --- [CMS] [           main] o.s.b.f.s.DefaultListableBeanFactory     : Creating shared instance of singleton bean 'org.springframework.boot.autoconfigure.jackson.JacksonAutoConfiguration$ParameterNamesModuleConfiguration'
2025-08-27T16:39:04.754+05:30 DEBUG 8316 --- [CMS] [           main] o.s.b.f.s.DefaultListableBeanFactory     : Creating shared instance of singleton bean 'jsonMixinModule'
2025-08-27T16:39:04.754+05:30 DEBUG 8316 --- [CMS] [           main] o.s.b.f.s.DefaultListableBeanFactory     : Creating shared instance of singleton bean 'org.springframework.boot.autoconfigure.jackson.JacksonAutoConfiguration$JacksonMixinConfiguration'
2025-08-27T16:39:04.756+05:30 DEBUG 8316 --- [CMS] [           main] o.s.b.f.s.DefaultListableBeanFactory     : Creating shared instance of singleton bean 'jsonMixinModuleEntries'
2025-08-27T16:39:04.756+05:30 DEBUG 8316 --- [CMS] [           main] o.s.b.f.s.DefaultListableBeanFactory     : Autowiring by type from bean name 'jsonMixinModuleEntries' via factory method to bean named 'org.springframework.web.context.support.GenericWebApplicationContext@2a2bb0eb'
2025-08-27T16:39:04.771+05:30 DEBUG 8316 --- [CMS] [           main] o.s.b.f.s.DefaultListableBeanFactory     : Autowiring by type from bean name 'jsonMixinModule' via factory method to bean named 'org.springframework.web.context.support.GenericWebApplicationContext@2a2bb0eb'
2025-08-27T16:39:04.771+05:30 DEBUG 8316 --- [CMS] [           main] o.s.b.f.s.DefaultListableBeanFactory     : Autowiring by type from bean name 'jsonMixinModule' via factory method to bean named 'jsonMixinModuleEntries'
2025-08-27T16:39:04.777+05:30 DEBUG 8316 --- [CMS] [           main] o.s.b.f.s.DefaultListableBeanFactory     : Creating shared instance of singleton bean 'jsonComponentModule'
2025-08-27T16:39:04.777+05:30 DEBUG 8316 --- [CMS] [           main] o.s.b.f.s.DefaultListableBeanFactory     : Creating shared instance of singleton bean 'org.springframework.boot.autoconfigure.jackson.JacksonAutoConfiguration'
2025-08-27T16:39:04.783+05:30 DEBUG 8316 --- [CMS] [           main] o.s.b.f.s.DefaultListableBeanFactory     : Creating shared instance of singleton bean 'jacksonGeoModule'
2025-08-27T16:39:04.783+05:30 DEBUG 8316 --- [CMS] [           main] o.s.b.f.s.DefaultListableBeanFactory     : Creating shared instance of singleton bean 'org.springframework.data.web.config.SpringDataJacksonConfiguration'
2025-08-27T16:39:04.790+05:30 DEBUG 8316 --- [CMS] [           main] o.s.b.f.s.DefaultListableBeanFactory     : Creating shared instance of singleton bean 'pageModule'
2025-08-27T16:39:04.797+05:30 DEBUG 8316 --- [CMS] [           main] o.s.b.f.s.DefaultListableBeanFactory     : Autowiring by type from bean name 'jacksonObjectMapperBuilder' via factory method to bean named 'org.springframework.web.context.support.GenericWebApplicationContext@2a2bb0eb'
2025-08-27T16:39:04.797+05:30 DEBUG 8316 --- [CMS] [           main] o.s.b.f.s.DefaultListableBeanFactory     : Autowiring by type from bean name 'jacksonObjectMapperBuilder' via factory method to bean named 'standardJacksonObjectMapperBuilderCustomizer'
2025-08-27T16:39:04.800+05:30 DEBUG 8316 --- [CMS] [           main] o.s.b.f.s.DefaultListableBeanFactory     : Autowiring by type from bean name 'jacksonObjectMapper' via factory method to bean named 'jacksonObjectMapperBuilder'
2025-08-27T16:39:04.848+05:30 DEBUG 8316 --- [CMS] [           main] o.s.b.f.s.DefaultListableBeanFactory     : Autowiring by type from bean name 'mappingJackson2HttpMessageConverter' via factory method to bean named 'jacksonObjectMapper'
2025-08-27T16:39:04.955+05:30 DEBUG 8316 --- [CMS] [           main] o.s.b.f.s.DefaultListableBeanFactory     : Creating shared instance of singleton bean 'resourceHandlerMapping'
2025-08-27T16:39:04.955+05:30 DEBUG 8316 --- [CMS] [           main] o.s.b.f.s.DefaultListableBeanFactory     : Autowiring by type from bean name 'resourceHandlerMapping' via factory method to bean named 'mvcContentNegotiationManager'
2025-08-27T16:39:04.956+05:30 DEBUG 8316 --- [CMS] [           main] o.s.b.f.s.DefaultListableBeanFactory     : Autowiring by type from bean name 'resourceHandlerMapping' via factory method to bean named 'mvcConversionService'
2025-08-27T16:39:04.956+05:30 DEBUG 8316 --- [CMS] [           main] o.s.b.f.s.DefaultListableBeanFactory     : Autowiring by type from bean name 'resourceHandlerMapping' via factory method to bean named 'mvcResourceUrlProvider'
2025-08-27T16:39:04.969+05:30 DEBUG 8316 --- [CMS] [           main] o.s.w.s.handler.SimpleUrlHandlerMapping  : Patterns [/webjars/**, /**] in 'resourceHandlerMapping'
2025-08-27T16:39:04.971+05:30 DEBUG 8316 --- [CMS] [           main] o.s.b.f.s.DefaultListableBeanFactory     : Creating shared instance of singleton bean 'defaultServletHandlerMapping'
2025-08-27T16:39:04.980+05:30 DEBUG 8316 --- [CMS] [           main] o.s.b.f.s.DefaultListableBeanFactory     : Creating shared instance of singleton bean 'securityFilterChain'
2025-08-27T16:39:04.980+05:30 DEBUG 8316 --- [CMS] [           main] o.s.b.f.s.DefaultListableBeanFactory     : Autowiring by type from bean name 'securityFilterChain' via factory method to bean named 'org.springframework.security.config.annotation.web.configuration.HttpSecurityConfiguration.httpSecurity'
2025-08-27T16:39:04.997+05:30 DEBUG 8316 --- [CMS] [           main] o.s.b.f.s.DefaultListableBeanFactory     : Creating shared instance of singleton bean 'jwtAuthenticationFilter'
2025-08-27T16:39:05.049+05:30  INFO 8316 --- [CMS] [           main] o.s.s.web.DefaultSecurityFilterChain     : Will secure any request with [org.springframework.security.web.session.DisableEncodeUrlFilter@22a89db, org.springframework.security.web.context.request.async.WebAsyncManagerIntegrationFilter@4867f5cf, org.springframework.security.web.context.SecurityContextHolderFilter@24710e61, org.springframework.security.web.header.HeaderWriterFilter@402fcf14, org.springframework.web.filter.CorsFilter@2202e978, org.springframework.security.web.authentication.logout.LogoutFilter@6903ef57, com.example.cms.security.JwtAuthenticationFilter@435848de, org.springframework.security.web.savedrequest.RequestCacheAwareFilter@209ab1d7, org.springframework.security.web.servletapi.SecurityContextHolderAwareRequestFilter@7937f96e, org.springframework.security.web.authentication.AnonymousAuthenticationFilter@381ed137, org.springframework.security.web.access.ExceptionTranslationFilter@2ff4d61b, org.springframework.security.web.access.intercept.AuthorizationFilter@1b5a3bba]
2025-08-27T16:39:05.053+05:30 DEBUG 8316 --- [CMS] [           main] o.s.b.f.s.DefaultListableBeanFactory     : Creating shared instance of singleton bean 'delegatingApplicationListener'
2025-08-27T16:39:05.054+05:30 DEBUG 8316 --- [CMS] [           main] o.s.b.f.s.DefaultListableBeanFactory     : Creating shared instance of singleton bean 'springSecurityFilterChain'
2025-08-27T16:39:05.083+05:30 DEBUG 8316 --- [CMS] [           main] o.s.b.f.s.DefaultListableBeanFactory     : Creating shared instance of singleton bean 'webSecurityExpressionHandler'
2025-08-27T16:39:05.084+05:30 DEBUG 8316 --- [CMS] [           main] o.s.b.f.s.DefaultListableBeanFactory     : Creating shared instance of singleton bean 'privilegeEvaluator'
2025-08-27T16:39:05.086+05:30 DEBUG 8316 --- [CMS] [           main] o.s.b.f.s.DefaultListableBeanFactory     : Creating shared instance of singleton bean 'requestDataValueProcessor'
2025-08-27T16:39:05.088+05:30 DEBUG 8316 --- [CMS] [           main] o.s.b.f.s.DefaultListableBeanFactory     : Creating shared instance of singleton bean 'org.springframework.boot.autoconfigure.context.PropertyPlaceholderAutoConfiguration'
2025-08-27T16:39:05.088+05:30 DEBUG 8316 --- [CMS] [           main] o.s.b.f.s.DefaultListableBeanFactory     : Creating shared instance of singleton bean 'org.springframework.boot.autoconfigure.ssl.SslAutoConfiguration'
2025-08-27T16:39:05.089+05:30 DEBUG 8316 --- [CMS] [           main] o.s.b.f.s.DefaultListableBeanFactory     : Creating shared instance of singleton bean 'spring.ssl-org.springframework.boot.autoconfigure.ssl.SslProperties'
2025-08-27T16:39:05.093+05:30 DEBUG 8316 --- [CMS] [           main] o.s.b.f.s.DefaultListableBeanFactory     : Autowiring by type from bean name 'org.springframework.boot.autoconfigure.ssl.SslAutoConfiguration' via constructor to bean named 'spring.ssl-org.springframework.boot.autoconfigure.ssl.SslProperties'
2025-08-27T16:39:05.093+05:30 DEBUG 8316 --- [CMS] [           main] o.s.b.f.s.DefaultListableBeanFactory     : Creating shared instance of singleton bean 'fileWatcher'
2025-08-27T16:39:05.095+05:30 DEBUG 8316 --- [CMS] [           main] o.s.b.f.s.DefaultListableBeanFactory     : Creating shared instance of singleton bean 'sslPropertiesSslBundleRegistrar'
2025-08-27T16:39:05.096+05:30 DEBUG 8316 --- [CMS] [           main] o.s.b.f.s.DefaultListableBeanFactory     : Autowiring by type from bean name 'sslPropertiesSslBundleRegistrar' via factory method to bean named 'fileWatcher'
2025-08-27T16:39:05.099+05:30 DEBUG 8316 --- [CMS] [           main] o.s.b.f.s.DefaultListableBeanFactory     : Creating shared instance of singleton bean 'sslBundleRegistry'
2025-08-27T16:39:05.105+05:30 DEBUG 8316 --- [CMS] [           main] o.s.b.f.s.DefaultListableBeanFactory     : Creating shared instance of singleton bean 'org.springframework.boot.autoconfigure.websocket.servlet.WebSocketServletAutoConfiguration$TomcatWebSocketConfiguration'
2025-08-27T16:39:05.106+05:30 DEBUG 8316 --- [CMS] [           main] o.s.b.f.s.DefaultListableBeanFactory     : Creating shared instance of singleton bean 'websocketServletWebServerCustomizer'
2025-08-27T16:39:05.112+05:30 DEBUG 8316 --- [CMS] [           main] o.s.b.f.s.DefaultListableBeanFactory     : Creating shared instance of singleton bean 'org.springframework.boot.autoconfigure.websocket.servlet.WebSocketServletAutoConfiguration'
2025-08-27T16:39:05.113+05:30 DEBUG 8316 --- [CMS] [           main] o.s.b.f.s.DefaultListableBeanFactory     : Creating shared instance of singleton bean 'org.springframework.boot.autoconfigure.web.servlet.ServletWebServerFactoryConfiguration$EmbeddedTomcat'
2025-08-27T16:39:05.114+05:30 DEBUG 8316 --- [CMS] [           main] o.s.b.f.s.DefaultListableBeanFactory     : Creating shared instance of singleton bean 'tomcatServletWebServerFactory'
2025-08-27T16:39:05.219+05:30 DEBUG 8316 --- [CMS] [           main] o.s.b.f.s.DefaultListableBeanFactory     : Creating shared instance of singleton bean 'servletWebServerFactoryCustomizer'
2025-08-27T16:39:05.219+05:30 DEBUG 8316 --- [CMS] [           main] o.s.b.f.s.DefaultListableBeanFactory     : Creating shared instance of singleton bean 'org.springframework.boot.autoconfigure.web.servlet.ServletWebServerFactoryAutoConfiguration'
2025-08-27T16:39:05.220+05:30 DEBUG 8316 --- [CMS] [           main] o.s.b.f.s.DefaultListableBeanFactory     : Creating shared instance of singleton bean 'server-org.springframework.boot.autoconfigure.web.ServerProperties'
2025-08-27T16:39:05.244+05:30 DEBUG 8316 --- [CMS] [           main] o.s.b.f.s.DefaultListableBeanFactory     : Autowiring by type from bean name 'servletWebServerFactoryCustomizer' via factory method to bean named 'server-org.springframework.boot.autoconfigure.web.ServerProperties'
2025-08-27T16:39:05.254+05:30 DEBUG 8316 --- [CMS] [           main] o.s.b.f.s.DefaultListableBeanFactory     : Creating shared instance of singleton bean 'tomcatServletWebServerFactoryCustomizer'
2025-08-27T16:39:05.255+05:30 DEBUG 8316 --- [CMS] [           main] o.s.b.f.s.DefaultListableBeanFactory     : Autowiring by type from bean name 'tomcatServletWebServerFactoryCustomizer' via factory method to bean named 'server-org.springframework.boot.autoconfigure.web.ServerProperties'
2025-08-27T16:39:05.257+05:30 DEBUG 8316 --- [CMS] [           main] o.s.b.f.s.DefaultListableBeanFactory     : Creating shared instance of singleton bean 'localeCharsetMappingsCustomizer'
2025-08-27T16:39:05.257+05:30 DEBUG 8316 --- [CMS] [           main] o.s.b.f.s.DefaultListableBeanFactory     : Creating shared instance of singleton bean 'org.springframework.boot.autoconfigure.web.servlet.HttpEncodingAutoConfiguration'
2025-08-27T16:39:05.258+05:30 DEBUG 8316 --- [CMS] [           main] o.s.b.f.s.DefaultListableBeanFactory     : Autowiring by type from bean name 'org.springframework.boot.autoconfigure.web.servlet.HttpEncodingAutoConfiguration' via constructor to bean named 'server-org.springframework.boot.autoconfigure.web.ServerProperties'
2025-08-27T16:39:05.276+05:30 DEBUG 8316 --- [CMS] [           main] o.s.b.f.s.DefaultListableBeanFactory     : Creating shared instance of singleton bean 'errorPageCustomizer'
2025-08-27T16:39:05.276+05:30 DEBUG 8316 --- [CMS] [           main] o.s.b.f.s.DefaultListableBeanFactory     : Creating shared instance of singleton bean 'org.springframework.boot.autoconfigure.web.servlet.error.ErrorMvcAutoConfiguration'
2025-08-27T16:39:05.277+05:30 DEBUG 8316 --- [CMS] [           main] o.s.b.f.s.DefaultListableBeanFactory     : Autowiring by type from bean name 'org.springframework.boot.autoconfigure.web.servlet.error.ErrorMvcAutoConfiguration' via constructor to bean named 'server-org.springframework.boot.autoconfigure.web.ServerProperties'
2025-08-27T16:39:05.277+05:30 DEBUG 8316 --- [CMS] [           main] o.s.b.f.s.DefaultListableBeanFactory     : Creating shared instance of singleton bean 'dispatcherServletRegistration'
2025-08-27T16:39:05.279+05:30 DEBUG 8316 --- [CMS] [           main] o.s.b.f.s.DefaultListableBeanFactory     : Creating shared instance of singleton bean 'org.springframework.boot.autoconfigure.web.servlet.DispatcherServletAutoConfiguration$DispatcherServletRegistrationConfiguration'
2025-08-27T16:39:05.280+05:30 DEBUG 8316 --- [CMS] [           main] o.s.b.f.s.DefaultListableBeanFactory     : Creating shared instance of singleton bean 'dispatcherServlet'
2025-08-27T16:39:05.280+05:30 DEBUG 8316 --- [CMS] [           main] o.s.b.f.s.DefaultListableBeanFactory     : Creating shared instance of singleton bean 'org.springframework.boot.autoconfigure.web.servlet.DispatcherServletAutoConfiguration$DispatcherServletConfiguration'
2025-08-27T16:39:05.280+05:30 DEBUG 8316 --- [CMS] [           main] o.s.b.f.s.DefaultListableBeanFactory     : Autowiring by type from bean name 'dispatcherServlet' via factory method to bean named 'spring.mvc-org.springframework.boot.autoconfigure.web.servlet.WebMvcProperties'
2025-08-27T16:39:05.313+05:30 DEBUG 8316 --- [CMS] [           main] o.s.b.f.s.DefaultListableBeanFactory     : Autowiring by type from bean name 'dispatcherServletRegistration' via factory method to bean named 'dispatcherServlet'
2025-08-27T16:39:05.314+05:30 DEBUG 8316 --- [CMS] [           main] o.s.b.f.s.DefaultListableBeanFactory     : Autowiring by type from bean name 'dispatcherServletRegistration' via factory method to bean named 'spring.mvc-org.springframework.boot.autoconfigure.web.servlet.WebMvcProperties'
2025-08-27T16:39:05.317+05:30 DEBUG 8316 --- [CMS] [           main] o.s.b.f.s.DefaultListableBeanFactory     : Creating shared instance of singleton bean 'multipartConfigElement'
2025-08-27T16:39:05.317+05:30 DEBUG 8316 --- [CMS] [           main] o.s.b.f.s.DefaultListableBeanFactory     : Creating shared instance of singleton bean 'org.springframework.boot.autoconfigure.web.servlet.MultipartAutoConfiguration'
2025-08-27T16:39:05.318+05:30 DEBUG 8316 --- [CMS] [           main] o.s.b.f.s.DefaultListableBeanFactory     : Creating shared instance of singleton bean 'spring.servlet.multipart-org.springframework.boot.autoconfigure.web.servlet.MultipartProperties'
2025-08-27T16:39:05.325+05:30 DEBUG 8316 --- [CMS] [           main] o.s.b.f.s.DefaultListableBeanFactory     : Autowiring by type from bean name 'org.springframework.boot.autoconfigure.web.servlet.MultipartAutoConfiguration' via constructor to bean named 'spring.servlet.multipart-org.springframework.boot.autoconfigure.web.servlet.MultipartProperties'
2025-08-27T16:39:05.335+05:30 DEBUG 8316 --- [CMS] [           main] o.s.b.f.s.DefaultListableBeanFactory     : Autowiring by type from bean name 'errorPageCustomizer' via factory method to bean named 'dispatcherServletRegistration'
2025-08-27T16:39:05.339+05:30 DEBUG 8316 --- [CMS] [           main] o.s.b.f.s.DefaultListableBeanFactory     : Creating shared instance of singleton bean 'org.springframework.boot.autoconfigure.web.servlet.DispatcherServletAutoConfiguration'
2025-08-27T16:39:05.339+05:30 DEBUG 8316 --- [CMS] [           main] o.s.b.f.s.DefaultListableBeanFactory     : Creating shared instance of singleton bean 'org.springframework.boot.autoconfigure.task.TaskExecutorConfigurations$ThreadPoolTaskExecutorBuilderConfiguration'
2025-08-27T16:39:05.340+05:30 DEBUG 8316 --- [CMS] [           main] o.s.b.f.s.DefaultListableBeanFactory     : Creating shared instance of singleton bean 'threadPoolTaskExecutorBuilder'
2025-08-27T16:39:05.350+05:30 DEBUG 8316 --- [CMS] [           main] o.s.b.f.s.DefaultListableBeanFactory     : Creating shared instance of singleton bean 'spring.task.execution-org.springframework.boot.autoconfigure.task.TaskExecutionProperties'
2025-08-27T16:39:05.354+05:30 DEBUG 8316 --- [CMS] [           main] o.s.b.f.s.DefaultListableBeanFactory     : Autowiring by type from bean name 'threadPoolTaskExecutorBuilder' via factory method to bean named 'spring.task.execution-org.springframework.boot.autoconfigure.task.TaskExecutionProperties'
2025-08-27T16:39:05.360+05:30 DEBUG 8316 --- [CMS] [           main] o.s.b.f.s.DefaultListableBeanFactory     : Creating shared instance of singleton bean 'org.springframework.boot.autoconfigure.task.TaskExecutorConfigurations$TaskExecutorBuilderConfiguration'
2025-08-27T16:39:05.361+05:30 DEBUG 8316 --- [CMS] [           main] o.s.b.f.s.DefaultListableBeanFactory     : Creating shared instance of singleton bean 'taskExecutorBuilder'
2025-08-27T16:39:05.362+05:30 DEBUG 8316 --- [CMS] [           main] o.s.b.f.s.DefaultListableBeanFactory     : Autowiring by type from bean name 'taskExecutorBuilder' via factory method to bean named 'spring.task.execution-org.springframework.boot.autoconfigure.task.TaskExecutionProperties'
2025-08-27T16:39:05.365+05:30 DEBUG 8316 --- [CMS] [           main] o.s.b.f.s.DefaultListableBeanFactory     : Creating shared instance of singleton bean 'org.springframework.boot.autoconfigure.task.TaskExecutorConfigurations$SimpleAsyncTaskExecutorBuilderConfiguration'
2025-08-27T16:39:05.366+05:30 DEBUG 8316 --- [CMS] [           main] o.s.b.f.s.DefaultListableBeanFactory     : Autowiring by type from bean name 'org.springframework.boot.autoconfigure.task.TaskExecutorConfigurations$SimpleAsyncTaskExecutorBuilderConfiguration' via constructor to bean named 'spring.task.execution-org.springframework.boot.autoconfigure.task.TaskExecutionProperties'
2025-08-27T16:39:05.368+05:30 DEBUG 8316 --- [CMS] [           main] o.s.b.f.s.DefaultListableBeanFactory     : Creating shared instance of singleton bean 'simpleAsyncTaskExecutorBuilder'
2025-08-27T16:39:05.371+05:30 DEBUG 8316 --- [CMS] [           main] o.s.b.f.s.DefaultListableBeanFactory     : Creating shared instance of singleton bean 'org.springframework.boot.autoconfigure.task.TaskExecutorConfigurations$TaskExecutorConfiguration'
2025-08-27T16:39:05.372+05:30 DEBUG 8316 --- [CMS] [           main] o.s.b.f.s.DefaultListableBeanFactory     : Creating shared instance of singleton bean 'org.springframework.boot.autoconfigure.task.TaskExecutionAutoConfiguration'
2025-08-27T16:39:05.372+05:30 DEBUG 8316 --- [CMS] [           main] o.s.b.f.s.DefaultListableBeanFactory     : Creating shared instance of singleton bean 'org.springframework.boot.autoconfigure.validation.ValidationAutoConfiguration'
2025-08-27T16:39:05.373+05:30 DEBUG 8316 --- [CMS] [           main] o.s.b.f.s.DefaultListableBeanFactory     : Creating shared instance of singleton bean 'defaultValidator'
2025-08-27T16:39:05.373+05:30 DEBUG 8316 --- [CMS] [           main] o.s.b.f.s.DefaultListableBeanFactory     : Autowiring by type from bean name 'defaultValidator' via factory method to bean named 'org.springframework.web.context.support.GenericWebApplicationContext@2a2bb0eb'
2025-08-27T16:39:05.393+05:30 DEBUG 8316 --- [CMS] [           main] o.s.b.f.s.DefaultListableBeanFactory     : Creating shared instance of singleton bean 'org.springframework.boot.autoconfigure.web.servlet.error.ErrorMvcAutoConfiguration$WhitelabelErrorViewConfiguration'
2025-08-27T16:39:05.395+05:30 DEBUG 8316 --- [CMS] [           main] o.s.b.f.s.DefaultListableBeanFactory     : Creating shared instance of singleton bean 'error'
2025-08-27T16:39:05.396+05:30 DEBUG 8316 --- [CMS] [           main] o.s.b.f.s.DefaultListableBeanFactory     : Creating shared instance of singleton bean 'beanNameViewResolver'
2025-08-27T16:39:05.398+05:30 DEBUG 8316 --- [CMS] [           main] o.s.b.f.s.DefaultListableBeanFactory     : Creating shared instance of singleton bean 'org.springframework.boot.autoconfigure.web.servlet.error.ErrorMvcAutoConfiguration$DefaultErrorViewResolverConfiguration'
2025-08-27T16:39:05.399+05:30 DEBUG 8316 --- [CMS] [           main] o.s.b.f.s.DefaultListableBeanFactory     : Autowiring by type from bean name 'org.springframework.boot.autoconfigure.web.servlet.error.ErrorMvcAutoConfiguration$DefaultErrorViewResolverConfiguration' via constructor to bean named 'org.springframework.web.context.support.GenericWebApplicationContext@2a2bb0eb'
2025-08-27T16:39:05.399+05:30 DEBUG 8316 --- [CMS] [           main] o.s.b.f.s.DefaultListableBeanFactory     : Autowiring by type from bean name 'org.springframework.boot.autoconfigure.web.servlet.error.ErrorMvcAutoConfiguration$DefaultErrorViewResolverConfiguration' via constructor to bean named 'spring.web-org.springframework.boot.autoconfigure.web.WebProperties'
2025-08-27T16:39:05.400+05:30 DEBUG 8316 --- [CMS] [           main] o.s.b.f.s.DefaultListableBeanFactory     : Creating shared instance of singleton bean 'conventionErrorViewResolver'
2025-08-27T16:39:05.402+05:30 DEBUG 8316 --- [CMS] [           main] o.s.b.f.s.DefaultListableBeanFactory     : Creating shared instance of singleton bean 'errorAttributes'
2025-08-27T16:39:05.404+05:30 DEBUG 8316 --- [CMS] [           main] o.s.b.f.s.DefaultListableBeanFactory     : Creating shared instance of singleton bean 'basicErrorController'
2025-08-27T16:39:05.406+05:30 DEBUG 8316 --- [CMS] [           main] o.s.b.f.s.DefaultListableBeanFactory     : Autowiring by type from bean name 'basicErrorController' via factory method to bean named 'errorAttributes'
2025-08-27T16:39:05.413+05:30 DEBUG 8316 --- [CMS] [           main] o.s.b.f.s.DefaultListableBeanFactory     : Creating shared instance of singleton bean 'localeResolver'
2025-08-27T16:39:05.416+05:30 DEBUG 8316 --- [CMS] [           main] o.s.b.f.s.DefaultListableBeanFactory     : Creating shared instance of singleton bean 'themeResolver'
[...]
      Matched:
         - @ConditionalOnClass found required class 'org.springframework.security.authentication.ReactiveAuthenticationManager' (OnClassCondition)
         - AnyNestedCondition 1 matched 2 did not; NestedCondition on ReactiveUserDetailsServiceAutoConfiguration.MissingAlternativeOrUserPropertiesConfigured.PasswordConfigured @ConditionalOnProperty (spring.security.user.password) did not find property 'password'; NestedCondition on ReactiveUserDetailsServiceAutoConfiguration.MissingAlternativeOrUserPropertiesConfigured.NameConfigured @ConditionalOnProperty (spring.security.user.name) did not find property 'name'; NestedCondition on ReactiveUserDetailsServiceAutoConfiguration.MissingAlternativeOrUserPropertiesConfigured.MissingAlternative @ConditionalOnMissingClass did not find unwanted classes 'org.springframework.security.oauth2.client.registration.ClientRegistrationRepository', 'org.springframework.security.oauth2.server.resource.introspection.ReactiveOpaqueTokenIntrospector' (ReactiveUserDetailsServiceAutoConfiguration.MissingAlternativeOrUserPropertiesConfigured)

   ReactiveWebServerFactoryAutoConfiguration:
      Did not match:
         - @ConditionalOnWebApplication did not find reactive web application classes (OnWebApplicationCondition)

   ReactorAutoConfiguration:
      Did not match:
         - @ConditionalOnClass did not find required class 'reactor.core.publisher.Hooks' (OnClassCondition)

   RedisAutoConfiguration:
      Did not match:
         - @ConditionalOnClass did not find required class 'org.springframework.data.redis.core.RedisOperations' (OnClassCondition)

   RedisCacheConfiguration:
      Did not match:
         - @ConditionalOnClass did not find required class 'org.springframework.data.redis.connection.RedisConnectionFactory' (OnClassCondition)

   RedisReactiveAutoConfiguration:
      Did not match:
         - @ConditionalOnClass did not find required class 'reactor.core.publisher.Flux' (OnClassCondition)

   RedisRepositoriesAutoConfiguration:
      Did not match:
         - @ConditionalOnClass did not find required class 'org.springframework.data.redis.repository.configuration.EnableRedisRepositories' (OnClassCondition)

   RepositoryRestMvcAutoConfiguration:
      Did not match:
         - @ConditionalOnClass did not find required class 'org.springframework.data.rest.webmvc.config.RepositoryRestMvcConfiguration' (OnClassCondition)

   Saml2RelyingPartyAutoConfiguration:
      Did not match:
         - @ConditionalOnClass did not find required class 'org.springframework.security.saml2.provider.service.registration.RelyingPartyRegistrationRepository' (OnClassCondition)

   SecurityDataConfiguration:
      Did not match:
         - @ConditionalOnClass did not find required class 'org.springframework.security.data.repository.query.SecurityEvaluationContextExtension' (OnClassCondition)

   SendGridAutoConfiguration:
      Did not match:
         - @ConditionalOnClass did not find required class 'com.sendgrid.SendGrid' (OnClassCondition)

   ServletWebServerFactoryAutoConfiguration.ForwardedHeaderFilterConfiguration:
      Did not match:
         - @ConditionalOnProperty (server.forward-headers-strategy=framework) did not find property 'server.forward-headers-strategy' (OnPropertyCondition)

   ServletWebServerFactoryConfiguration.EmbeddedJetty:
      Did not match:
         - @ConditionalOnClass did not find required classes 'org.eclipse.jetty.server.Server', 'org.eclipse.jetty.util.Loader', 'org.eclipse.jetty.ee10.webapp.WebAppContext' (OnClassCondition)

   ServletWebServerFactoryConfiguration.EmbeddedUndertow:
      Did not match:
         - @ConditionalOnClass did not find required classes 'io.undertow.Undertow', 'org.xnio.SslClientAuthMode' (OnClassCondition)

   SessionAutoConfiguration:
      Did not match:
         - @ConditionalOnClass did not find required class 'org.springframework.session.Session' (OnClassCondition)

   SpringApplicationAdminJmxAutoConfiguration:
      Did not match:
         - @ConditionalOnProperty (spring.application.admin.enabled=true) did not find property 'enabled' (OnPropertyCondition)

   SpringBootWebSecurityConfiguration.SecurityFilterChainConfiguration:
      Did not match:
         - AllNestedConditions 1 matched 1 did not; NestedCondition on DefaultWebSecurityCondition.Beans @ConditionalOnMissingBean (types: org.springframework.security.web.SecurityFilterChain; SearchStrategy: all) found beans of type 'org.springframework.security.web.SecurityFilterChain' securityFilterChain; NestedCondition on DefaultWebSecurityCondition.Classes @ConditionalOnClass found required classes 'org.springframework.security.web.SecurityFilterChain', 'org.springframework.security.config.annotation.web.builders.HttpSecurity' (DefaultWebSecurityCondition)

   SpringBootWebSecurityConfiguration.WebSecurityEnablerConfiguration:
      Did not match:
         - @ConditionalOnMissingBean (names: springSecurityFilterChain; SearchStrategy: all) found beans named springSecurityFilterChain (OnBeanCondition)
      Matched:
         - @ConditionalOnClass found required class 'org.springframework.security.config.annotation.web.configuration.EnableWebSecurity' (OnClassCondition)

   TaskExecutorConfigurations.SimpleAsyncTaskExecutorBuilderConfiguration#simpleAsyncTaskExecutorBuilderVirtualThreads:
      Did not match:
         - @ConditionalOnMissingBean (types: org.springframework.boot.task.SimpleAsyncTaskExecutorBuilder; SearchStrategy: all) found beans of type 'org.springframework.boot.task.SimpleAsyncTaskExecutorBuilder' simpleAsyncTaskExecutorBuilder (OnBeanCondition)

   TaskExecutorConfigurations.TaskExecutorConfiguration#applicationTaskExecutorVirtualThreads:
      Did not match:
         - @ConditionalOnThreading did not find VIRTUAL (OnThreadingCondition)

   TaskSchedulingAutoConfiguration#scheduledBeanLazyInitializationExcludeFilter:
      Did not match:
         - @ConditionalOnBean (names: org.springframework.context.annotation.internalScheduledAnnotationProcessor; SearchStrategy: all) did not find any beans named org.springframework.context.annotation.internalScheduledAnnotationProcessor (OnBeanCondition)

   TaskSchedulingConfigurations.SimpleAsyncTaskSchedulerBuilderConfiguration#simpleAsyncTaskSchedulerBuilderVirtualThreads:
      Did not match:
         - @ConditionalOnMissingBean (types: org.springframework.boot.task.SimpleAsyncTaskSchedulerBuilder; SearchStrategy: all) found beans of type 'org.springframework.boot.task.SimpleAsyncTaskSchedulerBuilder' simpleAsyncTaskSchedulerBuilder (OnBeanCondition)

   TaskSchedulingConfigurations.TaskSchedulerConfiguration:
      Did not match:
         - @ConditionalOnBean (names: org.springframework.context.annotation.internalScheduledAnnotationProcessor; SearchStrategy: all) did not find any beans named org.springframework.context.annotation.internalScheduledAnnotationProcessor (OnBeanCondition)

   ThymeleafAutoConfiguration:
      Did not match:
         - @ConditionalOnClass did not find required class 'org.thymeleaf.spring6.SpringTemplateEngine' (OnClassCondition)

   TransactionAutoConfiguration#transactionalOperator:
      Did not match:
         - @ConditionalOnSingleCandidate (types: org.springframework.transaction.ReactiveTransactionManager; SearchStrategy: all) did not find any beans (OnBeanCondition)

   TransactionAutoConfiguration.AspectJTransactionManagementConfiguration:
      Did not match:
         - @ConditionalOnBean (types: org.springframework.transaction.aspectj.AbstractTransactionAspect; SearchStrategy: all) did not find any beans of type org.springframework.transaction.aspectj.AbstractTransactionAspect (OnBeanCondition)

   TransactionAutoConfiguration.EnableTransactionManagementConfiguration.JdkDynamicAutoProxyConfiguration:
      Did not match:
         - @ConditionalOnProperty (spring.aop.proxy-target-class=false) did not find property 'proxy-target-class' (OnPropertyCondition)

   UserDetailsServiceAutoConfiguration:
      Did not match:
         - @ConditionalOnMissingBean (types: org.springframework.security.authentication.AuthenticationManager,org.springframework.security.authentication.AuthenticationProvider,org.springframework.security.core.userdetails.UserDetailsService,org.springframework.security.authentication.AuthenticationManagerResolver,org.springframework.security.oauth2.jwt.JwtDecoder; SearchStrategy: all) found beans of type 'org.springframework.security.authentication.AuthenticationManager' authenticationManager and found beans of type 'org.springframework.security.core.userdetails.UserDetailsService' userDetailsService (OnBeanCondition)
      Matched:
         - @ConditionalOnClass found required class 'org.springframework.security.authentication.AuthenticationManager' (OnClassCondition)
         - AnyNestedCondition 1 matched 2 did not; NestedCondition on UserDetailsServiceAutoConfiguration.MissingAlternativeOrUserPropertiesConfigured.PasswordConfigured @ConditionalOnProperty (spring.security.user.password) did not find property 'password'; NestedCondition on UserDetailsServiceAutoConfiguration.MissingAlternativeOrUserPropertiesConfigured.NameConfigured @ConditionalOnProperty (spring.security.user.name) did not find property 'name'; NestedCondition on UserDetailsServiceAutoConfiguration.MissingAlternativeOrUserPropertiesConfigured.MissingAlternative @ConditionalOnMissingClass did not find unwanted classes 'org.springframework.security.oauth2.client.registration.ClientRegistrationRepository', 'org.springframework.security.oauth2.server.resource.introspection.OpaqueTokenIntrospector', 'org.springframework.security.saml2.provider.service.registration.RelyingPartyRegistrationRepository' (UserDetailsServiceAutoConfiguration.MissingAlternativeOrUserPropertiesConfigured)

   WebClientAutoConfiguration:
      Did not match:
         - @ConditionalOnClass did not find required class 'org.springframework.web.reactive.function.client.WebClient' (OnClassCondition)

   WebFluxAutoConfiguration:
      Did not match:
         - @ConditionalOnClass did not find required class 'org.springframework.web.reactive.config.WebFluxConfigurer' (OnClassCondition)

   WebMvcAutoConfiguration#hiddenHttpMethodFilter:
      Did not match:
         - @ConditionalOnProperty (spring.mvc.hiddenmethod.filter.enabled) did not find property 'enabled' (OnPropertyCondition)

   WebMvcAutoConfiguration.ProblemDetailsErrorHandlingConfiguration:
      Did not match:
         - @ConditionalOnProperty (spring.mvc.problemdetails.enabled=true) did not find property 'enabled' (OnPropertyCondition)

   WebMvcAutoConfiguration.ResourceChainCustomizerConfiguration:
      Did not match:
         - @ConditionalOnEnabledResourceChain did not find class org.webjars.WebJarAssetLocator (OnEnabledResourceChainCondition)

   WebMvcAutoConfiguration.WebMvcAutoConfigurationAdapter#beanNameViewResolver:
      Did not match:
         - @ConditionalOnMissingBean (types: org.springframework.web.servlet.view.BeanNameViewResolver; SearchStrategy: all) found beans of type 'org.springframework.web.servlet.view.BeanNameViewResolver' beanNameViewResolver (OnBeanCondition)

   WebServiceTemplateAutoConfiguration:
      Did not match:
         - @ConditionalOnClass did not find required class 'org.springframework.oxm.Marshaller' (OnClassCondition)

   WebServicesAutoConfiguration:
      Did not match:
         - @ConditionalOnClass did not find required class 'org.springframework.ws.transport.http.MessageDispatcherServlet' (OnClassCondition)

   WebSessionIdResolverAutoConfiguration:
      Did not match:
         - @ConditionalOnClass did not find required class 'reactor.core.publisher.Mono' (OnClassCondition)

   WebSocketMessagingAutoConfiguration:
      Did not match:
         - @ConditionalOnClass did not find required class 'org.springframework.web.socket.config.annotation.WebSocketMessageBrokerConfigurer' (OnClassCondition)

   WebSocketReactiveAutoConfiguration:
      Did not match:
         - @ConditionalOnWebApplication did not find reactive web application classes (OnWebApplicationCondition)

   WebSocketServletAutoConfiguration.JettyWebSocketConfiguration:
      Did not match:
         - @ConditionalOnClass did not find required class 'org.eclipse.jetty.ee10.websocket.jakarta.server.config.JakartaWebSocketServletContainerInitializer' (OnClassCondition)

   WebSocketServletAutoConfiguration.UndertowWebSocketConfiguration:
      Did not match:
         - @ConditionalOnClass did not find required class 'io.undertow.websockets.jsr.Bootstrap' (OnClassCondition)

   XADataSourceAutoConfiguration:
      Did not match:
         - @ConditionalOnBean (types: org.springframework.boot.jdbc.XADataSourceWrapper; SearchStrategy: all) did not find any beans of type org.springframework.boot.jdbc.XADataSourceWrapper (OnBeanCondition)
      Matched:
         - @ConditionalOnClass found required classes 'javax.sql.DataSource', 'jakarta.transaction.TransactionManager', 'org.springframework.jdbc.datasource.embedded.EmbeddedDatabaseType' (OnClassCondition)


Exclusions:
-----------

    None


Unconditional classes:
----------------------

    org.springframework.boot.autoconfigure.context.ConfigurationPropertiesAutoConfiguration

    org.springframework.boot.autoconfigure.ssl.SslAutoConfiguration

    org.springframework.boot.autoconfigure.context.LifecycleAutoConfiguration

    org.springframework.boot.autoconfigure.context.PropertyPlaceholderAutoConfiguration

    org.springframework.boot.autoconfigure.availability.ApplicationAvailabilityAutoConfiguration

    org.springframework.boot.autoconfigure.info.ProjectInfoAutoConfiguration



2025-08-27T16:39:05.949+05:30  INFO 8316 --- [CMS] [           main] com.example.cms.CmsApplicationTests      : Started CmsApplicationTests in 13.613 seconds (process running for 16.083)
2025-08-27T16:39:05.951+05:30 DEBUG 8316 --- [CMS] [           main] o.s.b.a.ApplicationAvailabilityBean      : Application availability state LivenessState changed to CORRECT
2025-08-27T16:39:05.955+05:30 DEBUG 8316 --- [CMS] [           main] o.s.b.a.ApplicationAvailabilityBean      : Application availability state ReadinessState changed to ACCEPTING_TRAFFIC
2025-08-27T16:39:05.961+05:30 DEBUG 8316 --- [CMS] [           main] org.springframework.test.context.cache   : Spring test ApplicationContext cache statistics: [DefaultContextCache@7b88dd58 size = 1, maxSize = 32, parentContextCount = 0, hitCount = 0, missCount = 1, failureCount = 0]
2025-08-27T16:39:05.961+05:30 DEBUG 8316 --- [CMS] [           main] o.s.t.c.w.ServletTestExecutionListener   : Setting up MockHttpServletRequest, MockHttpServletResponse, ServletWebRequest, and RequestContextHolder for test class com.example.cms.CmsApplicationTests
2025-08-27T16:39:05.993+05:30 DEBUG 8316 --- [CMS] [           main] DependencyInjectionTestExecutionListener : Performing dependency injection for test class com.example.cms.CmsApplicationTests
2025-08-27T16:39:05.994+05:30 DEBUG 8316 --- [CMS] [           main] org.springframework.test.context.cache   : Spring test ApplicationContext cache statistics: [DefaultContextCache@7b88dd58 size = 1, maxSize = 32, parentContextCount = 0, hitCount = 1, missCount = 1, failureCount = 0]
2025-08-27T16:39:05.996+05:30 DEBUG 8316 --- [CMS] [           main] org.springframework.test.context.cache   : Spring test ApplicationContext cache statistics: [DefaultContextCache@7b88dd58 size = 1, maxSize = 32, parentContextCount = 0, hitCount = 2, missCount = 1, failureCount = 0]
2025-08-27T16:39:06.018+05:30 DEBUG 8316 --- [CMS] [           main] sContextBeforeModesTestExecutionListener : Before test method: class [CmsApplicationTests], method [contextLoads], class annotated with @DirtiesContext [false] with mode [null], method annotated with @DirtiesContext [false] with mode [null]
2025-08-27T16:39:06.021+05:30 DEBUG 8316 --- [CMS] [           main] org.springframework.test.context.cache   : Spring test ApplicationContext cache statistics: [DefaultContextCache@7b88dd58 size = 1, maxSize = 32, parentContextCount = 0, hitCount = 3, missCount = 1, failureCount = 0]
2025-08-27T16:39:06.021+05:30 DEBUG 8316 --- [CMS] [           main] org.springframework.test.context.cache   : Spring test ApplicationContext cache statistics: [DefaultContextCache@7b88dd58 size = 1, maxSize = 32, parentContextCount = 0, hitCount = 4, missCount = 1, failureCount = 0]
2025-08-27T16:39:07.065+05:30 DEBUG 8316 --- [CMS] [           main] org.springframework.test.context.cache   : Spring test ApplicationContext cache statistics: [DefaultContextCache@7b88dd58 size = 1, maxSize = 32, parentContextCount = 0, hitCount = 5, missCount = 1, failureCount = 0]
2025-08-27T16:39:07.075+05:30 DEBUG 8316 --- [CMS] [           main] org.springframework.test.context.cache   : Spring test ApplicationContext cache statistics: [DefaultContextCache@7b88dd58 size = 1, maxSize = 32, parentContextCount = 0, hitCount = 6, missCount = 1, failureCount = 0]
2025-08-27T16:39:07.076+05:30 DEBUG 8316 --- [CMS] [           main] org.springframework.test.context.cache   : Spring test ApplicationContext cache statistics: [DefaultContextCache@7b88dd58 size = 1, maxSize = 32, parentContextCount = 0, hitCount = 7, missCount = 1, failureCount = 0]
2025-08-27T16:39:07.076+05:30 DEBUG 8316 --- [CMS] [           main] org.springframework.test.context.cache   : Spring test ApplicationContext cache statistics: [DefaultContextCache@7b88dd58 size = 1, maxSize = 32, parentContextCount = 0, hitCount = 8, missCount = 1, failureCount = 0]
2025-08-27T16:39:07.079+05:30 DEBUG 8316 --- [CMS] [           main] org.springframework.test.context.cache   : Spring test ApplicationContext cache statistics: [DefaultContextCache@7b88dd58 size = 1, maxSize = 32, parentContextCount = 0, hitCount = 9, missCount = 1, failureCount = 0]
2025-08-27T16:39:07.080+05:30 DEBUG 8316 --- [CMS] [           main] org.springframework.test.context.cache   : Spring test ApplicationContext cache statistics: [DefaultContextCache@7b88dd58 size = 1, maxSize = 32, parentContextCount = 0, hitCount = 10, missCount = 1, failureCount = 0]
2025-08-27T16:39:07.083+05:30 DEBUG 8316 --- [CMS] [           main] org.springframework.test.context.cache   : Spring test ApplicationContext cache statistics: [DefaultContextCache@7b88dd58 size = 1, maxSize = 32, parentContextCount = 0, hitCount = 11, missCount = 1, failureCount = 0]
2025-08-27T16:39:07.084+05:30 DEBUG 8316 --- [CMS] [           main] .c.s.DirtiesContextTestExecutionListener : After test method: class [CmsApplicationTests], method [contextLoads], class annotated with @DirtiesContext [false] with mode [null], method annotated with @DirtiesContext [false] with mode [null]
2025-08-27T16:39:07.084+05:30 DEBUG 8316 --- [CMS] [           main] o.s.t.c.w.ServletTestExecutionListener   : Resetting RequestContextHolder for test class com.example.cms.CmsApplicationTests
]]></system-out>
    <system-err><![CDATA[WARNING: A Java agent has been loaded dynamically (C:\Users\DELL\.m2\repository\net\bytebuddy\byte-buddy-agent\1.14.13\byte-buddy-agent-1.14.13.jar)
WARNING: If a serviceability tool is in use, please run with -XX:+EnableDynamicAgentLoading to hide this warning
WARNING: If a serviceability tool is not in use, please run with -Djdk.instrument.traceUsage for more information
WARNING: Dynamic loading of agents will be disallowed by default in a future release
]]></system-err>
  </testcase>
</testsuite>