<?xml version="1.0" encoding="UTF-8"?>
<testsuite xmlns:xsi="http://www.w3.org/2001/XMLSchema-instance" xsi:noNamespaceSchemaLocation="https://maven.apache.org/surefire/maven-surefire-plugin/xsd/surefire-test-report-3.0.xsd" version="3.0" name="com.example.cms.CmsApplicationTests" time="5.2" tests="1" errors="0" skipped="0" failures="0">
  <properties>
[...]
</properties>
  <testcase name="contextLoads" classname="com.example.cms.CmsApplicationTests" time="0.316">
    <system-out><![CDATA[19:56:38.962 [main] INFO org.springframework.test.context.support.AnnotationConfigContextLoaderUtils -- Could not detect default configuration classes for test class [com.example.cms.CmsApplicationTests]: CmsApplicationTests does not declare any static, non-private, non-final, nested classes annotated with @Configuration.
19:56:39.053 [main] INFO org.springframework.boot.test.context.SpringBootTestContextBootstrapper -- Found @SpringBootConfiguration com.example.cms.CmsApplication for test class com.example.cms.CmsApplicationTests
  .   ____          _            __ _ _
 /\\ / ___'_ __ _ _(_)_ __  __ _ \ \ \ \
( ( )\___ | '_ | '_| | '_ \/ _` | \ \ \ \
 \\/  ___)| |_)| | | | | || (_| |  ) ) ) )
  '  |____| .__|_| |_|_| |_\__, | / / / /
 =========|_|==============|___/=/_/_/_/

 :: Spring Boot ::                (v3.3.0)

2025-09-06T19:56:39.420+05:30  INFO 21568 --- [CMS] [           main] com.example.cms.CmsApplicationTests      : Starting CmsApplicationTests using Java 23.0.2 with PID 21568 (started by coriu in d:\ALL projects\IOMP\cms)
2025-09-06T19:56:39.421+05:30  INFO 21568 --- [CMS] [           main] com.example.cms.CmsApplicationTests      : The following 1 profile is active: "test"
2025-09-06T19:56:39.422+05:30 DEBUG 21568 --- [CMS] [           main] o.s.boot.SpringApplication               : Loading source class com.example.cms.CmsApplication
2025-09-06T19:56:39.452+05:30 DEBUG 21568 --- [CMS] [           main] o.s.w.c.s.GenericWebApplicationContext   : Refreshing org.springframework.web.context.support.GenericWebApplicationContext@74d7184a
2025-09-06T19:56:39.466+05:30 DEBUG 21568 --- [CMS] [           main] o.s.b.f.s.DefaultListableBeanFactory     : Creating shared instance of singleton bean 'org.springframework.context.annotation.internalConfigurationAnnotationProcessor'
2025-09-06T19:56:39.476+05:30 DEBUG 21568 --- [CMS] [           main] o.s.b.f.s.DefaultListableBeanFactory     : Creating shared instance of singleton bean 'org.springframework.boot.autoconfigure.internalCachingMetadataReaderFactory'
2025-09-06T19:56:39.512+05:30 DEBUG 21568 --- [CMS] [           main] o.s.c.a.ClassPathBeanDefinitionScanner   : Identified candidate component class: file [d:\ALL projects\IOMP\cms\target\classes\com\example\cms\config\SecurityConfig.class]
2025-09-06T19:56:39.526+05:30 DEBUG 21568 --- [CMS] [           main] o.s.c.a.ClassPathBeanDefinitionScanner   : Identified candidate component class: file [d:\ALL projects\IOMP\cms\target\classes\com\example\cms\controller\AuthController.class]
2025-09-06T19:56:39.531+05:30 DEBUG 21568 --- [CMS] [           main] o.s.c.a.ClassPathBeanDefinitionScanner   : Identified candidate component class: file [d:\ALL projects\IOMP\cms\target\classes\com\example\cms\controller\CustomerController.class]
2025-09-06T19:56:39.533+05:30 DEBUG 21568 --- [CMS] [           main] o.s.c.a.ClassPathBeanDefinitionScanner   : Identified candidate component class: file [d:\ALL projects\IOMP\cms\target\classes\com\example\cms\controller\ReportController.class]
2025-09-06T19:56:39.534+05:30 DEBUG 21568 --- [CMS] [           main] o.s.c.a.ClassPathBeanDefinitionScanner   : Identified candidate component class: file [d:\ALL projects\IOMP\cms\target\classes\com\example\cms\controller\SectorController.class]
2025-09-06T19:56:39.534+05:30 DEBUG 21568 --- [CMS] [           main] o.s.c.a.ClassPathBeanDefinitionScanner   : Identified candidate component class: file [d:\ALL projects\IOMP\cms\target\classes\com\example\cms\controller\UserController.class]
2025-09-06T19:56:39.543+05:30 DEBUG 21568 --- [CMS] [           main] o.s.c.a.ClassPathBeanDefinitionScanner   : Identified candidate component class: file [d:\ALL projects\IOMP\cms\target\classes\com\example\cms\exception\GlobalExceptionHandler.class]
2025-09-06T19:56:39.548+05:30 DEBUG 21568 --- [CMS] [           main] o.s.c.a.ClassPathBeanDefinitionScanner   : Ignored because not a concrete top-level class: file [d:\ALL projects\IOMP\cms\target\classes\com\example\cms\repository\SectorRepository.class]
2025-09-06T19:56:39.550+05:30 DEBUG 21568 --- [CMS] [           main] o.s.c.a.ClassPathBeanDefinitionScanner   : Identified candidate component class: file [d:\ALL projects\IOMP\cms\target\classes\com\example\cms\security\JwtTokenProvider.class]
2025-09-06T19:56:39.551+05:30 DEBUG 21568 --- [CMS] [           main] o.s.c.a.ClassPathBeanDefinitionScanner   : Identified candidate component class: file [d:\ALL projects\IOMP\cms\target\classes\com\example\cms\service\CustomerService.class]
2025-09-06T19:56:39.552+05:30 DEBUG 21568 --- [CMS] [           main] o.s.c.a.ClassPathBeanDefinitionScanner   : Identified candidate component class: file [d:\ALL projects\IOMP\cms\target\classes\com\example\cms\service\SectorService.class]
2025-09-06T19:56:39.553+05:30 DEBUG 21568 --- [CMS] [           main] o.s.c.a.ClassPathBeanDefinitionScanner   : Identified candidate component class: file [d:\ALL projects\IOMP\cms\target\classes\com\example\cms\service\UserService.class]
2025-09-06T19:56:40.041+05:30  INFO 21568 --- [CMS] [           main] .s.d.r.c.RepositoryConfigurationDelegate : Bootstrapping Spring Data JPA repositories in DEFAULT mode.
2025-09-06T19:56:40.047+05:30 DEBUG 21568 --- [CMS] [           main] o.s.b.f.s.DefaultListableBeanFactory     : Creating shared instance of singleton bean 'org.springframework.boot.autoconfigure.AutoConfigurationPackages'
2025-09-06T19:56:40.053+05:30 DEBUG 21568 --- [CMS] [           main] o.s.b.a.AutoConfigurationPackages        : @EnableAutoConfiguration was declared on a class in the package 'com.example.cms'. Automatic @Repository and @Entity scanning is enabled.
2025-09-06T19:56:40.054+05:30 DEBUG 21568 --- [CMS] [           main] .s.d.r.c.RepositoryConfigurationDelegate : Scanning for JPA repositories in packages com.example.cms.
2025-09-06T19:56:40.062+05:30 DEBUG 21568 --- [CMS] [           main] o.s.d.r.c.RepositoryComponentProvider    : Identified candidate component class: file [d:\ALL projects\IOMP\cms\target\classes\com\example\cms\repository\CustomerRepository.class]
2025-09-06T19:56:40.062+05:30 DEBUG 21568 --- [CMS] [           main] o.s.d.r.c.RepositoryComponentProvider    : Identified candidate component class: file [d:\ALL projects\IOMP\cms\target\classes\com\example\cms\repository\SectorRepository.class]
2025-09-06T19:56:40.062+05:30 DEBUG 21568 --- [CMS] [           main] o.s.d.r.c.RepositoryComponentProvider    : Identified candidate component class: file [d:\ALL projects\IOMP\cms\target\classes\com\example\cms\repository\UserRepository.class]
2025-09-06T19:56:40.092+05:30  INFO 21568 --- [CMS] [           main] .s.d.r.c.RepositoryConfigurationDelegate : Finished Spring Data repository scanning in 36 ms. Found 3 JPA repository interfaces.
2025-09-06T19:56:40.167+05:30 DEBUG 21568 --- [CMS] [           main] o.s.b.f.s.DefaultListableBeanFactory     : Creating shared instance of singleton bean 'springSecurityHandlerMappingIntrospectorBeanDefinitionRegistryPostProcessor'
2025-09-06T19:56:40.230+05:30 DEBUG 21568 --- [CMS] [           main] o.s.b.f.s.DefaultListableBeanFactory     : Creating shared instance of singleton bean 'propertySourcesPlaceholderConfigurer'
2025-09-06T19:56:40.233+05:30 DEBUG 21568 --- [CMS] [           main] o.s.b.f.s.DefaultListableBeanFactory     : Creating shared instance of singleton bean 'org.springframework.boot.test.mock.mockito.MockitoPostProcessor'
2025-09-06T19:56:40.235+05:30 DEBUG 21568 --- [CMS] [           main] o.s.b.f.s.DefaultListableBeanFactory     : Creating shared instance of singleton bean 'emBeanDefinitionRegistrarPostProcessor'
2025-09-06T19:56:40.235+05:30 DEBUG 21568 --- [CMS] [           main] o.s.b.f.s.DefaultListableBeanFactory     : Creating shared instance of singleton bean 'org.springframework.boot.sql.init.dependency.DatabaseInitializationDependencyConfigurer$DependsOnDatabaseInitializationPostProcessor'
2025-09-06T19:56:40.284+05:30 DEBUG 21568 --- [CMS] [           main] o.s.b.f.s.DefaultListableBeanFactory     : Creating shared instance of singleton bean 'org.springframework.context.event.internalEventListenerProcessor'
2025-09-06T19:56:40.286+05:30 DEBUG 21568 --- [CMS] [           main] o.s.b.f.s.DefaultListableBeanFactory     : Creating shared instance of singleton bean 'conversionServicePostProcessor'
2025-09-06T19:56:40.293+05:30 DEBUG 21568 --- [CMS] [           main] o.s.b.f.s.DefaultListableBeanFactory     : Creating shared instance of singleton bean 'preserveErrorControllerTargetClassPostProcessor'
2025-09-06T19:56:40.293+05:30 DEBUG 21568 --- [CMS] [           main] o.s.b.f.s.DefaultListableBeanFactory     : Creating shared instance of singleton bean 'org.springframework.context.event.internalEventListenerFactory'
2025-09-06T19:56:40.294+05:30 DEBUG 21568 --- [CMS] [           main] o.s.b.f.s.DefaultListableBeanFactory     : Creating shared instance of singleton bean 'org.springframework.transaction.config.internalTransactionalEventListenerFactory'
2025-09-06T19:56:40.297+05:30 DEBUG 21568 --- [CMS] [           main] o.s.b.f.s.DefaultListableBeanFactory     : Creating shared instance of singleton bean 'org.springframework.boot.test.mock.mockito.MockitoPostProcessor$SpyPostProcessor'
2025-09-06T19:56:40.298+05:30 DEBUG 21568 --- [CMS] [           main] o.s.b.f.s.DefaultListableBeanFactory     : Creating shared instance of singleton bean 'org.springframework.context.annotation.internalAutowiredAnnotationProcessor'
2025-09-06T19:56:40.300+05:30 DEBUG 21568 --- [CMS] [           main] o.s.b.f.s.DefaultListableBeanFactory     : Creating shared instance of singleton bean 'org.springframework.context.annotation.internalCommonAnnotationProcessor'
2025-09-06T19:56:40.302+05:30 DEBUG 21568 --- [CMS] [           main] o.s.b.f.s.DefaultListableBeanFactory     : Creating shared instance of singleton bean 'org.springframework.context.annotation.internalPersistenceAnnotationProcessor'
2025-09-06T19:56:40.303+05:30 DEBUG 21568 --- [CMS] [           main] o.s.b.f.s.DefaultListableBeanFactory     : Creating shared instance of singleton bean 'org.springframework.boot.context.properties.ConfigurationPropertiesBindingPostProcessor'
2025-09-06T19:56:40.303+05:30 DEBUG 21568 --- [CMS] [           main] o.s.b.f.s.DefaultListableBeanFactory     : Creating shared instance of singleton bean 'org.springframework.boot.context.internalConfigurationPropertiesBinder'
2025-09-06T19:56:40.305+05:30 DEBUG 21568 --- [CMS] [           main] o.s.b.f.s.DefaultListableBeanFactory     : Creating shared instance of singleton bean 'jdbcConnectionDetailsHikariBeanPostProcessor'
2025-09-06T19:56:40.307+05:30 DEBUG 21568 --- [CMS] [           main] o.s.b.f.s.DefaultListableBeanFactory     : Creating shared instance of singleton bean 'methodValidationPostProcessor'
2025-09-06T19:56:40.320+05:30 DEBUG 21568 --- [CMS] [           main] o.s.b.f.s.DefaultListableBeanFactory     : Autowiring by type from bean name 'methodValidationPostProcessor' via factory method to bean named 'environment'
2025-09-06T19:56:40.323+05:30 DEBUG 21568 --- [CMS] [           main] o.s.b.f.s.DefaultListableBeanFactory     : Creating shared instance of singleton bean 'org.springframework.boot.context.properties.EnableConfigurationPropertiesRegistrar.methodValidationExcludeFilter'
2025-09-06T19:56:40.337+05:30 DEBUG 21568 --- [CMS] [           main] o.s.b.f.s.DefaultListableBeanFactory     : Creating shared instance of singleton bean 'org.springframework.aop.config.internalAutoProxyCreator'
2025-09-06T19:56:40.351+05:30 DEBUG 21568 --- [CMS] [           main] o.s.b.f.s.DefaultListableBeanFactory     : Creating shared instance of singleton bean 'persistenceExceptionTranslationPostProcessor'
2025-09-06T19:56:40.352+05:30 DEBUG 21568 --- [CMS] [           main] o.s.b.f.s.DefaultListableBeanFactory     : Autowiring by type from bean name 'persistenceExceptionTranslationPostProcessor' via factory method to bean named 'environment'
2025-09-06T19:56:40.354+05:30 DEBUG 21568 --- [CMS] [           main] o.s.b.f.s.DefaultListableBeanFactory     : Creating shared instance of singleton bean 'webServerFactoryCustomizerBeanPostProcessor'
2025-09-06T19:56:40.354+05:30 DEBUG 21568 --- [CMS] [           main] o.s.b.f.s.DefaultListableBeanFactory     : Creating shared instance of singleton bean 'errorPageRegistrarBeanPostProcessor'
2025-09-06T19:56:40.355+05:30 DEBUG 21568 --- [CMS] [           main] o.s.b.f.s.DefaultListableBeanFactory     : Creating shared instance of singleton bean 'projectingArgumentResolverBeanPostProcessor'
2025-09-06T19:56:40.356+05:30 DEBUG 21568 --- [CMS] [           main] o.s.b.f.s.DefaultListableBeanFactory     : Creating shared instance of singleton bean 'org.springframework.transaction.config.internalTransactionAdvisor'
2025-09-06T19:56:40.356+05:30 DEBUG 21568 --- [CMS] [           main] o.s.b.f.s.DefaultListableBeanFactory     : Creating shared instance of singleton bean 'org.springframework.transaction.annotation.ProxyTransactionManagementConfiguration'
2025-09-06T19:56:40.367+05:30 DEBUG 21568 --- [CMS] [           main] o.s.b.f.s.DefaultListableBeanFactory     : Creating shared instance of singleton bean 'transactionAttributeSource'
2025-09-06T19:56:40.368+05:30 DEBUG 21568 --- [CMS] [           main] o.s.b.f.s.DefaultListableBeanFactory     : Creating shared instance of singleton bean 'transactionInterceptor'
2025-09-06T19:56:40.369+05:30 DEBUG 21568 --- [CMS] [           main] o.s.b.f.s.DefaultListableBeanFactory     : Autowiring by type from bean name 'transactionInterceptor' via factory method to bean named 'transactionAttributeSource'
2025-09-06T19:56:40.373+05:30 DEBUG 21568 --- [CMS] [           main] o.s.b.f.s.DefaultListableBeanFactory     : Autowiring by type from bean name 'org.springframework.transaction.config.internalTransactionAdvisor' via factory method to bean named 'transactionAttributeSource'
2025-09-06T19:56:40.374+05:30 DEBUG 21568 --- [CMS] [           main] o.s.b.f.s.DefaultListableBeanFactory     : Autowiring by type from bean name 'org.springframework.transaction.config.internalTransactionAdvisor' via factory method to bean named 'transactionInterceptor'
2025-09-06T19:56:40.393+05:30 DEBUG 21568 --- [CMS] [           main] o.s.u.c.s.UiApplicationContextUtils      : Unable to locate ThemeSource with name 'themeSource': using default [org.springframework.ui.context.support.ResourceBundleThemeSource@67b355c8]
2025-09-06T19:56:40.394+05:30 DEBUG 21568 --- [CMS] [           main] o.s.b.f.s.DefaultListableBeanFactory     : Creating shared instance of singleton bean 'dataSourceScriptDatabaseInitializer'
2025-09-06T19:56:40.395+05:30 DEBUG 21568 --- [CMS] [           main] o.s.b.f.s.DefaultListableBeanFactory     : Creating shared instance of singleton bean 'org.springframework.boot.autoconfigure.sql.init.DataSourceInitializationConfiguration'
2025-09-06T19:56:40.396+05:30 DEBUG 21568 --- [CMS] [           main] o.s.b.f.s.DefaultListableBeanFactory     : Creating shared instance of singleton bean 'dataSource'
2025-09-06T19:56:40.396+05:30 DEBUG 21568 --- [CMS] [           main] o.s.b.f.s.DefaultListableBeanFactory     : Creating shared instance of singleton bean 'org.springframework.boot.autoconfigure.jdbc.DataSourceConfiguration$Hikari'
2025-09-06T19:56:40.396+05:30 DEBUG 21568 --- [CMS] [           main] o.s.b.f.s.DefaultListableBeanFactory     : Creating shared instance of singleton bean 'spring.datasource-org.springframework.boot.autoconfigure.jdbc.DataSourceProperties'
2025-09-06T19:56:40.397+05:30 DEBUG 21568 --- [CMS] [           main] o.s.b.f.s.DefaultListableBeanFactory     : Creating shared instance of singleton bean 'org.springframework.boot.context.properties.BoundConfigurationProperties'
2025-09-06T19:56:40.417+05:30 DEBUG 21568 --- [CMS] [           main] o.s.b.f.s.DefaultListableBeanFactory     : Creating shared instance of singleton bean 'jdbcConnectionDetails'
2025-09-06T19:56:40.417+05:30 DEBUG 21568 --- [CMS] [           main] o.s.b.f.s.DefaultListableBeanFactory     : Creating shared instance of singleton bean 'org.springframework.boot.autoconfigure.jdbc.DataSourceAutoConfiguration$PooledDataSourceConfiguration'
2025-09-06T19:56:40.418+05:30 DEBUG 21568 --- [CMS] [           main] o.s.b.f.s.DefaultListableBeanFactory     : Autowiring by type from bean name 'jdbcConnectionDetails' via factory method to bean named 'spring.datasource-org.springframework.boot.autoconfigure.jdbc.DataSourceProperties'
2025-09-06T19:56:40.418+05:30 DEBUG 21568 --- [CMS] [           main] o.s.b.f.s.DefaultListableBeanFactory     : Autowiring by type from bean name 'dataSource' via factory method to bean named 'spring.datasource-org.springframework.boot.autoconfigure.jdbc.DataSourceProperties'
2025-09-06T19:56:40.419+05:30 DEBUG 21568 --- [CMS] [           main] o.s.b.f.s.DefaultListableBeanFactory     : Autowiring by type from bean name 'dataSource' via factory method to bean named 'jdbcConnectionDetails'
2025-09-06T19:56:40.440+05:30 DEBUG 21568 --- [CMS] [           main] o.s.b.f.s.DefaultListableBeanFactory     : Creating shared instance of singleton bean 'spring.sql.init-org.springframework.boot.autoconfigure.sql.init.SqlInitializationProperties'
2025-09-06T19:56:40.443+05:30 DEBUG 21568 --- [CMS] [           main] o.s.b.f.s.DefaultListableBeanFactory     : Autowiring by type from bean name 'dataSourceScriptDatabaseInitializer' via factory method to bean named 'dataSource'
2025-09-06T19:56:40.443+05:30 DEBUG 21568 --- [CMS] [           main] o.s.b.f.s.DefaultListableBeanFactory     : Autowiring by type from bean name 'dataSourceScriptDatabaseInitializer' via factory method to bean named 'spring.sql.init-org.springframework.boot.autoconfigure.sql.init.SqlInitializationProperties'
2025-09-06T19:56:40.448+05:30 DEBUG 21568 --- [CMS] [           main] o.s.b.f.s.DefaultListableBeanFactory     : Creating shared instance of singleton bean 'entityManagerFactory'
2025-09-06T19:56:40.448+05:30 DEBUG 21568 --- [CMS] [           main] o.s.b.f.s.DefaultListableBeanFactory     : Creating shared instance of singleton bean 'org.springframework.boot.autoconfigure.orm.jpa.HibernateJpaConfiguration'
2025-09-06T19:56:40.449+05:30 DEBUG 21568 --- [CMS] [           main] o.s.b.f.s.DefaultListableBeanFactory     : Creating shared instance of singleton bean 'spring.jpa-org.springframework.boot.autoconfigure.orm.jpa.JpaProperties'
2025-09-06T19:56:40.452+05:30 DEBUG 21568 --- [CMS] [           main] o.s.b.f.s.DefaultListableBeanFactory     : Creating shared instance of singleton bean 'spring.jpa.hibernate-org.springframework.boot.autoconfigure.orm.jpa.HibernateProperties'
2025-09-06T19:56:40.455+05:30 DEBUG 21568 --- [CMS] [           main] o.s.b.f.s.DefaultListableBeanFactory     : Autowiring by type from bean name 'org.springframework.boot.autoconfigure.orm.jpa.HibernateJpaConfiguration' via constructor to bean named 'dataSource'
2025-09-06T19:56:40.455+05:30 DEBUG 21568 --- [CMS] [           main] o.s.b.f.s.DefaultListableBeanFactory     : Autowiring by type from bean name 'org.springframework.boot.autoconfigure.orm.jpa.HibernateJpaConfiguration' via constructor to bean named 'spring.jpa-org.springframework.boot.autoconfigure.orm.jpa.JpaProperties'
2025-09-06T19:56:40.455+05:30 DEBUG 21568 --- [CMS] [           main] o.s.b.f.s.DefaultListableBeanFactory     : Autowiring by type from bean name 'org.springframework.boot.autoconfigure.orm.jpa.HibernateJpaConfiguration' via constructor to bean named 'org.springframework.beans.factory.support.DefaultListableBeanFactory@30e92cb9'
2025-09-06T19:56:40.455+05:30 DEBUG 21568 --- [CMS] [           main] o.s.b.f.s.DefaultListableBeanFactory     : Autowiring by type from bean name 'org.springframework.boot.autoconfigure.orm.jpa.HibernateJpaConfiguration' via constructor to bean named 'spring.jpa.hibernate-org.springframework.boot.autoconfigure.orm.jpa.HibernateProperties'
2025-09-06T19:56:40.460+05:30 DEBUG 21568 --- [CMS] [           main] o.s.b.f.s.DefaultListableBeanFactory     : Creating shared instance of singleton bean 'hikariPoolDataSourceMetadataProvider'
2025-09-06T19:56:40.460+05:30 DEBUG 21568 --- [CMS] [           main] o.s.b.f.s.DefaultListableBeanFactory     : Creating shared instance of singleton bean 'org.springframework.boot.autoconfigure.jdbc.metadata.DataSourcePoolMetadataProvidersConfiguration$HikariPoolDataSourceMetadataProviderConfiguration'
2025-09-06T19:56:40.465+05:30 DEBUG 21568 --- [CMS] [           main] o.s.b.f.s.DefaultListableBeanFactory     : Creating shared instance of singleton bean 'entityManagerFactoryBuilder'
2025-09-06T19:56:40.465+05:30 DEBUG 21568 --- [CMS] [           main] o.s.b.f.s.DefaultListableBeanFactory     : Creating shared instance of singleton bean 'jpaVendorAdapter'
2025-09-06T19:56:40.482+05:30 DEBUG 21568 --- [CMS] [           main] o.s.b.f.s.DefaultListableBeanFactory     : Autowiring by type from bean name 'entityManagerFactoryBuilder' via factory method to bean named 'jpaVendorAdapter'
2025-09-06T19:56:40.487+05:30 DEBUG 21568 --- [CMS] [           main] o.s.b.f.s.DefaultListableBeanFactory     : Creating shared instance of singleton bean 'persistenceManagedTypes'
2025-09-06T19:56:40.488+05:30 DEBUG 21568 --- [CMS] [           main] o.s.b.f.s.DefaultListableBeanFactory     : Autowiring by type from bean name 'persistenceManagedTypes' via factory method to bean named 'org.springframework.beans.factory.support.DefaultListableBeanFactory@30e92cb9'
2025-09-06T19:56:40.488+05:30 DEBUG 21568 --- [CMS] [           main] o.s.b.f.s.DefaultListableBeanFactory     : Autowiring by type from bean name 'persistenceManagedTypes' via factory method to bean named 'org.springframework.web.context.support.GenericWebApplicationContext@74d7184a'
2025-09-06T19:56:40.499+05:30 DEBUG 21568 --- [CMS] [           main] o.s.b.f.s.DefaultListableBeanFactory     : Autowiring by type from bean name 'entityManagerFactory' via factory method to bean named 'entityManagerFactoryBuilder'
2025-09-06T19:56:40.499+05:30 DEBUG 21568 --- [CMS] [           main] o.s.b.f.s.DefaultListableBeanFactory     : Autowiring by type from bean name 'entityManagerFactory' via factory method to bean named 'persistenceManagedTypes'
2025-09-06T19:56:40.533+05:30 DEBUG 21568 --- [CMS] [           main] j.LocalContainerEntityManagerFactoryBean : Building JPA container EntityManagerFactory for persistence unit 'default'
2025-09-06T19:56:40.589+05:30  INFO 21568 --- [CMS] [           main] o.hibernate.jpa.internal.util.LogHelper  : HHH000204: Processing PersistenceUnitInfo [name: default]
2025-09-06T19:56:40.656+05:30  INFO 21568 --- [CMS] [           main] org.hibernate.Version                    : HHH000412: Hibernate ORM core version 6.5.2.Final
2025-09-06T19:56:40.685+05:30  INFO 21568 --- [CMS] [           main] o.h.c.internal.RegionFactoryInitiator    : HHH000026: Second-level cache disabled
2025-09-06T19:56:41.021+05:30  INFO 21568 --- [CMS] [           main] o.s.o.j.p.SpringPersistenceUnitInfo      : No LoadTimeWeaver setup: ignoring JPA class transformer
2025-09-06T19:56:41.045+05:30  INFO 21568 --- [CMS] [           main] com.zaxxer.hikari.HikariDataSource       : HikariPool-1 - Starting...
2025-09-06T19:56:41.139+05:30  INFO 21568 --- [CMS] [           main] com.zaxxer.hikari.pool.HikariPool        : HikariPool-1 - Added connection org.postgresql.jdbc.PgConnection@1d944fc0
2025-09-06T19:56:41.139+05:30  INFO 21568 --- [CMS] [           main] com.zaxxer.hikari.HikariDataSource       : HikariPool-1 - Start completed.
2025-09-06T19:56:41.161+05:30  WARN 21568 --- [CMS] [           main] org.hibernate.orm.deprecation            : HHH90000025: PostgreSQLDialect does not need to be specified explicitly using 'hibernate.dialect' (remove the property setting and it will be selected by default)
2025-09-06T19:56:41.814+05:30  INFO 21568 --- [CMS] [           main] o.h.e.t.j.p.i.JtaPlatformInitiator       : HHH000489: No JTA platform available (set 'hibernate.transaction.jta.platform' to enable JTA platform integration)
2025-09-06T19:56:41.852+05:30 DEBUG 21568 --- [CMS] [           main] org.hibernate.SQL                        : create table customers (id bigint generated by default as identity, created_at timestamp(6), email varchar(255), first_name varchar(255) not null, last_name varchar(255) not null, phone varchar(255), sector_id bigint, primary key (id))
Hibernate: create table customers (id bigint generated by default as identity, created_at timestamp(6), email varchar(255), first_name varchar(255) not null, last_name varchar(255) not null, phone varchar(255), sector_id bigint, primary key (id))
2025-09-06T19:56:41.867+05:30 DEBUG 21568 --- [CMS] [           main] org.hibernate.SQL                        : create table sectors (id bigint generated by default as identity, name varchar(255) not null, primary key (id))
Hibernate: create table sectors (id bigint generated by default as identity, name varchar(255) not null, primary key (id))
2025-09-06T19:56:41.870+05:30 DEBUG 21568 --- [CMS] [           main] org.hibernate.SQL                        : create table users (id bigint generated by default as identity, password varchar(255) not null, role varchar(255) not null check (role in ('ADMIN','MANAGER','USER')), username varchar(255) not null, sector_id bigint, primary key (id))
Hibernate: create table users (id bigint generated by default as identity, password varchar(255) not null, role varchar(255) not null check (role in ('ADMIN','MANAGER','USER')), username varchar(255) not null, sector_id bigint, primary key (id))
2025-09-06T19:56:41.875+05:30 DEBUG 21568 --- [CMS] [           main] org.hibernate.SQL                        : alter table if exists sectors drop constraint if exists UKiq2i9grkdc51iqrayhqscu5k1
Hibernate: alter table if exists sectors drop constraint if exists UKiq2i9grkdc51iqrayhqscu5k1
2025-09-06T19:56:41.878+05:30  WARN 21568 --- [CMS] [           main] o.h.engine.jdbc.spi.SqlExceptionHelper   : SQL Warning Code: 0, SQLState: 00000
2025-09-06T19:56:41.878+05:30  WARN 21568 --- [CMS] [           main] o.h.engine.jdbc.spi.SqlExceptionHelper   : constraint "ukiq2i9grkdc51iqrayhqscu5k1" of relation "sectors" does not exist, skipping
2025-09-06T19:56:41.878+05:30 DEBUG 21568 --- [CMS] [           main] org.hibernate.SQL                        : alter table if exists sectors add constraint UKiq2i9grkdc51iqrayhqscu5k1 unique (name)
Hibernate: alter table if exists sectors add constraint UKiq2i9grkdc51iqrayhqscu5k1 unique (name)
2025-09-06T19:56:41.879+05:30 DEBUG 21568 --- [CMS] [           main] org.hibernate.SQL                        : alter table if exists users drop constraint if exists UKr43af9ap4edm43mmtq01oddj6
Hibernate: alter table if exists users drop constraint if exists UKr43af9ap4edm43mmtq01oddj6
2025-09-06T19:56:41.880+05:30  WARN 21568 --- [CMS] [           main] o.h.engine.jdbc.spi.SqlExceptionHelper   : SQL Warning Code: 0, SQLState: 00000
2025-09-06T19:56:41.880+05:30  WARN 21568 --- [CMS] [           main] o.h.engine.jdbc.spi.SqlExceptionHelper   : constraint "ukr43af9ap4edm43mmtq01oddj6" of relation "users" does not exist, skipping
2025-09-06T19:56:41.880+05:30 DEBUG 21568 --- [CMS] [           main] org.hibernate.SQL                        : alter table if exists users add constraint UKr43af9ap4edm43mmtq01oddj6 unique (username)
Hibernate: alter table if exists users add constraint UKr43af9ap4edm43mmtq01oddj6 unique (username)
2025-09-06T19:56:41.882+05:30 DEBUG 21568 --- [CMS] [           main] org.hibernate.SQL                        : alter table if exists customers add constraint FKgldb7qvne54qnitxo49w31cyc foreign key (sector_id) references sectors
Hibernate: alter table if exists customers add constraint FKgldb7qvne54qnitxo49w31cyc foreign key (sector_id) references sectors
2025-09-06T19:56:41.887+05:30 DEBUG 21568 --- [CMS] [           main] org.hibernate.SQL                        : alter table if exists users add constraint FKsm6sv7j8yj27ns2josjloy4pl foreign key (sector_id) references sectors
Hibernate: alter table if exists users add constraint FKsm6sv7j8yj27ns2josjloy4pl foreign key (sector_id) references sectors
2025-09-06T19:56:41.890+05:30  INFO 21568 --- [CMS] [           main] j.LocalContainerEntityManagerFactoryBean : Initialized JPA EntityManagerFactory for persistence unit 'default'
2025-09-06T19:56:41.893+05:30 DEBUG 21568 --- [CMS] [           main] o.s.b.f.s.DefaultListableBeanFactory     : Creating shared instance of singleton bean 'cmsApplication'
2025-09-06T19:56:41.895+05:30 DEBUG 21568 --- [CMS] [           main] o.s.b.f.s.DefaultListableBeanFactory     : Creating shared instance of singleton bean 'securityConfig'
2025-09-06T19:56:41.896+05:30 DEBUG 21568 --- [CMS] [           main] o.s.b.f.s.DefaultListableBeanFactory     : Creating shared instance of singleton bean 'jwtTokenProvider'
2025-09-06T19:56:41.907+05:30 DEBUG 21568 --- [CMS] [           main] o.s.b.f.s.DefaultListableBeanFactory     : Creating shared instance of singleton bean 'org.springframework.security.config.annotation.authentication.configuration.AuthenticationConfiguration'
2025-09-06T19:56:41.909+05:30 DEBUG 21568 --- [CMS] [           main] o.s.b.f.s.DefaultListableBeanFactory     : Creating shared instance of singleton bean 'enableGlobalAuthenticationAutowiredConfigurer'
2025-09-06T19:56:41.909+05:30 DEBUG 21568 --- [CMS] [           main] o.s.b.f.s.DefaultListableBeanFactory     : Autowiring by type from bean name 'enableGlobalAuthenticationAutowiredConfigurer' via factory method to bean named 'org.springframework.web.context.support.GenericWebApplicationContext@74d7184a'
2025-09-06T19:56:41.910+05:30 DEBUG 21568 --- [CMS] [           main] o.s.b.f.s.DefaultListableBeanFactory     : Creating shared instance of singleton bean 'initializeUserDetailsBeanManagerConfigurer'
2025-09-06T19:56:41.910+05:30 DEBUG 21568 --- [CMS] [           main] o.s.b.f.s.DefaultListableBeanFactory     : Autowiring by type from bean name 'initializeUserDetailsBeanManagerConfigurer' via factory method to bean named 'org.springframework.web.context.support.GenericWebApplicationContext@74d7184a'
2025-09-06T19:56:41.911+05:30 DEBUG 21568 --- [CMS] [           main] o.s.b.f.s.DefaultListableBeanFactory     : Creating shared instance of singleton bean 'initializeAuthenticationProviderBeanManagerConfigurer'
2025-09-06T19:56:41.911+05:30 DEBUG 21568 --- [CMS] [           main] o.s.b.f.s.DefaultListableBeanFactory     : Autowiring by type from bean name 'initializeAuthenticationProviderBeanManagerConfigurer' via factory method to bean named 'org.springframework.web.context.support.GenericWebApplicationContext@74d7184a'
2025-09-06T19:56:41.913+05:30 DEBUG 21568 --- [CMS] [           main] o.s.b.f.s.DefaultListableBeanFactory     : Creating shared instance of singleton bean 'objectPostProcessor'
2025-09-06T19:56:41.913+05:30 DEBUG 21568 --- [CMS] [           main] o.s.b.f.s.DefaultListableBeanFactory     : Creating shared instance of singleton bean 'org.springframework.security.config.annotation.configuration.ObjectPostProcessorConfiguration'
2025-09-06T19:56:41.914+05:30 DEBUG 21568 --- [CMS] [           main] o.s.b.f.s.DefaultListableBeanFactory     : Autowiring by type from bean name 'objectPostProcessor' via factory method to bean named 'org.springframework.beans.factory.support.DefaultListableBeanFactory@30e92cb9'
2025-09-06T19:56:41.915+05:30 DEBUG 21568 --- [CMS] [           main] o.s.b.f.s.DefaultListableBeanFactory     : Creating shared instance of singleton bean 'userRepository'
2025-09-06T19:56:41.920+05:30 DEBUG 21568 --- [CMS] [           main] o.s.b.f.s.DefaultListableBeanFactory     : Creating shared instance of singleton bean 'jpa.named-queries#0'
2025-09-06T19:56:41.922+05:30 DEBUG 21568 --- [CMS] [           main] o.s.b.f.s.DefaultListableBeanFactory     : Creating shared instance of singleton bean 'jpa.UserRepository.fragments#0'
2025-09-06T19:56:41.926+05:30 DEBUG 21568 --- [CMS] [           main] o.s.b.f.s.DefaultListableBeanFactory     : Creating shared instance of singleton bean 'jpaSharedEM_entityManagerFactory'
2025-09-06T19:56:41.950+05:30 DEBUG 21568 --- [CMS] [           main] o.s.b.f.s.DefaultListableBeanFactory     : Creating shared instance of singleton bean 'jpaMappingContext'
2025-09-06T19:56:41.951+05:30 DEBUG 21568 --- [CMS] [           main] .c.JpaMetamodelMappingContextFactoryBean : Initializing JpaMetamodelMappingContext…
2025-09-06T19:56:41.967+05:30 DEBUG 21568 --- [CMS] [           main] .c.JpaMetamodelMappingContextFactoryBean : Finished initializing JpaMetamodelMappingContext
2025-09-06T19:56:42.001+05:30 DEBUG 21568 --- [CMS] [           main] tor$SharedEntityManagerInvocationHandler : Creating new EntityManager for shared EntityManager invocation
2025-09-06T19:56:42.062+05:30 DEBUG 21568 --- [CMS] [           main] tor$SharedEntityManagerInvocationHandler : Creating new EntityManager for shared EntityManager invocation
2025-09-06T19:56:42.124+05:30 DEBUG 21568 --- [CMS] [           main] o.s.d.r.c.s.RepositoryFactorySupport     : Initializing repository instance for com.example.cms.repository.UserRepository…
2025-09-06T19:56:42.142+05:30 DEBUG 21568 --- [CMS] [           main] tor$SharedEntityManagerInvocationHandler : Creating new EntityManager for shared EntityManager invocation
2025-09-06T19:56:42.216+05:30 DEBUG 21568 --- [CMS] [           main] o.s.d.jpa.repository.query.NamedQuery    : Looking up named query User.findByUsername
2025-09-06T19:56:42.219+05:30 DEBUG 21568 --- [CMS] [           main] o.s.d.jpa.repository.query.NamedQuery    : Did not find named query User.findByUsername
2025-09-06T19:56:42.221+05:30 DEBUG 21568 --- [CMS] [           main] tor$SharedEntityManagerInvocationHandler : Creating new EntityManager for shared EntityManager invocation
2025-09-06T19:56:42.270+05:30 DEBUG 21568 --- [CMS] [           main] o.s.d.r.c.s.RepositoryFactorySupport     : Finished creation of repository instance for com.example.cms.repository.UserRepository.
2025-09-06T19:56:42.276+05:30 DEBUG 21568 --- [CMS] [           main] o.s.b.f.s.DefaultListableBeanFactory     : Autowiring by type from bean name 'securityConfig' via constructor to bean named 'jwtTokenProvider'
2025-09-06T19:56:42.276+05:30 DEBUG 21568 --- [CMS] [           main] o.s.b.f.s.DefaultListableBeanFactory     : Autowiring by type from bean name 'securityConfig' via constructor to bean named 'org.springframework.security.config.annotation.authentication.configuration.AuthenticationConfiguration'
2025-09-06T19:56:42.276+05:30 DEBUG 21568 --- [CMS] [           main] o.s.b.f.s.DefaultListableBeanFactory     : Autowiring by type from bean name 'securityConfig' via constructor to bean named 'userRepository'
2025-09-06T19:56:42.277+05:30 DEBUG 21568 --- [CMS] [           main] o.s.b.f.s.DefaultListableBeanFactory     : Creating shared instance of singleton bean 'authController'
2025-09-06T19:56:42.282+05:30 DEBUG 21568 --- [CMS] [           main] o.s.b.f.s.DefaultListableBeanFactory     : Creating shared instance of singleton bean 'authenticationManager'
2025-09-06T19:56:42.283+05:30 DEBUG 21568 --- [CMS] [           main] o.s.b.f.s.DefaultListableBeanFactory     : Creating shared instance of singleton bean 'authenticationManagerBuilder'
2025-09-06T19:56:42.283+05:30 DEBUG 21568 --- [CMS] [           main] o.s.b.f.s.DefaultListableBeanFactory     : Autowiring by type from bean name 'authenticationManagerBuilder' via factory method to bean named 'objectPostProcessor'
2025-09-06T19:56:42.283+05:30 DEBUG 21568 --- [CMS] [           main] o.s.b.f.s.DefaultListableBeanFactory     : Autowiring by type from bean name 'authenticationManagerBuilder' via factory method to bean named 'org.springframework.web.context.support.GenericWebApplicationContext@74d7184a'
2025-09-06T19:56:42.284+05:30 DEBUG 21568 --- [CMS] [           main] o.s.b.f.s.DefaultListableBeanFactory     : Creating shared instance of singleton bean 'authenticationEventPublisher'
2025-09-06T19:56:42.284+05:30 DEBUG 21568 --- [CMS] [           main] o.s.b.f.s.DefaultListableBeanFactory     : Creating shared instance of singleton bean 'org.springframework.boot.autoconfigure.security.servlet.SecurityAutoConfiguration'
2025-09-06T19:56:42.285+05:30 DEBUG 21568 --- [CMS] [           main] o.s.b.f.s.DefaultListableBeanFactory     : Autowiring by type from bean name 'authenticationEventPublisher' via factory method to bean named 'org.springframework.web.context.support.GenericWebApplicationContext@74d7184a'
2025-09-06T19:56:42.298+05:30 DEBUG 21568 --- [CMS] [           main] o.s.b.f.s.DefaultListableBeanFactory     : Creating shared instance of singleton bean 'userDetailsService'
2025-09-06T19:56:42.301+05:30 DEBUG 21568 --- [CMS] [           main] o.s.b.f.s.DefaultListableBeanFactory     : Creating shared instance of singleton bean 'passwordEncoder'
2025-09-06T19:56:42.318+05:30  INFO 21568 --- [CMS] [           main] r$InitializeUserDetailsManagerConfigurer : Global AuthenticationManager configured with UserDetailsService bean with name userDetailsService
2025-09-06T19:56:42.321+05:30 DEBUG 21568 --- [CMS] [           main] o.s.b.f.s.DefaultListableBeanFactory     : Creating shared instance of singleton bean 'customerController'
2025-09-06T19:56:42.324+05:30 DEBUG 21568 --- [CMS] [           main] o.s.b.f.s.DefaultListableBeanFactory     : Creating shared instance of singleton bean 'customerService'
2025-09-06T19:56:42.324+05:30 DEBUG 21568 --- [CMS] [           main] o.s.b.f.s.DefaultListableBeanFactory     : Creating shared instance of singleton bean 'customerRepository'
2025-09-06T19:56:42.325+05:30 DEBUG 21568 --- [CMS] [           main] o.s.b.f.s.DefaultListableBeanFactory     : Creating shared instance of singleton bean 'jpa.named-queries#2'
2025-09-06T19:56:42.326+05:30 DEBUG 21568 --- [CMS] [           main] o.s.b.f.s.DefaultListableBeanFactory     : Creating shared instance of singleton bean 'jpa.CustomerRepository.fragments#0'
2025-09-06T19:56:42.326+05:30 DEBUG 21568 --- [CMS] [           main] tor$SharedEntityManagerInvocationHandler : Creating new EntityManager for shared EntityManager invocation
2025-09-06T19:56:42.331+05:30 DEBUG 21568 --- [CMS] [           main] o.s.d.r.c.s.RepositoryFactorySupport     : Initializing repository instance for com.example.cms.repository.CustomerRepository…
2025-09-06T19:56:42.332+05:30 DEBUG 21568 --- [CMS] [           main] tor$SharedEntityManagerInvocationHandler : Creating new EntityManager for shared EntityManager invocation
2025-09-06T19:56:42.335+05:30 DEBUG 21568 --- [CMS] [           main] o.s.d.jpa.repository.query.NamedQuery    : Looking up named query Customer.findBySector
2025-09-06T19:56:42.336+05:30 DEBUG 21568 --- [CMS] [           main] o.s.d.jpa.repository.query.NamedQuery    : Did not find named query Customer.findBySector
2025-09-06T19:56:42.336+05:30 DEBUG 21568 --- [CMS] [           main] tor$SharedEntityManagerInvocationHandler : Creating new EntityManager for shared EntityManager invocation
2025-09-06T19:56:42.339+05:30 DEBUG 21568 --- [CMS] [           main] o.s.d.jpa.repository.query.NamedQuery    : Looking up named query Customer.findByFirstNameContainingOrLastNameContaining
2025-09-06T19:56:42.340+05:30 DEBUG 21568 --- [CMS] [           main] o.s.d.jpa.repository.query.NamedQuery    : Did not find named query Customer.findByFirstNameContainingOrLastNameContaining
2025-09-06T19:56:42.340+05:30 DEBUG 21568 --- [CMS] [           main] tor$SharedEntityManagerInvocationHandler : Creating new EntityManager for shared EntityManager invocation
2025-09-06T19:56:42.366+05:30  INFO 21568 --- [CMS] [           main] o.s.d.j.r.query.QueryEnhancerFactory     : Hibernate is in classpath; If applicable, HQL parser will be used.
2025-09-06T19:56:42.514+05:30 DEBUG 21568 --- [CMS] [           main] o.s.d.jpa.repository.query.NamedQuery    : Did not find named query Customer.findByEmailContaining.count
2025-09-06T19:56:42.515+05:30 DEBUG 21568 --- [CMS] [           main] tor$SharedEntityManagerInvocationHandler : Creating new EntityManager for shared EntityManager invocation
2025-09-06T19:56:42.723+05:30 DEBUG 21568 --- [CMS] [           main] o.s.d.jpa.repository.query.NamedQuery    : Looking up named query Customer.countBySectorAndCreatedAtBetween
2025-09-06T19:56:42.724+05:30 DEBUG 21568 --- [CMS] [           main] o.s.d.jpa.repository.query.NamedQuery    : Did not find named query Customer.countBySectorAndCreatedAtBetween
2025-09-06T19:56:42.724+05:30 DEBUG 21568 --- [CMS] [           main] tor$SharedEntityManagerInvocationHandler : Creating new EntityManager for shared EntityManager invocation
2025-09-06T19:56:42.731+05:30 DEBUG 21568 --- [CMS] [           main] o.s.d.r.c.s.RepositoryFactorySupport     : Finished creation of repository instance for com.example.cms.repository.CustomerRepository.
2025-09-06T19:56:42.733+05:30 DEBUG 21568 --- [CMS] [           main] o.s.b.f.s.DefaultListableBeanFactory     : Creating shared instance of singleton bean 'reportController'
2025-09-06T19:56:42.734+05:30 DEBUG 21568 --- [CMS] [           main] o.s.b.f.s.DefaultListableBeanFactory     : Creating shared instance of singleton bean 'sectorRepository'
2025-09-06T19:56:42.735+05:30 DEBUG 21568 --- [CMS] [           main] o.s.b.f.s.DefaultListableBeanFactory     : Creating shared instance of singleton bean 'jpa.named-queries#1'
2025-09-06T19:56:42.736+05:30 DEBUG 21568 --- [CMS] [           main] o.s.b.f.s.DefaultListableBeanFactory     : Creating shared instance of singleton bean 'jpa.SectorRepository.fragments#0'
2025-09-06T19:56:42.737+05:30 DEBUG 21568 --- [CMS] [           main] tor$SharedEntityManagerInvocationHandler : Creating new EntityManager for shared EntityManager invocation
2025-09-06T19:56:42.737+05:30 DEBUG 21568 --- [CMS] [           main] o.s.d.r.c.s.RepositoryFactorySupport     : Initializing repository instance for com.example.cms.repository.SectorRepository…
2025-09-06T19:56:42.738+05:30 DEBUG 21568 --- [CMS] [           main] tor$SharedEntityManagerInvocationHandler : Creating new EntityManager for shared EntityManager invocation
2025-09-06T19:56:42.742+05:30 DEBUG 21568 --- [CMS] [           main] o.s.d.jpa.repository.query.NamedQuery    : Looking up named query Sector.findByName
2025-09-06T19:56:42.743+05:30 DEBUG 21568 --- [CMS] [           main] o.s.d.jpa.repository.query.NamedQuery    : Did not find named query Sector.findByName
2025-09-06T19:56:42.743+05:30 DEBUG 21568 --- [CMS] [           main] tor$SharedEntityManagerInvocationHandler : Creating new EntityManager for shared EntityManager invocation
2025-09-06T19:56:42.752+05:30 DEBUG 21568 --- [CMS] [           main] o.s.d.jpa.repository.query.NamedQuery    : Did not find named query Sector.clearUserSectorReferences.count
2025-09-06T19:56:42.753+05:30 DEBUG 21568 --- [CMS] [           main] tor$SharedEntityManagerInvocationHandler : Creating new EntityManager for shared EntityManager invocation
2025-09-06T19:56:42.775+05:30 DEBUG 21568 --- [CMS] [           main] o.s.d.jpa.repository.query.NamedQuery    : Did not find named query Sector.clearCustomerSectorReferences.count
2025-09-06T19:56:42.775+05:30 DEBUG 21568 --- [CMS] [           main] tor$SharedEntityManagerInvocationHandler : Creating new EntityManager for shared EntityManager invocation
2025-09-06T19:56:42.780+05:30 DEBUG 21568 --- [CMS] [           main] o.s.d.r.c.s.RepositoryFactorySupport     : Finished creation of repository instance for com.example.cms.repository.SectorRepository.
2025-09-06T19:56:42.781+05:30 DEBUG 21568 --- [CMS] [           main] o.s.b.f.s.DefaultListableBeanFactory     : Creating shared instance of singleton bean 'sectorController'
2025-09-06T19:56:42.781+05:30 DEBUG 21568 --- [CMS] [           main] o.s.b.f.s.DefaultListableBeanFactory     : Creating shared instance of singleton bean 'sectorService'
2025-09-06T19:56:42.782+05:30 DEBUG 21568 --- [CMS] [           main] o.s.b.f.s.DefaultListableBeanFactory     : Creating shared instance of singleton bean 'userController'
2025-09-06T19:56:42.783+05:30 DEBUG 21568 --- [CMS] [           main] o.s.b.f.s.DefaultListableBeanFactory     : Creating shared instance of singleton bean 'userService'
2025-09-06T19:56:42.784+05:30 DEBUG 21568 --- [CMS] [           main] o.s.b.f.s.DefaultListableBeanFactory     : Creating shared instance of singleton bean 'globalExceptionHandler'
2025-09-06T19:56:42.789+05:30 DEBUG 21568 --- [CMS] [           main] o.s.b.f.s.DefaultListableBeanFactory     : Creating shared instance of singleton bean 'org.springframework.security.config.annotation.web.configuration.WebSecurityConfiguration'
2025-09-06T19:56:42.791+05:30 DEBUG 21568 --- [CMS] [           main] o.s.b.f.s.DefaultListableBeanFactory     : Creating shared instance of singleton bean 'org.springframework.security.config.annotation.web.configuration.HttpSecurityConfiguration'
2025-09-06T19:56:42.797+05:30 DEBUG 21568 --- [CMS] [           main] o.s.b.f.s.DefaultListableBeanFactory     : Creating shared instance of singleton bean 'mvcContentNegotiationManager'
2025-09-06T19:56:42.797+05:30 DEBUG 21568 --- [CMS] [           main] o.s.b.f.s.DefaultListableBeanFactory     : Creating shared instance of singleton bean 'org.springframework.boot.autoconfigure.web.servlet.WebMvcAutoConfiguration$EnableWebMvcConfiguration'
2025-09-06T19:56:42.798+05:30 DEBUG 21568 --- [CMS] [           main] o.s.b.f.s.DefaultListableBeanFactory     : Creating shared instance of singleton bean 'spring.mvc-org.springframework.boot.autoconfigure.web.servlet.WebMvcProperties'
2025-09-06T19:56:42.803+05:30 DEBUG 21568 --- [CMS] [           main] o.s.b.f.s.DefaultListableBeanFactory     : Creating shared instance of singleton bean 'spring.web-org.springframework.boot.autoconfigure.web.WebProperties'
2025-09-06T19:56:42.811+05:30 DEBUG 21568 --- [CMS] [           main] o.s.b.f.s.DefaultListableBeanFactory     : Autowiring by type from bean name 'org.springframework.boot.autoconfigure.web.servlet.WebMvcAutoConfiguration$EnableWebMvcConfiguration' via constructor to bean named 'spring.mvc-org.springframework.boot.autoconfigure.web.servlet.WebMvcProperties'
2025-09-06T19:56:42.811+05:30 DEBUG 21568 --- [CMS] [           main] o.s.b.f.s.DefaultListableBeanFactory     : Autowiring by type from bean name 'org.springframework.boot.autoconfigure.web.servlet.WebMvcAutoConfiguration$EnableWebMvcConfiguration' via constructor to bean named 'spring.web-org.springframework.boot.autoconfigure.web.WebProperties'
2025-09-06T19:56:42.811+05:30 DEBUG 21568 --- [CMS] [           main] o.s.b.f.s.DefaultListableBeanFactory     : Autowiring by type from bean name 'org.springframework.boot.autoconfigure.web.servlet.WebMvcAutoConfiguration$EnableWebMvcConfiguration' via constructor to bean named 'org.springframework.beans.factory.support.DefaultListableBeanFactory@30e92cb9'
2025-09-06T19:56:42.818+05:30 DEBUG 21568 --- [CMS] [           main] o.s.b.f.s.DefaultListableBeanFactory     : Creating shared instance of singleton bean 'org.springframework.security.config.annotation.web.configuration.WebMvcSecurityConfiguration'
2025-09-06T19:56:42.818+05:30 DEBUG 21568 --- [CMS] [           main] o.s.b.f.s.DefaultListableBeanFactory     : Creating shared instance of singleton bean 'org.springframework.boot.autoconfigure.web.servlet.WebMvcAutoConfiguration$WebMvcAutoConfigurationAdapter'
2025-09-06T19:56:42.819+05:30 DEBUG 21568 --- [CMS] [           main] o.s.b.f.s.DefaultListableBeanFactory     : Autowiring by type from bean name 'org.springframework.boot.autoconfigure.web.servlet.WebMvcAutoConfiguration$WebMvcAutoConfigurationAdapter' via constructor to bean named 'spring.web-org.springframework.boot.autoconfigure.web.WebProperties'
2025-09-06T19:56:42.819+05:30 DEBUG 21568 --- [CMS] [           main] o.s.b.f.s.DefaultListableBeanFactory     : Autowiring by type from bean name 'org.springframework.boot.autoconfigure.web.servlet.WebMvcAutoConfiguration$WebMvcAutoConfigurationAdapter' via constructor to bean named 'spring.mvc-org.springframework.boot.autoconfigure.web.servlet.WebMvcProperties'
2025-09-06T19:56:42.819+05:30 DEBUG 21568 --- [CMS] [           main] o.s.b.f.s.DefaultListableBeanFactory     : Autowiring by type from bean name 'org.springframework.boot.autoconfigure.web.servlet.WebMvcAutoConfiguration$WebMvcAutoConfigurationAdapter' via constructor to bean named 'org.springframework.beans.factory.support.DefaultListableBeanFactory@30e92cb9'
2025-09-06T19:56:42.822+05:30 DEBUG 21568 --- [CMS] [           main] o.s.b.f.s.DefaultListableBeanFactory     : Creating shared instance of singleton bean 'openEntityManagerInViewInterceptorConfigurer'
2025-09-06T19:56:42.823+05:30 DEBUG 21568 --- [CMS] [           main] o.s.b.f.s.DefaultListableBeanFactory     : Creating shared instance of singleton bean 'org.springframework.boot.autoconfigure.orm.jpa.JpaBaseConfiguration$JpaWebConfiguration'
2025-09-06T19:56:42.823+05:30 DEBUG 21568 --- [CMS] [           main] o.s.b.f.s.DefaultListableBeanFactory     : Autowiring by type from bean name 'org.springframework.boot.autoconfigure.orm.jpa.JpaBaseConfiguration$JpaWebConfiguration' via constructor to bean named 'spring.jpa-org.springframework.boot.autoconfigure.orm.jpa.JpaProperties'
2025-09-06T19:56:42.824+05:30 DEBUG 21568 --- [CMS] [           main] o.s.b.f.s.DefaultListableBeanFactory     : Creating shared instance of singleton bean 'openEntityManagerInViewInterceptor'
2025-09-06T19:56:42.824+05:30  WARN 21568 --- [CMS] [           main] JpaBaseConfiguration$JpaWebConfiguration : spring.jpa.open-in-view is enabled by default. Therefore, database queries may be performed during view rendering. Explicitly configure spring.jpa.open-in-view to disable this warning
2025-09-06T19:56:42.833+05:30 DEBUG 21568 --- [CMS] [           main] o.s.b.f.s.DefaultListableBeanFactory     : Autowiring by type from bean name 'openEntityManagerInViewInterceptorConfigurer' via factory method to bean named 'openEntityManagerInViewInterceptor'
2025-09-06T19:56:42.834+05:30 DEBUG 21568 --- [CMS] [           main] o.s.b.f.s.DefaultListableBeanFactory     : Creating shared instance of singleton bean 'org.springframework.data.web.config.SpringDataWebConfiguration'
2025-09-06T19:56:42.836+05:30 DEBUG 21568 --- [CMS] [           main] o.s.b.f.s.DefaultListableBeanFactory     : Autowiring by type from bean name 'org.springframework.data.web.config.SpringDataWebConfiguration' via constructor to bean named 'org.springframework.web.context.support.GenericWebApplicationContext@74d7184a'
2025-09-06T19:56:42.923+05:30 DEBUG 21568 --- [CMS] [           main] o.s.b.f.s.DefaultListableBeanFactory     : Creating shared instance of singleton bean 'mvcHandlerMappingIntrospectorRequestTransformer'
2025-09-06T19:56:42.924+05:30 DEBUG 21568 --- [CMS] [           main] o.s.b.f.s.DefaultListableBeanFactory     : Creating shared instance of singleton bean 'mvcHandlerMappingIntrospector'
2025-09-06T19:56:42.930+05:30 DEBUG 21568 --- [CMS] [           main] o.s.b.f.s.DefaultListableBeanFactory     : Creating shared instance of singleton bean 'welcomePageHandlerMapping'
2025-09-06T19:56:42.931+05:30 DEBUG 21568 --- [CMS] [           main] o.s.b.f.s.DefaultListableBeanFactory     : Creating shared instance of singleton bean 'mvcConversionService'
2025-09-06T19:56:42.944+05:30 DEBUG 21568 --- [CMS] [           main] o.s.b.f.s.DefaultListableBeanFactory     : Creating shared instance of singleton bean 'mvcResourceUrlProvider'
2025-09-06T19:56:42.945+05:30 DEBUG 21568 --- [CMS] [           main] o.s.b.f.s.DefaultListableBeanFactory     : Autowiring by type from bean name 'welcomePageHandlerMapping' via factory method to bean named 'org.springframework.web.context.support.GenericWebApplicationContext@74d7184a'
2025-09-06T19:56:42.946+05:30 DEBUG 21568 --- [CMS] [           main] o.s.b.f.s.DefaultListableBeanFactory     : Autowiring by type from bean name 'welcomePageHandlerMapping' via factory method to bean named 'mvcConversionService'
2025-09-06T19:56:42.946+05:30 DEBUG 21568 --- [CMS] [           main] o.s.b.f.s.DefaultListableBeanFactory     : Autowiring by type from bean name 'welcomePageHandlerMapping' via factory method to bean named 'mvcResourceUrlProvider'
2025-09-06T19:56:42.961+05:30 DEBUG 21568 --- [CMS] [           main] o.s.b.f.s.DefaultListableBeanFactory     : Creating shared instance of singleton bean 'welcomePageNotAcceptableHandlerMapping'
2025-09-06T19:56:42.961+05:30 DEBUG 21568 --- [CMS] [           main] o.s.b.f.s.DefaultListableBeanFactory     : Autowiring by type from bean name 'welcomePageNotAcceptableHandlerMapping' via factory method to bean named 'org.springframework.web.context.support.GenericWebApplicationContext@74d7184a'
2025-09-06T19:56:42.962+05:30 DEBUG 21568 --- [CMS] [           main] o.s.b.f.s.DefaultListableBeanFactory     : Autowiring by type from bean name 'welcomePageNotAcceptableHandlerMapping' via factory method to bean named 'mvcConversionService'
2025-09-06T19:56:42.962+05:30 DEBUG 21568 --- [CMS] [           main] o.s.b.f.s.DefaultListableBeanFactory     : Autowiring by type from bean name 'welcomePageNotAcceptableHandlerMapping' via factory method to bean named 'mvcResourceUrlProvider'
2025-09-06T19:56:42.967+05:30 DEBUG 21568 --- [CMS] [           main] o.s.b.f.s.DefaultListableBeanFactory     : Creating shared instance of singleton bean 'requestMappingHandlerMapping'
2025-09-06T19:56:42.969+05:30 DEBUG 21568 --- [CMS] [           main] o.s.b.f.s.DefaultListableBeanFactory     : Autowiring by type from bean name 'requestMappingHandlerMapping' via factory method to bean named 'mvcContentNegotiationManager'
2025-09-06T19:56:42.969+05:30 DEBUG 21568 --- [CMS] [           main] o.s.b.f.s.DefaultListableBeanFactory     : Autowiring by type from bean name 'requestMappingHandlerMapping' via factory method to bean named 'mvcConversionService'
2025-09-06T19:56:42.969+05:30 DEBUG 21568 --- [CMS] [           main] o.s.b.f.s.DefaultListableBeanFactory     : Autowiring by type from bean name 'requestMappingHandlerMapping' via factory method to bean named 'mvcResourceUrlProvider'
2025-09-06T19:56:43.020+05:30 DEBUG 21568 --- [CMS] [           main] s.w.s.m.m.a.RequestMappingHandlerMapping : 22 mappings in 'requestMappingHandlerMapping'
2025-09-06T19:56:43.022+05:30 DEBUG 21568 --- [CMS] [           main] o.s.b.f.s.DefaultListableBeanFactory     : Creating shared instance of singleton bean 'viewControllerHandlerMapping'
2025-09-06T19:56:43.023+05:30 DEBUG 21568 --- [CMS] [           main] o.s.b.f.s.DefaultListableBeanFactory     : Autowiring by type from bean name 'viewControllerHandlerMapping' via factory method to bean named 'mvcConversionService'
2025-09-06T19:56:43.023+05:30 DEBUG 21568 --- [CMS] [           main] o.s.b.f.s.DefaultListableBeanFactory     : Autowiring by type from bean name 'viewControllerHandlerMapping' via factory method to bean named 'mvcResourceUrlProvider'
2025-09-06T19:56:43.024+05:30 DEBUG 21568 --- [CMS] [           main] o.s.b.f.s.DefaultListableBeanFactory     : Creating shared instance of singleton bean 'beanNameHandlerMapping'
2025-09-06T19:56:43.024+05:30 DEBUG 21568 --- [CMS] [           main] o.s.b.f.s.DefaultListableBeanFactory     : Autowiring by type from bean name 'beanNameHandlerMapping' via factory method to bean named 'mvcConversionService'
2025-09-06T19:56:43.024+05:30 DEBUG 21568 --- [CMS] [           main] o.s.b.f.s.DefaultListableBeanFactory     : Autowiring by type from bean name 'beanNameHandlerMapping' via factory method to bean named 'mvcResourceUrlProvider'
2025-09-06T19:56:43.027+05:30 DEBUG 21568 --- [CMS] [           main] o.s.b.f.s.DefaultListableBeanFactory     : Creating shared instance of singleton bean 'routerFunctionMapping'
2025-09-06T19:56:43.027+05:30 DEBUG 21568 --- [CMS] [           main] o.s.b.f.s.DefaultListableBeanFactory     : Autowiring by type from bean name 'routerFunctionMapping' via factory method to bean named 'mvcConversionService'
2025-09-06T19:56:43.027+05:30 DEBUG 21568 --- [CMS] [           main] o.s.b.f.s.DefaultListableBeanFactory     : Autowiring by type from bean name 'routerFunctionMapping' via factory method to bean named 'mvcResourceUrlProvider'
2025-09-06T19:56:43.029+05:30 DEBUG 21568 --- [CMS] [           main] o.s.b.f.s.DefaultListableBeanFactory     : Creating shared instance of singleton bean 'messageConverters'
2025-09-06T19:56:43.029+05:30 DEBUG 21568 --- [CMS] [           main] o.s.b.f.s.DefaultListableBeanFactory     : Creating shared instance of singleton bean 'org.springframework.boot.autoconfigure.http.HttpMessageConvertersAutoConfiguration'
2025-09-06T19:56:43.034+05:30 DEBUG 21568 --- [CMS] [           main] o.s.b.f.s.DefaultListableBeanFactory     : Creating shared instance of singleton bean 'stringHttpMessageConverter'
2025-09-06T19:56:43.034+05:30 DEBUG 21568 --- [CMS] [           main] o.s.b.f.s.DefaultListableBeanFactory     : Creating shared instance of singleton bean 'org.springframework.boot.autoconfigure.http.HttpMessageConvertersAutoConfiguration$StringHttpMessageConverterConfiguration'
2025-09-06T19:56:43.035+05:30 DEBUG 21568 --- [CMS] [           main] o.s.b.f.s.DefaultListableBeanFactory     : Autowiring by type from bean name 'stringHttpMessageConverter' via factory method to bean named 'environment'
2025-09-06T19:56:43.040+05:30 DEBUG 21568 --- [CMS] [           main] o.s.b.f.s.DefaultListableBeanFactory     : Creating shared instance of singleton bean 'mappingJackson2HttpMessageConverter'
2025-09-06T19:56:43.040+05:30 DEBUG 21568 --- [CMS] [           main] o.s.b.f.s.DefaultListableBeanFactory     : Creating shared instance of singleton bean 'org.springframework.boot.autoconfigure.http.JacksonHttpMessageConvertersConfiguration$MappingJackson2HttpMessageConverterConfiguration'
2025-09-06T19:56:43.041+05:30 DEBUG 21568 --- [CMS] [           main] o.s.b.f.s.DefaultListableBeanFactory     : Creating shared instance of singleton bean 'jacksonObjectMapper'
2025-09-06T19:56:43.041+05:30 DEBUG 21568 --- [CMS] [           main] o.s.b.f.s.DefaultListableBeanFactory     : Creating shared instance of singleton bean 'org.springframework.boot.autoconfigure.jackson.JacksonAutoConfiguration$JacksonObjectMapperConfiguration'
2025-09-06T19:56:43.042+05:30 DEBUG 21568 --- [CMS] [           main] o.s.b.f.s.DefaultListableBeanFactory     : Creating shared instance of singleton bean 'org.springframework.boot.autoconfigure.jackson.JacksonAutoConfiguration$JacksonObjectMapperBuilderConfiguration'
2025-09-06T19:56:43.042+05:30 DEBUG 21568 --- [CMS] [           main] o.s.b.f.s.DefaultListableBeanFactory     : Creating shared instance of singleton bean 'standardJacksonObjectMapperBuilderCustomizer'
2025-09-06T19:56:43.042+05:30 DEBUG 21568 --- [CMS] [           main] o.s.b.f.s.DefaultListableBeanFactory     : Creating shared instance of singleton bean 'org.springframework.boot.autoconfigure.jackson.JacksonAutoConfiguration$Jackson2ObjectMapperBuilderCustomizerConfiguration'
2025-09-06T19:56:43.043+05:30 DEBUG 21568 --- [CMS] [           main] o.s.b.f.s.DefaultListableBeanFactory     : Creating shared instance of singleton bean 'spring.jackson-org.springframework.boot.autoconfigure.jackson.JacksonProperties'
2025-09-06T19:56:43.046+05:30 DEBUG 21568 --- [CMS] [           main] o.s.b.f.s.DefaultListableBeanFactory     : Autowiring by type from bean name 'standardJacksonObjectMapperBuilderCustomizer' via factory method to bean named 'spring.jackson-org.springframework.boot.autoconfigure.jackson.JacksonProperties'
2025-09-06T19:56:43.047+05:30 DEBUG 21568 --- [CMS] [           main] o.s.b.f.s.DefaultListableBeanFactory     : Creating shared instance of singleton bean 'parameterNamesModule'
2025-09-06T19:56:43.047+05:30 DEBUG 21568 --- [CMS] [           main] o.s.b.f.s.DefaultListableBeanFactory     : Creating shared instance of singleton bean 'org.springframework.boot.autoconfigure.jackson.JacksonAutoConfiguration$ParameterNamesModuleConfiguration'
2025-09-06T19:56:43.055+05:30 DEBUG 21568 --- [CMS] [           main] o.s.b.f.s.DefaultListableBeanFactory     : Creating shared instance of singleton bean 'jsonMixinModule'
2025-09-06T19:56:43.055+05:30 DEBUG 21568 --- [CMS] [           main] o.s.b.f.s.DefaultListableBeanFactory     : Creating shared instance of singleton bean 'org.springframework.boot.autoconfigure.jackson.JacksonAutoConfiguration$JacksonMixinConfiguration'
2025-09-06T19:56:43.056+05:30 DEBUG 21568 --- [CMS] [           main] o.s.b.f.s.DefaultListableBeanFactory     : Creating shared instance of singleton bean 'jsonMixinModuleEntries'
2025-09-06T19:56:43.056+05:30 DEBUG 21568 --- [CMS] [           main] o.s.b.f.s.DefaultListableBeanFactory     : Autowiring by type from bean name 'jsonMixinModuleEntries' via factory method to bean named 'org.springframework.web.context.support.GenericWebApplicationContext@74d7184a'
2025-09-06T19:56:43.065+05:30 DEBUG 21568 --- [CMS] [           main] o.s.b.f.s.DefaultListableBeanFactory     : Autowiring by type from bean name 'jsonMixinModule' via factory method to bean named 'org.springframework.web.context.support.GenericWebApplicationContext@74d7184a'
2025-09-06T19:56:43.065+05:30 DEBUG 21568 --- [CMS] [           main] o.s.b.f.s.DefaultListableBeanFactory     : Autowiring by type from bean name 'jsonMixinModule' via factory method to bean named 'jsonMixinModuleEntries'
2025-09-06T19:56:43.068+05:30 DEBUG 21568 --- [CMS] [           main] o.s.b.f.s.DefaultListableBeanFactory     : Creating shared instance of singleton bean 'jsonComponentModule'
2025-09-06T19:56:43.069+05:30 DEBUG 21568 --- [CMS] [           main] o.s.b.f.s.DefaultListableBeanFactory     : Creating shared instance of singleton bean 'org.springframework.boot.autoconfigure.jackson.JacksonAutoConfiguration'
2025-09-06T19:56:43.073+05:30 DEBUG 21568 --- [CMS] [           main] o.s.b.f.s.DefaultListableBeanFactory     : Creating shared instance of singleton bean 'jacksonGeoModule'
2025-09-06T19:56:43.073+05:30 DEBUG 21568 --- [CMS] [           main] o.s.b.f.s.DefaultListableBeanFactory     : Creating shared instance of singleton bean 'org.springframework.data.web.config.SpringDataJacksonConfiguration'
2025-09-06T19:56:43.074+05:30 DEBUG 21568 --- [CMS] [           main] o.s.b.f.s.DefaultListableBeanFactory     : Creating shared instance of singleton bean 'org.springframework.data.web.config.SpringDataWebSettings'
2025-09-06T19:56:43.082+05:30 DEBUG 21568 --- [CMS] [           main] o.s.b.f.s.DefaultListableBeanFactory     : Creating shared instance of singleton bean 'pageModule'
2025-09-06T19:56:43.091+05:30 DEBUG 21568 --- [CMS] [           main] o.s.b.f.s.DefaultListableBeanFactory     : Autowiring by type from bean name 'jacksonObjectMapperBuilder' via factory method to bean named 'org.springframework.web.context.support.GenericWebApplicationContext@74d7184a'
2025-09-06T19:56:43.091+05:30 DEBUG 21568 --- [CMS] [           main] o.s.b.f.s.DefaultListableBeanFactory     : Autowiring by type from bean name 'jacksonObjectMapperBuilder' via factory method to bean named 'standardJacksonObjectMapperBuilderCustomizer'
2025-09-06T19:56:43.094+05:30 DEBUG 21568 --- [CMS] [           main] o.s.b.f.s.DefaultListableBeanFactory     : Autowiring by type from bean name 'jacksonObjectMapper' via factory method to bean named 'jacksonObjectMapperBuilder'
2025-09-06T19:56:43.109+05:30 DEBUG 21568 --- [CMS] [           main] o.s.b.f.s.DefaultListableBeanFactory     : Autowiring by type from bean name 'mappingJackson2HttpMessageConverter' via factory method to bean named 'jacksonObjectMapper'
2025-09-06T19:56:43.151+05:30 DEBUG 21568 --- [CMS] [           main] o.s.b.f.s.DefaultListableBeanFactory     : Creating shared instance of singleton bean 'resourceHandlerMapping'
2025-09-06T19:56:43.151+05:30 DEBUG 21568 --- [CMS] [           main] o.s.b.f.s.DefaultListableBeanFactory     : Autowiring by type from bean name 'resourceHandlerMapping' via factory method to bean named 'mvcContentNegotiationManager'
2025-09-06T19:56:43.151+05:30 DEBUG 21568 --- [CMS] [           main] o.s.b.f.s.DefaultListableBeanFactory     : Autowiring by type from bean name 'resourceHandlerMapping' via factory method to bean named 'mvcConversionService'
2025-09-06T19:56:43.151+05:30 DEBUG 21568 --- [CMS] [           main] o.s.b.f.s.DefaultListableBeanFactory     : Autowiring by type from bean name 'resourceHandlerMapping' via factory method to bean named 'mvcResourceUrlProvider'
2025-09-06T19:56:43.161+05:30 DEBUG 21568 --- [CMS] [           main] o.s.w.s.handler.SimpleUrlHandlerMapping  : Patterns [/webjars/**, /**] in 'resourceHandlerMapping'
2025-09-06T19:56:43.162+05:30 DEBUG 21568 --- [CMS] [           main] o.s.b.f.s.DefaultListableBeanFactory     : Creating shared instance of singleton bean 'defaultServletHandlerMapping'
2025-09-06T19:56:43.169+05:30 DEBUG 21568 --- [CMS] [           main] o.s.b.f.s.DefaultListableBeanFactory     : Creating shared instance of singleton bean 'securityFilterChain'
2025-09-06T19:56:43.170+05:30 DEBUG 21568 --- [CMS] [           main] o.s.b.f.s.DefaultListableBeanFactory     : Autowiring by type from bean name 'securityFilterChain' via factory method to bean named 'org.springframework.security.config.annotation.web.configuration.HttpSecurityConfiguration.httpSecurity'
2025-09-06T19:56:43.170+05:30 DEBUG 21568 --- [CMS] [           main] o.s.b.f.s.DefaultListableBeanFactory     : Creating shared instance of singleton bean 'corsConfigurationSource'
2025-09-06T19:56:43.188+05:30 DEBUG 21568 --- [CMS] [           main] o.s.b.f.s.DefaultListableBeanFactory     : Creating shared instance of singleton bean 'jwtAuthenticationFilter'
2025-09-06T19:56:43.231+05:30  INFO 21568 --- [CMS] [           main] o.s.s.web.DefaultSecurityFilterChain     : Will secure any request with [org.springframework.security.web.session.DisableEncodeUrlFilter@55fb9e52, org.springframework.security.web.context.request.async.WebAsyncManagerIntegrationFilter@4c617143, org.springframework.security.web.context.SecurityContextHolderFilter@394e0104, org.springframework.security.web.header.HeaderWriterFilter@915c47b, org.springframework.web.filter.CorsFilter@76cf849f, org.springframework.security.web.authentication.logout.LogoutFilter@35fd987b, com.example.cms.security.JwtAuthenticationFilter@47e02a89, org.springframework.security.web.savedrequest.RequestCacheAwareFilter@2aea7775, org.springframework.security.web.servletapi.SecurityContextHolderAwareRequestFilter@d35d84a, org.springframework.security.web.authentication.AnonymousAuthenticationFilter@62a89e92, org.springframework.security.web.access.ExceptionTranslationFilter@2a742ee4, org.springframework.security.web.access.intercept.AuthorizationFilter@3435b6d8]
2025-09-06T19:56:43.234+05:30 DEBUG 21568 --- [CMS] [           main] o.s.b.f.s.DefaultListableBeanFactory     : Creating shared instance of singleton bean 'delegatingApplicationListener'
2025-09-06T19:56:43.234+05:30 DEBUG 21568 --- [CMS] [           main] o.s.b.f.s.DefaultListableBeanFactory     : Creating shared instance of singleton bean 'springSecurityFilterChain'
2025-09-06T19:56:43.268+05:30 DEBUG 21568 --- [CMS] [           main] o.s.b.f.s.DefaultListableBeanFactory     : Creating shared instance of singleton bean 'webSecurityExpressionHandler'
2025-09-06T19:56:43.269+05:30 DEBUG 21568 --- [CMS] [           main] o.s.b.f.s.DefaultListableBeanFactory     : Creating shared instance of singleton bean 'privilegeEvaluator'
2025-09-06T19:56:43.270+05:30 DEBUG 21568 --- [CMS] [           main] o.s.b.f.s.DefaultListableBeanFactory     : Creating shared instance of singleton bean 'requestDataValueProcessor'
2025-09-06T19:56:43.271+05:30 DEBUG 21568 --- [CMS] [           main] o.s.b.f.s.DefaultListableBeanFactory     : Creating shared instance of singleton bean 'org.springframework.boot.autoconfigure.context.PropertyPlaceholderAutoConfiguration'
2025-09-06T19:56:43.271+05:30 DEBUG 21568 --- [CMS] [           main] o.s.b.f.s.DefaultListableBeanFactory     : Creating shared instance of singleton bean 'org.springframework.boot.autoconfigure.ssl.SslAutoConfiguration'
2025-09-06T19:56:43.272+05:30 DEBUG 21568 --- [CMS] [           main] o.s.b.f.s.DefaultListableBeanFactory     : Creating shared instance of singleton bean 'spring.ssl-org.springframework.boot.autoconfigure.ssl.SslProperties'
2025-09-06T19:56:43.274+05:30 DEBUG 21568 --- [CMS] [           main] o.s.b.f.s.DefaultListableBeanFactory     : Autowiring by type from bean name 'org.springframework.boot.autoconfigure.ssl.SslAutoConfiguration' via constructor to bean named 'spring.ssl-org.springframework.boot.autoconfigure.ssl.SslProperties'
2025-09-06T19:56:43.274+05:30 DEBUG 21568 --- [CMS] [           main] o.s.b.f.s.DefaultListableBeanFactory     : Creating shared instance of singleton bean 'fileWatcher'
2025-09-06T19:56:43.276+05:30 DEBUG 21568 --- [CMS] [           main] o.s.b.f.s.DefaultListableBeanFactory     : Creating shared instance of singleton bean 'sslPropertiesSslBundleRegistrar'
2025-09-06T19:56:43.277+05:30 DEBUG 21568 --- [CMS] [           main] o.s.b.f.s.DefaultListableBeanFactory     : Autowiring by type from bean name 'sslPropertiesSslBundleRegistrar' via factory method to bean named 'fileWatcher'
2025-09-06T19:56:43.278+05:30 DEBUG 21568 --- [CMS] [           main] o.s.b.f.s.DefaultListableBeanFactory     : Creating shared instance of singleton bean 'sslBundleRegistry'
2025-09-06T19:56:43.284+05:30 DEBUG 21568 --- [CMS] [           main] o.s.b.f.s.DefaultListableBeanFactory     : Creating shared instance of singleton bean 'org.springframework.boot.autoconfigure.websocket.servlet.WebSocketServletAutoConfiguration$TomcatWebSocketConfiguration'
2025-09-06T19:56:43.285+05:30 DEBUG 21568 --- [CMS] [           main] o.s.b.f.s.DefaultListableBeanFactory     : Creating shared instance of singleton bean 'websocketServletWebServerCustomizer'
2025-09-06T19:56:43.286+05:30 DEBUG 21568 --- [CMS] [           main] o.s.b.f.s.DefaultListableBeanFactory     : Creating shared instance of singleton bean 'org.springframework.boot.autoconfigure.websocket.servlet.WebSocketServletAutoConfiguration'
2025-09-06T19:56:43.287+05:30 DEBUG 21568 --- [CMS] [           main] o.s.b.f.s.DefaultListableBeanFactory     : Creating shared instance of singleton bean 'org.springframework.boot.autoconfigure.web.servlet.ServletWebServerFactoryConfiguration$EmbeddedTomcat'
2025-09-06T19:56:43.287+05:30 DEBUG 21568 --- [CMS] [           main] o.s.b.f.s.DefaultListableBeanFactory     : Creating shared instance of singleton bean 'tomcatServletWebServerFactory'
2025-09-06T19:56:43.322+05:30 DEBUG 21568 --- [CMS] [           main] o.s.b.f.s.DefaultListableBeanFactory     : Creating shared instance of singleton bean 'servletWebServerFactoryCustomizer'
2025-09-06T19:56:43.322+05:30 DEBUG 21568 --- [CMS] [           main] o.s.b.f.s.DefaultListableBeanFactory     : Creating shared instance of singleton bean 'org.springframework.boot.autoconfigure.web.servlet.ServletWebServerFactoryAutoConfiguration'
2025-09-06T19:56:43.323+05:30 DEBUG 21568 --- [CMS] [           main] o.s.b.f.s.DefaultListableBeanFactory     : Creating shared instance of singleton bean 'server-org.springframework.boot.autoconfigure.web.ServerProperties'
2025-09-06T19:56:43.334+05:30 DEBUG 21568 --- [CMS] [           main] o.s.b.f.s.DefaultListableBeanFactory     : Autowiring by type from bean name 'servletWebServerFactoryCustomizer' via factory method to bean named 'server-org.springframework.boot.autoconfigure.web.ServerProperties'
2025-09-06T19:56:43.338+05:30 DEBUG 21568 --- [CMS] [           main] o.s.b.f.s.DefaultListableBeanFactory     : Creating shared instance of singleton bean 'tomcatServletWebServerFactoryCustomizer'
2025-09-06T19:56:43.339+05:30 DEBUG 21568 --- [CMS] [           main] o.s.b.f.s.DefaultListableBeanFactory     : Autowiring by type from bean name 'tomcatServletWebServerFactoryCustomizer' via factory method to bean named 'server-org.springframework.boot.autoconfigure.web.ServerProperties'
2025-09-06T19:56:43.339+05:30 DEBUG 21568 --- [CMS] [           main] o.s.b.f.s.DefaultListableBeanFactory     : Creating shared instance of singleton bean 'localeCharsetMappingsCustomizer'
2025-09-06T19:56:43.339+05:30 DEBUG 21568 --- [CMS] [           main] o.s.b.f.s.DefaultListableBeanFactory     : Creating shared instance of singleton bean 'org.springframework.boot.autoconfigure.web.servlet.HttpEncodingAutoConfiguration'
2025-09-06T19:56:43.339+05:30 DEBUG 21568 --- [CMS] [           main] o.s.b.f.s.DefaultListableBeanFactory     : Autowiring by type from bean name 'org.springframework.boot.autoconfigure.web.servlet.HttpEncodingAutoConfiguration' via constructor to bean named 'server-org.springframework.boot.autoconfigure.web.ServerProperties'
2025-09-06T19:56:43.354+05:30 DEBUG 21568 --- [CMS] [           main] o.s.b.f.s.DefaultListableBeanFactory     : Creating shared instance of singleton bean 'errorPageCustomizer'
2025-09-06T19:56:43.354+05:30 DEBUG 21568 --- [CMS] [           main] o.s.b.f.s.DefaultListableBeanFactory     : Creating shared instance of singleton bean 'org.springframework.boot.autoconfigure.web.servlet.error.ErrorMvcAutoConfiguration'
2025-09-06T19:56:43.354+05:30 DEBUG 21568 --- [CMS] [           main] o.s.b.f.s.DefaultListableBeanFactory     : Autowiring by type from bean name 'org.springframework.boot.autoconfigure.web.servlet.error.ErrorMvcAutoConfiguration' via constructor to bean named 'server-org.springframework.boot.autoconfigure.web.ServerProperties'
2025-09-06T19:56:43.355+05:30 DEBUG 21568 --- [CMS] [           main] o.s.b.f.s.DefaultListableBeanFactory     : Creating shared instance of singleton bean 'dispatcherServletRegistration'
2025-09-06T19:56:43.355+05:30 DEBUG 21568 --- [CMS] [           main] o.s.b.f.s.DefaultListableBeanFactory     : Creating shared instance of singleton bean 'org.springframework.boot.autoconfigure.web.servlet.DispatcherServletAutoConfiguration$DispatcherServletRegistrationConfiguration'
2025-09-06T19:56:43.356+05:30 DEBUG 21568 --- [CMS] [           main] o.s.b.f.s.DefaultListableBeanFactory     : Creating shared instance of singleton bean 'dispatcherServlet'
2025-09-06T19:56:43.356+05:30 DEBUG 21568 --- [CMS] [           main] o.s.b.f.s.DefaultListableBeanFactory     : Creating shared instance of singleton bean 'org.springframework.boot.autoconfigure.web.servlet.DispatcherServletAutoConfiguration$DispatcherServletConfiguration'
2025-09-06T19:56:43.357+05:30 DEBUG 21568 --- [CMS] [           main] o.s.b.f.s.DefaultListableBeanFactory     : Autowiring by type from bean name 'dispatcherServlet' via factory method to bean named 'spring.mvc-org.springframework.boot.autoconfigure.web.servlet.WebMvcProperties'
2025-09-06T19:56:43.364+05:30 DEBUG 21568 --- [CMS] [           main] o.s.b.f.s.DefaultListableBeanFactory     : Autowiring by type from bean name 'dispatcherServletRegistration' via factory method to bean named 'dispatcherServlet'
2025-09-06T19:56:43.365+05:30 DEBUG 21568 --- [CMS] [           main] o.s.b.f.s.DefaultListableBeanFactory     : Autowiring by type from bean name 'dispatcherServletRegistration' via factory method to bean named 'spring.mvc-org.springframework.boot.autoconfigure.web.servlet.WebMvcProperties'
2025-09-06T19:56:43.367+05:30 DEBUG 21568 --- [CMS] [           main] o.s.b.f.s.DefaultListableBeanFactory     : Creating shared instance of singleton bean 'multipartConfigElement'
2025-09-06T19:56:43.367+05:30 DEBUG 21568 --- [CMS] [           main] o.s.b.f.s.DefaultListableBeanFactory     : Creating shared instance of singleton bean 'org.springframework.boot.autoconfigure.web.servlet.MultipartAutoConfiguration'
2025-09-06T19:56:43.367+05:30 DEBUG 21568 --- [CMS] [           main] o.s.b.f.s.DefaultListableBeanFactory     : Creating shared instance of singleton bean 'spring.servlet.multipart-org.springframework.boot.autoconfigure.web.servlet.MultipartProperties'
2025-09-06T19:56:43.371+05:30 DEBUG 21568 --- [CMS] [           main] o.s.b.f.s.DefaultListableBeanFactory     : Autowiring by type from bean name 'org.springframework.boot.autoconfigure.web.servlet.MultipartAutoConfiguration' via constructor to bean named 'spring.servlet.multipart-org.springframework.boot.autoconfigure.web.servlet.MultipartProperties'
2025-09-06T19:56:43.378+05:30 DEBUG 21568 --- [CMS] [           main] o.s.b.f.s.DefaultListableBeanFactory     : Autowiring by type from bean name 'errorPageCustomizer' via factory method to bean named 'dispatcherServletRegistration'
2025-09-06T19:56:43.381+05:30 DEBUG 21568 --- [CMS] [           main] o.s.b.f.s.DefaultListableBeanFactory     : Creating shared instance of singleton bean 'org.springframework.boot.autoconfigure.web.servlet.DispatcherServletAutoConfiguration'
2025-09-06T19:56:43.381+05:30 DEBUG 21568 --- [CMS] [           main] o.s.b.f.s.DefaultListableBeanFactory     : Creating shared instance of singleton bean 'org.springframework.boot.autoconfigure.task.TaskExecutorConfigurations$ThreadPoolTaskExecutorBuilderConfiguration'
2025-09-06T19:56:43.381+05:30 DEBUG 21568 --- [CMS] [           main] o.s.b.f.s.DefaultListableBeanFactory     : Creating shared instance of singleton bean 'threadPoolTaskExecutorBuilder'
2025-09-06T19:56:43.382+05:30 DEBUG 21568 --- [CMS] [           main] o.s.b.f.s.DefaultListableBeanFactory     : Creating shared instance of singleton bean 'spring.task.execution-org.springframework.boot.autoconfigure.task.TaskExecutionProperties'
2025-09-06T19:56:43.384+05:30 DEBUG 21568 --- [CMS] [           main] o.s.b.f.s.DefaultListableBeanFactory     : Autowiring by type from bean name 'threadPoolTaskExecutorBuilder' via factory method to bean named 'spring.task.execution-org.springframework.boot.autoconfigure.task.TaskExecutionProperties'
2025-09-06T19:56:43.388+05:30 DEBUG 21568 --- [CMS] [           main] o.s.b.f.s.DefaultListableBeanFactory     : Creating shared instance of singleton bean 'org.springframework.boot.autoconfigure.task.TaskExecutorConfigurations$TaskExecutorBuilderConfiguration'
2025-09-06T19:56:43.388+05:30 DEBUG 21568 --- [CMS] [           main] o.s.b.f.s.DefaultListableBeanFactory     : Creating shared instance of singleton bean 'taskExecutorBuilder'
2025-09-06T19:56:43.389+05:30 DEBUG 21568 --- [CMS] [           main] o.s.b.f.s.DefaultListableBeanFactory     : Autowiring by type from bean name 'taskExecutorBuilder' via factory method to bean named 'spring.task.execution-org.springframework.boot.autoconfigure.task.TaskExecutionProperties'
2025-09-06T19:56:43.392+05:30 DEBUG 21568 --- [CMS] [           main] o.s.b.f.s.DefaultListableBeanFactory     : Creating shared instance of singleton bean 'org.springframework.boot.autoconfigure.task.TaskExecutorConfigurations$SimpleAsyncTaskExecutorBuilderConfiguration'
2025-09-06T19:56:43.392+05:30 DEBUG 21568 --- [CMS] [           main] o.s.b.f.s.DefaultListableBeanFactory     : Autowiring by type from bean name 'org.springframework.boot.autoconfigure.task.TaskExecutorConfigurations$SimpleAsyncTaskExecutorBuilderConfiguration' via constructor to bean named 'spring.task.execution-org.springframework.boot.autoconfigure.task.TaskExecutionProperties'
2025-09-06T19:56:43.394+05:30 DEBUG 21568 --- [CMS] [           main] o.s.b.f.s.DefaultListableBeanFactory     : Creating shared instance of singleton bean 'simpleAsyncTaskExecutorBuilder'
[...]
      Matched:
         - @ConditionalOnClass found required class 'org.springframework.security.authentication.ReactiveAuthenticationManager' (OnClassCondition)
         - AnyNestedCondition 1 matched 2 did not; NestedCondition on ReactiveUserDetailsServiceAutoConfiguration.MissingAlternativeOrUserPropertiesConfigured.PasswordConfigured @ConditionalOnProperty (spring.security.user.password) did not find property 'password'; NestedCondition on ReactiveUserDetailsServiceAutoConfiguration.MissingAlternativeOrUserPropertiesConfigured.NameConfigured @ConditionalOnProperty (spring.security.user.name) did not find property 'name'; NestedCondition on ReactiveUserDetailsServiceAutoConfiguration.MissingAlternativeOrUserPropertiesConfigured.MissingAlternative @ConditionalOnMissingClass did not find unwanted classes 'org.springframework.security.oauth2.client.registration.ClientRegistrationRepository', 'org.springframework.security.oauth2.server.resource.introspection.ReactiveOpaqueTokenIntrospector' (ReactiveUserDetailsServiceAutoConfiguration.MissingAlternativeOrUserPropertiesConfigured)

   ReactiveWebServerFactoryAutoConfiguration:
      Did not match:
         - @ConditionalOnWebApplication did not find reactive web application classes (OnWebApplicationCondition)

   ReactorAutoConfiguration:
      Did not match:
         - @ConditionalOnClass did not find required class 'reactor.core.publisher.Hooks' (OnClassCondition)

   RedisAutoConfiguration:
      Did not match:
         - @ConditionalOnClass did not find required class 'org.springframework.data.redis.core.RedisOperations' (OnClassCondition)

   RedisCacheConfiguration:
      Did not match:
         - @ConditionalOnClass did not find required class 'org.springframework.data.redis.connection.RedisConnectionFactory' (OnClassCondition)

   RedisReactiveAutoConfiguration:
      Did not match:
         - @ConditionalOnClass did not find required class 'reactor.core.publisher.Flux' (OnClassCondition)

   RedisRepositoriesAutoConfiguration:
      Did not match:
         - @ConditionalOnClass did not find required class 'org.springframework.data.redis.repository.configuration.EnableRedisRepositories' (OnClassCondition)

   RepositoryRestMvcAutoConfiguration:
      Did not match:
         - @ConditionalOnClass did not find required class 'org.springframework.data.rest.webmvc.config.RepositoryRestMvcConfiguration' (OnClassCondition)

   Saml2RelyingPartyAutoConfiguration:
      Did not match:
         - @ConditionalOnClass did not find required class 'org.springframework.security.saml2.provider.service.registration.RelyingPartyRegistrationRepository' (OnClassCondition)

   SecurityDataConfiguration:
      Did not match:
         - @ConditionalOnClass did not find required class 'org.springframework.security.data.repository.query.SecurityEvaluationContextExtension' (OnClassCondition)

   SendGridAutoConfiguration:
      Did not match:
         - @ConditionalOnClass did not find required class 'com.sendgrid.SendGrid' (OnClassCondition)

   ServletWebServerFactoryAutoConfiguration.ForwardedHeaderFilterConfiguration:
      Did not match:
         - @ConditionalOnProperty (server.forward-headers-strategy=framework) did not find property 'server.forward-headers-strategy' (OnPropertyCondition)

   ServletWebServerFactoryConfiguration.EmbeddedJetty:
      Did not match:
         - @ConditionalOnClass did not find required classes 'org.eclipse.jetty.server.Server', 'org.eclipse.jetty.util.Loader', 'org.eclipse.jetty.ee10.webapp.WebAppContext' (OnClassCondition)

   ServletWebServerFactoryConfiguration.EmbeddedUndertow:
      Did not match:
         - @ConditionalOnClass did not find required classes 'io.undertow.Undertow', 'org.xnio.SslClientAuthMode' (OnClassCondition)

   SessionAutoConfiguration:
      Did not match:
         - @ConditionalOnClass did not find required class 'org.springframework.session.Session' (OnClassCondition)

   SpringApplicationAdminJmxAutoConfiguration:
      Did not match:
         - @ConditionalOnProperty (spring.application.admin.enabled=true) did not find property 'enabled' (OnPropertyCondition)

   SpringBootWebSecurityConfiguration.SecurityFilterChainConfiguration:
      Did not match:
         - AllNestedConditions 1 matched 1 did not; NestedCondition on DefaultWebSecurityCondition.Beans @ConditionalOnMissingBean (types: org.springframework.security.web.SecurityFilterChain; SearchStrategy: all) found beans of type 'org.springframework.security.web.SecurityFilterChain' securityFilterChain; NestedCondition on DefaultWebSecurityCondition.Classes @ConditionalOnClass found required classes 'org.springframework.security.web.SecurityFilterChain', 'org.springframework.security.config.annotation.web.builders.HttpSecurity' (DefaultWebSecurityCondition)

   SpringBootWebSecurityConfiguration.WebSecurityEnablerConfiguration:
      Did not match:
         - @ConditionalOnMissingBean (names: springSecurityFilterChain; SearchStrategy: all) found beans named springSecurityFilterChain (OnBeanCondition)
      Matched:
         - @ConditionalOnClass found required class 'org.springframework.security.config.annotation.web.configuration.EnableWebSecurity' (OnClassCondition)

   TaskExecutorConfigurations.SimpleAsyncTaskExecutorBuilderConfiguration#simpleAsyncTaskExecutorBuilderVirtualThreads:
      Did not match:
         - @ConditionalOnMissingBean (types: org.springframework.boot.task.SimpleAsyncTaskExecutorBuilder; SearchStrategy: all) found beans of type 'org.springframework.boot.task.SimpleAsyncTaskExecutorBuilder' simpleAsyncTaskExecutorBuilder (OnBeanCondition)

   TaskExecutorConfigurations.TaskExecutorConfiguration#applicationTaskExecutorVirtualThreads:
      Did not match:
         - @ConditionalOnThreading did not find VIRTUAL (OnThreadingCondition)

   TaskSchedulingAutoConfiguration#scheduledBeanLazyInitializationExcludeFilter:
      Did not match:
         - @ConditionalOnBean (names: org.springframework.context.annotation.internalScheduledAnnotationProcessor; SearchStrategy: all) did not find any beans named org.springframework.context.annotation.internalScheduledAnnotationProcessor (OnBeanCondition)

   TaskSchedulingConfigurations.SimpleAsyncTaskSchedulerBuilderConfiguration#simpleAsyncTaskSchedulerBuilderVirtualThreads:
      Did not match:
         - @ConditionalOnMissingBean (types: org.springframework.boot.task.SimpleAsyncTaskSchedulerBuilder; SearchStrategy: all) found beans of type 'org.springframework.boot.task.SimpleAsyncTaskSchedulerBuilder' simpleAsyncTaskSchedulerBuilder (OnBeanCondition)

   TaskSchedulingConfigurations.TaskSchedulerConfiguration:
      Did not match:
         - @ConditionalOnBean (names: org.springframework.context.annotation.internalScheduledAnnotationProcessor; SearchStrategy: all) did not find any beans named org.springframework.context.annotation.internalScheduledAnnotationProcessor (OnBeanCondition)

   ThymeleafAutoConfiguration:
      Did not match:
         - @ConditionalOnClass did not find required class 'org.thymeleaf.spring6.SpringTemplateEngine' (OnClassCondition)

   TransactionAutoConfiguration#transactionalOperator:
      Did not match:
         - @ConditionalOnSingleCandidate (types: org.springframework.transaction.ReactiveTransactionManager; SearchStrategy: all) did not find any beans (OnBeanCondition)

   TransactionAutoConfiguration.AspectJTransactionManagementConfiguration:
      Did not match:
         - @ConditionalOnBean (types: org.springframework.transaction.aspectj.AbstractTransactionAspect; SearchStrategy: all) did not find any beans of type org.springframework.transaction.aspectj.AbstractTransactionAspect (OnBeanCondition)

   TransactionAutoConfiguration.EnableTransactionManagementConfiguration.JdkDynamicAutoProxyConfiguration:
      Did not match:
         - @ConditionalOnProperty (spring.aop.proxy-target-class=false) did not find property 'proxy-target-class' (OnPropertyCondition)

   UserDetailsServiceAutoConfiguration:
      Did not match:
         - @ConditionalOnMissingBean (types: org.springframework.security.authentication.AuthenticationManager,org.springframework.security.authentication.AuthenticationProvider,org.springframework.security.core.userdetails.UserDetailsService,org.springframework.security.authentication.AuthenticationManagerResolver,org.springframework.security.oauth2.jwt.JwtDecoder; SearchStrategy: all) found beans of type 'org.springframework.security.authentication.AuthenticationManager' authenticationManager and found beans of type 'org.springframework.security.core.userdetails.UserDetailsService' userDetailsService (OnBeanCondition)
      Matched:
         - @ConditionalOnClass found required class 'org.springframework.security.authentication.AuthenticationManager' (OnClassCondition)
         - AnyNestedCondition 1 matched 2 did not; NestedCondition on UserDetailsServiceAutoConfiguration.MissingAlternativeOrUserPropertiesConfigured.PasswordConfigured @ConditionalOnProperty (spring.security.user.password) did not find property 'password'; NestedCondition on UserDetailsServiceAutoConfiguration.MissingAlternativeOrUserPropertiesConfigured.NameConfigured @ConditionalOnProperty (spring.security.user.name) did not find property 'name'; NestedCondition on UserDetailsServiceAutoConfiguration.MissingAlternativeOrUserPropertiesConfigured.MissingAlternative @ConditionalOnMissingClass did not find unwanted classes 'org.springframework.security.oauth2.client.registration.ClientRegistrationRepository', 'org.springframework.security.oauth2.server.resource.introspection.OpaqueTokenIntrospector', 'org.springframework.security.saml2.provider.service.registration.RelyingPartyRegistrationRepository' (UserDetailsServiceAutoConfiguration.MissingAlternativeOrUserPropertiesConfigured)

   WebClientAutoConfiguration:
      Did not match:
         - @ConditionalOnClass did not find required class 'org.springframework.web.reactive.function.client.WebClient' (OnClassCondition)

   WebFluxAutoConfiguration:
      Did not match:
         - @ConditionalOnClass did not find required class 'org.springframework.web.reactive.config.WebFluxConfigurer' (OnClassCondition)

   WebMvcAutoConfiguration#hiddenHttpMethodFilter:
      Did not match:
         - @ConditionalOnProperty (spring.mvc.hiddenmethod.filter.enabled) did not find property 'enabled' (OnPropertyCondition)

   WebMvcAutoConfiguration.ProblemDetailsErrorHandlingConfiguration:
      Did not match:
         - @ConditionalOnProperty (spring.mvc.problemdetails.enabled=true) did not find property 'enabled' (OnPropertyCondition)

   WebMvcAutoConfiguration.ResourceChainCustomizerConfiguration:
      Did not match:
         - @ConditionalOnEnabledResourceChain did not find class org.webjars.WebJarAssetLocator (OnEnabledResourceChainCondition)

   WebMvcAutoConfiguration.WebMvcAutoConfigurationAdapter#beanNameViewResolver:
      Did not match:
         - @ConditionalOnMissingBean (types: org.springframework.web.servlet.view.BeanNameViewResolver; SearchStrategy: all) found beans of type 'org.springframework.web.servlet.view.BeanNameViewResolver' beanNameViewResolver (OnBeanCondition)

   WebServiceTemplateAutoConfiguration:
      Did not match:
         - @ConditionalOnClass did not find required class 'org.springframework.oxm.Marshaller' (OnClassCondition)

   WebServicesAutoConfiguration:
      Did not match:
         - @ConditionalOnClass did not find required class 'org.springframework.ws.transport.http.MessageDispatcherServlet' (OnClassCondition)

   WebSessionIdResolverAutoConfiguration:
      Did not match:
         - @ConditionalOnClass did not find required class 'reactor.core.publisher.Mono' (OnClassCondition)

   WebSocketMessagingAutoConfiguration:
      Did not match:
         - @ConditionalOnClass did not find required class 'org.springframework.web.socket.config.annotation.WebSocketMessageBrokerConfigurer' (OnClassCondition)

   WebSocketReactiveAutoConfiguration:
      Did not match:
         - @ConditionalOnWebApplication did not find reactive web application classes (OnWebApplicationCondition)

   WebSocketServletAutoConfiguration.JettyWebSocketConfiguration:
      Did not match:
         - @ConditionalOnClass did not find required class 'org.eclipse.jetty.ee10.websocket.jakarta.server.config.JakartaWebSocketServletContainerInitializer' (OnClassCondition)

   WebSocketServletAutoConfiguration.UndertowWebSocketConfiguration:
      Did not match:
         - @ConditionalOnClass did not find required class 'io.undertow.websockets.jsr.Bootstrap' (OnClassCondition)

   XADataSourceAutoConfiguration:
      Did not match:
         - @ConditionalOnBean (types: org.springframework.boot.jdbc.XADataSourceWrapper; SearchStrategy: all) did not find any beans of type org.springframework.boot.jdbc.XADataSourceWrapper (OnBeanCondition)
      Matched:
         - @ConditionalOnClass found required classes 'javax.sql.DataSource', 'jakarta.transaction.TransactionManager', 'org.springframework.jdbc.datasource.embedded.EmbeddedDatabaseType' (OnClassCondition)


Exclusions:
-----------

    None


Unconditional classes:
----------------------

    org.springframework.boot.autoconfigure.context.ConfigurationPropertiesAutoConfiguration

    org.springframework.boot.autoconfigure.ssl.SslAutoConfiguration

    org.springframework.boot.autoconfigure.context.LifecycleAutoConfiguration

    org.springframework.boot.autoconfigure.context.PropertyPlaceholderAutoConfiguration

    org.springframework.boot.autoconfigure.availability.ApplicationAvailabilityAutoConfiguration

    org.springframework.boot.autoconfigure.info.ProjectInfoAutoConfiguration



2025-09-06T19:56:43.676+05:30  INFO 21568 --- [CMS] [           main] com.example.cms.CmsApplicationTests      : Started CmsApplicationTests in 4.518 seconds (process running for 5.316)
2025-09-06T19:56:43.678+05:30 DEBUG 21568 --- [CMS] [           main] o.s.b.a.ApplicationAvailabilityBean      : Application availability state LivenessState changed to CORRECT
2025-09-06T19:56:43.682+05:30 DEBUG 21568 --- [CMS] [           main] o.s.b.a.ApplicationAvailabilityBean      : Application availability state ReadinessState changed to ACCEPTING_TRAFFIC
2025-09-06T19:56:43.687+05:30 DEBUG 21568 --- [CMS] [           main] org.springframework.test.context.cache   : Spring test ApplicationContext cache statistics: [DefaultContextCache@50d02417 size = 1, maxSize = 32, parentContextCount = 0, hitCount = 0, missCount = 1, failureCount = 0]
2025-09-06T19:56:43.687+05:30 DEBUG 21568 --- [CMS] [           main] o.s.t.c.w.ServletTestExecutionListener   : Setting up MockHttpServletRequest, MockHttpServletResponse, ServletWebRequest, and RequestContextHolder for test class com.example.cms.CmsApplicationTests
2025-09-06T19:56:43.703+05:30 DEBUG 21568 --- [CMS] [           main] DependencyInjectionTestExecutionListener : Performing dependency injection for test class com.example.cms.CmsApplicationTests
2025-09-06T19:56:43.703+05:30 DEBUG 21568 --- [CMS] [           main] org.springframework.test.context.cache   : Spring test ApplicationContext cache statistics: [DefaultContextCache@50d02417 size = 1, maxSize = 32, parentContextCount = 0, hitCount = 1, missCount = 1, failureCount = 0]
2025-09-06T19:56:43.704+05:30 DEBUG 21568 --- [CMS] [           main] org.springframework.test.context.cache   : Spring test ApplicationContext cache statistics: [DefaultContextCache@50d02417 size = 1, maxSize = 32, parentContextCount = 0, hitCount = 2, missCount = 1, failureCount = 0]
2025-09-06T19:56:43.707+05:30 DEBUG 21568 --- [CMS] [           main] sContextBeforeModesTestExecutionListener : Before test method: class [CmsApplicationTests], method [contextLoads], class annotated with @DirtiesContext [false] with mode [null], method annotated with @DirtiesContext [false] with mode [null]
2025-09-06T19:56:43.708+05:30 DEBUG 21568 --- [CMS] [           main] org.springframework.test.context.cache   : Spring test ApplicationContext cache statistics: [DefaultContextCache@50d02417 size = 1, maxSize = 32, parentContextCount = 0, hitCount = 3, missCount = 1, failureCount = 0]
2025-09-06T19:56:43.709+05:30 DEBUG 21568 --- [CMS] [           main] org.springframework.test.context.cache   : Spring test ApplicationContext cache statistics: [DefaultContextCache@50d02417 size = 1, maxSize = 32, parentContextCount = 0, hitCount = 4, missCount = 1, failureCount = 0]
2025-09-06T19:56:44.009+05:30 DEBUG 21568 --- [CMS] [           main] org.springframework.test.context.cache   : Spring test ApplicationContext cache statistics: [DefaultContextCache@50d02417 size = 1, maxSize = 32, parentContextCount = 0, hitCount = 5, missCount = 1, failureCount = 0]
2025-09-06T19:56:44.013+05:30 DEBUG 21568 --- [CMS] [           main] org.springframework.test.context.cache   : Spring test ApplicationContext cache statistics: [DefaultContextCache@50d02417 size = 1, maxSize = 32, parentContextCount = 0, hitCount = 6, missCount = 1, failureCount = 0]
2025-09-06T19:56:44.013+05:30 DEBUG 21568 --- [CMS] [           main] org.springframework.test.context.cache   : Spring test ApplicationContext cache statistics: [DefaultContextCache@50d02417 size = 1, maxSize = 32, parentContextCount = 0, hitCount = 7, missCount = 1, failureCount = 0]
2025-09-06T19:56:44.013+05:30 DEBUG 21568 --- [CMS] [           main] org.springframework.test.context.cache   : Spring test ApplicationContext cache statistics: [DefaultContextCache@50d02417 size = 1, maxSize = 32, parentContextCount = 0, hitCount = 8, missCount = 1, failureCount = 0]
2025-09-06T19:56:44.014+05:30 DEBUG 21568 --- [CMS] [           main] org.springframework.test.context.cache   : Spring test ApplicationContext cache statistics: [DefaultContextCache@50d02417 size = 1, maxSize = 32, parentContextCount = 0, hitCount = 9, missCount = 1, failureCount = 0]
2025-09-06T19:56:44.014+05:30 DEBUG 21568 --- [CMS] [           main] org.springframework.test.context.cache   : Spring test ApplicationContext cache statistics: [DefaultContextCache@50d02417 size = 1, maxSize = 32, parentContextCount = 0, hitCount = 10, missCount = 1, failureCount = 0]
2025-09-06T19:56:44.016+05:30 DEBUG 21568 --- [CMS] [           main] org.springframework.test.context.cache   : Spring test ApplicationContext cache statistics: [DefaultContextCache@50d02417 size = 1, maxSize = 32, parentContextCount = 0, hitCount = 11, missCount = 1, failureCount = 0]
2025-09-06T19:56:44.016+05:30 DEBUG 21568 --- [CMS] [           main] org.springframework.test.context.cache   : Spring test ApplicationContext cache statistics: [DefaultContextCache@50d02417 size = 1, maxSize = 32, parentContextCount = 0, hitCount = 12, missCount = 1, failureCount = 0]
2025-09-06T19:56:44.017+05:30 DEBUG 21568 --- [CMS] [           main] .c.s.DirtiesContextTestExecutionListener : After test method: class [CmsApplicationTests], method [contextLoads], class annotated with @DirtiesContext [false] with mode [null], method annotated with @DirtiesContext [false] with mode [null]
2025-09-06T19:56:44.017+05:30 DEBUG 21568 --- [CMS] [           main] o.s.t.c.w.ServletTestExecutionListener   : Resetting RequestContextHolder for test class com.example.cms.CmsApplicationTests
]]></system-out>
    <system-err><![CDATA[WARNING: A Java agent has been loaded dynamically (C:\Users\coriu\.m2\repository\net\bytebuddy\byte-buddy-agent\1.14.16\byte-buddy-agent-1.14.16.jar)
WARNING: If a serviceability tool is in use, please run with -XX:+EnableDynamicAgentLoading to hide this warning
WARNING: If a serviceability tool is not in use, please run with -Djdk.instrument.traceUsage for more information
WARNING: Dynamic loading of agents will be disallowed by default in a future release
]]></system-err>
  </testcase>
</testsuite>